Starting Persistent FlashBeam (Beam: 5000, Global Flash: 50)
Flash Words (top 5): ['a', 'b', 'ai', 'bi'] ...
Flash Scores: ['log(85)', 'log(7)', 'log(85)', 'log(7)']

Iteration 0: Frontier 5 (Avg Len 0.8), Expansion Pool 4
Iter 0 Complete: Best Score log(49) | Total Visited 17 | Time 0.0s
Flash Words (top 5): ['b', 'bi', 'b.b', 'bi.bi', 'a'] ...
Flash Scores: ['log(7)', 'log(7)', 'log(49)', 'log(49)', 'log(85)']

Iteration 1: Frontier 12 (Avg Len 2.0), Expansion Pool 16
Iter 1 Complete: Best Score log(1) | Total Visited 157 | Time 0.0s
Flash Words (top 5): ['a.b.ai.bi', 'a.bi.ai.b', 'b.ai.bi.a', 'ai.bi.a.b', 'b'] ...
Flash Scores: ['log(1)', 'log(1)', 'log(1)', 'log(1)', 'log(7)']

Iteration 2: Frontier 140 (Avg Len 3.7), Expansion Pool 50
Iter 2 Complete: Best Score log(1) | Total Visited 3943 | Time 0.1s
Flash Words (top 5): ['a.b.ai.bi', 'a.bi.ai.b', 'b.ai.bi.a', 'ai.bi.a.b', 'a.b.b.ai.bi.a.bi.ai'] ...
Flash Scores: ['log(1)', 'log(1)', 'log(1)', 'log(1)', 'log(1)']

Iteration 3: Frontier 3786 (Avg Len 7.1), Expansion Pool 52
  ... 1000/3786 frontier nodes expanded
  ... 2000/3786 frontier nodes expanded
  ... 3000/3786 frontier nodes expanded
Iter 3 Complete: Best Score log(1) | Total Visited 136011 | Time 2.5s
Flash Words (top 5): ['a.b.ai.bi', 'a.bi.ai.b', 'b.ai.bi.a', 'ai.bi.a.b', 'a.b.b.ai.bi.a.bi.ai'] ...
Flash Scores: ['log(1)', 'log(1)', 'log(1)', 'log(1)', 'log(1)']

Iteration 4: Frontier 5000 (Avg Len 11.5), Expansion Pool 54
  ... 1000/5000 frontier nodes expanded
  ... 2000/5000 frontier nodes expanded
  ... 3000/5000 frontier nodes expanded
  ... 4000/5000 frontier nodes expanded
Iter 4 Complete: Best Score log(1) | Total Visited 375928 | Time 11.0s
Flash Words (top 5): ['a.b.ai.bi', 'a.bi.ai.b', 'b.ai.bi.a', 'ai.bi.a.b', 'a.b.b.ai.bi.a.bi.ai'] ...
Flash Scores: ['log(1)', 'log(1)', 'log(1)', 'log(1)', 'log(1)']

Iteration 5: Frontier 5000 (Avg Len 16.8), Expansion Pool 54
  ... 1000/5000 frontier nodes expanded
  ... 2000/5000 frontier nodes expanded
  ... 3000/5000 frontier nodes expanded
  ... 4000/5000 frontier nodes expanded
Iter 5 Complete: Best Score log(1) | Total Visited 627625 | Time 26.5s
Flash Words (top 5): ['a.b.ai.bi', 'a.bi.ai.b', 'b.ai.bi.a', 'ai.bi.a.b', 'a.b.b.ai.bi.a.bi.ai'] ...
Flash Scores: ['log(1)', 'log(1)', 'log(1)', 'log(1)', 'log(1)']

Iteration 6: Frontier 5000 (Avg Len 18.8), Expansion Pool 54
  ... 1000/5000 frontier nodes expanded
  ... 2000/5000 frontier nodes expanded
  ... 3000/5000 frontier nodes expanded
  ... 4000/5000 frontier nodes expanded
Iter 6 Complete: Best Score log(1) | Total Visited 882649 | Time 49.7s
Flash Words (top 5): ['a.b.ai.bi', 'a.bi.ai.b', 'b.ai.bi.a', 'ai.bi.a.b', 'a.b.b.ai.bi.a.bi.ai'] ...
Flash Scores: ['log(1)', 'log(1)', 'log(1)', 'log(1)', 'log(1)']

Iteration 7: Frontier 5000 (Avg Len 20.0), Expansion Pool 54
  ... 1000/5000 frontier nodes expanded
  ... 2000/5000 frontier nodes expanded
  ... 3000/5000 frontier nodes expanded
  ... 4000/5000 frontier nodes expanded
Iter 7 Complete: Best Score log(1) | Total Visited 1139947 | Time 76.4s
Flash Words (top 5): ['a.b.ai.bi', 'a.bi.ai.b', 'b.ai.bi.a', 'ai.bi.a.b', 'a.b.b.ai.bi.a.bi.ai'] ...
Flash Scores: ['log(1)', 'log(1)', 'log(1)', 'log(1)', 'log(1)']

Iteration 8: Frontier 5000 (Avg Len 21.9), Expansion Pool 54
  ... 1000/5000 frontier nodes expanded
  ... 2000/5000 frontier nodes expanded
  ... 3000/5000 frontier nodes expanded
  ... 4000/5000 frontier nodes expanded
Iter 8 Complete: Best Score log(1) | Total Visited 1397985 | Time 111.8s
Flash Words (top 5): ['a.b.ai.bi', 'a.bi.ai.b', 'b.ai.bi.a', 'ai.bi.a.b', 'a.b.b.ai.bi.a.bi.ai'] ...
Flash Scores: ['log(1)', 'log(1)', 'log(1)', 'log(1)', 'log(1)']

Iteration 9: Frontier 5000 (Avg Len 23.5), Expansion Pool 54
  ... 1000/5000 frontier nodes expanded
  ... 2000/5000 frontier nodes expanded
  ... 3000/5000 frontier nodes expanded
  ... 4000/5000 frontier nodes expanded
Iter 9 Complete: Best Score log(1) | Total Visited 1656658 | Time 155.9s
Flash Words (top 5): ['a.b.ai.bi', 'a.bi.ai.b', 'b.ai.bi.a', 'ai.bi.a.b', 'a.b.b.ai.bi.a.bi.ai'] ...
Flash Scores: ['log(1)', 'log(1)', 'log(1)', 'log(1)', 'log(1)']

Iteration 10: Frontier 5000 (Avg Len 24.7), Expansion Pool 54
  ... 1000/5000 frontier nodes expanded
  ... 2000/5000 frontier nodes expanded
  ... 3000/5000 frontier nodes expanded
  ... 4000/5000 frontier nodes expanded
Iter 10 Complete: Best Score log(1) | Total Visited 1914854 | Time 201.2s
Flash Words (top 5): ['a.b.ai.bi', 'a.bi.ai.b', 'b.ai.bi.a', 'ai.bi.a.b', 'a.b.b.ai.bi.a.bi.ai'] ...
Flash Scores: ['log(1)', 'log(1)', 'log(1)', 'log(1)', 'log(1)']

Iteration 11: Frontier 5000 (Avg Len 26.2), Expansion Pool 54
  ... 1000/5000 frontier nodes expanded
  ... 2000/5000 frontier nodes expanded
  ... 3000/5000 frontier nodes expanded
  ... 4000/5000 frontier nodes expanded
Iter 11 Complete: Best Score log(1) | Total Visited 2174140 | Time 253.0s
Flash Words (top 5): ['a.b.ai.bi', 'a.bi.ai.b', 'b.ai.bi.a', 'ai.bi.a.b', 'a.b.b.ai.bi.a.bi.ai'] ...
Flash Scores: ['log(1)', 'log(1)', 'log(1)', 'log(1)', 'log(1)']

Iteration 12: Frontier 5000 (Avg Len 28.5), Expansion Pool 54
  ... 1000/5000 frontier nodes expanded
  ... 2000/5000 frontier nodes expanded
  ... 3000/5000 frontier nodes expanded
  ... 4000/5000 frontier nodes expanded
Iter 12 Complete: Best Score log(7) | Total Visited 2432793 | Time 322.2s
Flash Words (top 5): ['a.b.ai.bi', 'a.bi.ai.b', 'b.ai.bi.a', 'ai.bi.a.b', 'a.b.b.ai.bi.a.bi.ai'] ...
Flash Scores: ['log(1)', 'log(1)', 'log(1)', 'log(1)', 'log(1)']

Iteration 13: Frontier 5000 (Avg Len 30.6), Expansion Pool 54
  ... 1000/5000 frontier nodes expanded
  ... 2000/5000 frontier nodes expanded
  ... 3000/5000 frontier nodes expanded
  ... 4000/5000 frontier nodes expanded
Iter 13 Complete: Best Score log(1) | Total Visited 2691207 | Time 382.8s
Flash Words (top 5): ['a.b.ai.bi', 'a.bi.ai.b', 'b.ai.bi.a', 'ai.bi.a.b', 'a.b.b.ai.bi.a.bi.ai'] ...
Flash Scores: ['log(1)', 'log(1)', 'log(1)', 'log(1)', 'log(1)']

Iteration 14: Frontier 5000 (Avg Len 31.5), Expansion Pool 54
  ... 1000/5000 frontier nodes expanded
  ... 2000/5000 frontier nodes expanded
  ... 3000/5000 frontier nodes expanded
  ... 4000/5000 frontier nodes expanded
Iter 14 Complete: Best Score log(1) | Total Visited 2950787 | Time 454.7s
Flash Words (top 5): ['a.b.ai.bi', 'a.bi.ai.b', 'b.ai.bi.a', 'ai.bi.a.b', 'a.b.b.ai.bi.a.bi.ai'] ...
Flash Scores: ['log(1)', 'log(1)', 'log(1)', 'log(1)', 'log(1)']

Iteration 15: Frontier 5000 (Avg Len 35.1), Expansion Pool 54
  ... 1000/5000 frontier nodes expanded
  ... 2000/5000 frontier nodes expanded
  ... 3000/5000 frontier nodes expanded
