{"synthetic": false,
 "schemaVersion": "2025-09-10",
 "outputs":
 {"o": ["234faa06ba96a90b.olean"],
  "m": false,
  "i": "18b5df39f500f7ee.ilean",
  "c": "788db9877b159cc1.c"},
 "log":
 [{"message":
   ".> LEAN_PATH=/Users/nicbrody/Dropbox/Code/nbrody.github.io/Lean/.lake/packages/Cli/.lake/build/lib/lean:/Users/nicbrody/Dropbox/Code/nbrody.github.io/Lean/.lake/packages/batteries/.lake/build/lib/lean:/Users/nicbrody/Dropbox/Code/nbrody.github.io/Lean/.lake/packages/Qq/.lake/build/lib/lean:/Users/nicbrody/Dropbox/Code/nbrody.github.io/Lean/.lake/packages/aesop/.lake/build/lib/lean:/Users/nicbrody/Dropbox/Code/nbrody.github.io/Lean/.lake/packages/proofwidgets/.lake/build/lib/lean:/Users/nicbrody/Dropbox/Code/nbrody.github.io/Lean/.lake/packages/importGraph/.lake/build/lib/lean:/Users/nicbrody/Dropbox/Code/nbrody.github.io/Lean/.lake/packages/LeanSearchClient/.lake/build/lib/lean:/Users/nicbrody/Dropbox/Code/nbrody.github.io/Lean/.lake/packages/plausible/.lake/build/lib/lean:/Users/nicbrody/Dropbox/Code/nbrody.github.io/Lean/.lake/packages/mathlib/.lake/build/lib/lean:/Users/nicbrody/Dropbox/Code/nbrody.github.io/Lean/.lake/build/lib/lean /Users/nicbrody/.elan/toolchains/leanprover--lean4---v4.30.0-rc2/bin/lean /Users/nicbrody/Dropbox/Code/nbrody.github.io/Lean/BorelHarishChandra/ReductionTheory/Finiteness.lean -o /Users/nicbrody/Dropbox/Code/nbrody.github.io/Lean/.lake/build/lib/lean/BorelHarishChandra/ReductionTheory/Finiteness.olean -i /Users/nicbrody/Dropbox/Code/nbrody.github.io/Lean/.lake/build/lib/lean/BorelHarishChandra/ReductionTheory/Finiteness.ilean -c /Users/nicbrody/Dropbox/Code/nbrody.github.io/Lean/.lake/build/ir/BorelHarishChandra/ReductionTheory/Finiteness.c --setup /Users/nicbrody/Dropbox/Code/nbrody.github.io/Lean/.lake/build/ir/BorelHarishChandra/ReductionTheory/Finiteness.setup.json --json",
   "level": "trace"}],
 "inputs":
 [["BorelHarishChandra.ReductionTheory.Finiteness:deps",
   [["deps",
     [["BorelHarishChandra/BorelHarishChandra:extraDep",
       [["@BorelHarishChandra:extraDep", "00000000000006bb"]]],
      ["imports",
       [["BorelHarishChandra.LieGroups.HaarMeasure transitive imports (legacy)",
         "932e1cf5926e8bc5"],
        ["BorelHarishChandra.LieGroups.HaarMeasure:importAllArts",
         "450b111334017c18"],
        ["BorelHarishChandra.ReductionTheory.SiegelSets transitive imports (legacy)",
         "68411f874423f198"],
        ["BorelHarishChandra.ReductionTheory.SiegelSets:importAllArts",
         "91226706d33f9b1e"]]]]],
    ["libs",
     [["import dynlibs", "00000000000006bb"],
      ["package external libraries", "00000000000006bb"],
      ["module dynlibs", "00000000000006bb"],
      ["module plugins", "00000000000006bb"]]]]],
  ["Lean 4.30.0, commit 3dc1a088b6d2d8eafe25a7cd7ec7b58d731bd7cc",
   "2c8d2623007dfc36"],
  ["/Users/nicbrody/Dropbox/Code/nbrody.github.io/Lean/BorelHarishChandra/ReductionTheory/Finiteness.lean",
   "4d37ec5162179cb1"],
  ["options", "00000000000006bb"],
  ["isModule: false", "feefd2a0d3a1847e"],
  ["Module.name: BorelHarishChandra.ReductionTheory.Finiteness",
   "2904b5aed688f6cd"],
  ["Package.id?: (some BorelHarishChandra)", "606961aab60ea16f"],
  ["Module.leanArgs: #[]", "00000000000006bb"]],
 "depHash": "2cd48fd4e7f58c03"}