Starting Persistent FlashBeam (Beam: 5000, Global Flash: 10)
Flash Words (top 5): ['a', 'b', 'ai', 'bi'] ...
Flash Scores: ['3^2', '2^6', '3^2', '2^6']

Iteration 0: Frontier 5 (Avg Len 1.0), Expansion Pool 4
Expanding 20 combinations...
Iter 0 Complete: Best Score 3^4 | Total Visited 17 | Time 0.0s
Flash Words (top 5): ['a', 'ai', 'b', 'bi', 'a . a'] ...
Flash Scores: ['3^2', '3^2', '2^6', '2^6', '3^4']

Iteration 1: Frontier 12 (Avg Len 2.0), Expansion Pool 10
Expanding 120 combinations...
Iter 1 Complete: Best Score 2^4 | Total Visited 107 | Time 0.0s
Flash Words (top 5): ['a', 'ai', 'bi . a . b . ai', 'b', 'bi'] ...
Flash Scores: ['3^2', '3^2', '2^4', '2^6', '2^6']

Iteration 2: Frontier 90 (Avg Len 3.6), Expansion Pool 10
Expanding 900 combinations...
Iter 2 Complete: Best Score 1 | Total Visited 701 | Time 0.0s
Flash Words (top 5): ['bi . a . b . ai . bi . a . b . ai', 'a', 'ai', 'bi . a . b . ai . bi . a . b', 'bi . a . b . ai'] ...
Flash Scores: ['1', '3^2', '3^2', '3^2', '2^4']

Iteration 3: Frontier 594 (Avg Len 5.8), Expansion Pool 10
Expanding 5940 combinations...
Iter 3 Complete: Best Score 3^2 | Total Visited 4462 | Time 0.0s
Flash Words (top 5): ['bi . a . b . ai . bi . a . b . ai', 'a', 'ai', 'bi . a . b . ai . bi . a . b', 'bi . a . b . ai . bi . a . b . ai . ai'] ...
Flash Scores: ['1', '3^2', '3^2', '3^2', '3^2']

Iteration 4: Frontier 3761 (Avg Len 9.1), Expansion Pool 12
Expanding 45132 combinations...
Iter 4 Complete: Best Score 2^2 * 3^4 | Total Visited 26082 | Time 0.2s
Flash Words (top 5): ['bi . a . b . ai . bi . a . b . ai', 'a', 'ai', 'bi . a . b . ai . bi . a . b', 'bi . a . b . ai . bi . a . b . ai . ai'] ...
Flash Scores: ['1', '3^2', '3^2', '3^2', '3^2']

Iteration 5: Frontier 5000 (Avg Len 12.2), Expansion Pool 12
Expanding 60000 combinations...
Iter 5 Complete: Best Score 2^2 * 3^4 | Total Visited 50270 | Time 0.3s
Flash Words (top 5): ['bi . a . b . ai . bi . a . b . ai', 'a', 'ai', 'bi . a . b . ai . bi . a . b', 'bi . a . b . ai . bi . a . b . ai . ai'] ...
Flash Scores: ['1', '3^2', '3^2', '3^2', '3^2']

Iteration 6: Frontier 5000 (Avg Len 15.1), Expansion Pool 12
Expanding 60000 combinations...
Iter 6 Complete: Best Score 2^6 * 3^2 | Total Visited 74092 | Time 0.5s
Flash Words (top 5): ['bi . a . b . ai . bi . a . b . ai', 'a', 'ai', 'bi . a . b . ai . bi . a . b', 'bi . a . b . ai . bi . a . b . ai . ai'] ...
Flash Scores: ['1', '3^2', '3^2', '3^2', '3^2']

Iteration 7: Frontier 5000 (Avg Len 17.6), Expansion Pool 12
Expanding 60000 combinations...
Iter 7 Complete: Best Score 2^8 | Total Visited 98955 | Time 0.7s
Flash Words (top 5): ['bi . a . b . ai . bi . a . b . ai', 'a', 'ai', 'bi . a . b . ai . bi . a . b', 'bi . a . b . ai . bi . a . b . ai . ai'] ...
Flash Scores: ['1', '3^2', '3^2', '3^2', '3^2']

Iteration 8: Frontier 5000 (Avg Len 20.3), Expansion Pool 12
Expanding 60000 combinations...
Iter 8 Complete: Best Score 2^8 * 3^2 | Total Visited 124246 | Time 0.9s
Flash Words (top 5): ['bi . a . b . ai . bi . a . b . ai', 'a', 'ai', 'bi . a . b . ai . bi . a . b', 'bi . a . b . ai . bi . a . b . ai . ai'] ...
Flash Scores: ['1', '3^2', '3^2', '3^2', '3^2']

Iteration 9: Frontier 5000 (Avg Len 22.4), Expansion Pool 12
Expanding 60000 combinations...
Iter 9 Complete: Best Score 2^8 | Total Visited 149282 | Time 1.1s
Flash Words (top 5): ['bi . a . b . ai . bi . a . b . ai', 'a', 'ai', 'bi . a . b . ai . bi . a . b', 'bi . a . b . ai . bi . a . b . ai . ai'] ...
Flash Scores: ['1', '3^2', '3^2', '3^2', '3^2']

Iteration 10: Frontier 5000 (Avg Len 25.0), Expansion Pool 12
Expanding 60000 combinations...
Iter 10 Complete: Best Score 2^6 | Total Visited 174207 | Time 1.3s
Flash Words (top 5): ['bi . a . b . ai . bi . a . b . ai', 'a', 'ai', 'bi . a . b . ai . bi . a . b', 'bi . a . b . ai . bi . a . b . ai . ai'] ...
Flash Scores: ['1', '3^2', '3^2', '3^2', '3^2']

Iteration 11: Frontier 5000 (Avg Len 27.4), Expansion Pool 12
Expanding 60000 combinations...
Iter 11 Complete: Best Score 2^6 | Total Visited 199386 | Time 1.5s
Flash Words (top 5): ['bi . a . b . ai . bi . a . b . ai', 'a', 'ai', 'bi . a . b . ai . bi . a . b', 'bi . a . b . ai . bi . a . b . ai . ai'] ...
Flash Scores: ['1', '3^2', '3^2', '3^2', '3^2']

Iteration 12: Frontier 5000 (Avg Len 30.0), Expansion Pool 12
Expanding 60000 combinations...
Iter 12 Complete: Best Score 2^6 * 3^2 | Total Visited 224874 | Time 1.7s
Flash Words (top 5): ['bi . a . b . ai . bi . a . b . ai', 'a', 'ai', 'bi . a . b . ai . bi . a . b', 'bi . a . b . ai . bi . a . b . ai . ai'] ...
Flash Scores: ['1', '3^2', '3^2', '3^2', '3^2']

Iteration 13: Frontier 5000 (Avg Len 31.9), Expansion Pool 12
Expanding 60000 combinations...
Iter 13 Complete: Best Score 2^2 * 3^4 | Total Visited 250013 | Time 1.9s
Flash Words (top 5): ['bi . a . b . ai . bi . a . b . ai', 'a', 'ai', 'bi . a . b . ai . bi . a . b', 'bi . a . b . ai . bi . a . b . ai . ai'] ...
Flash Scores: ['1', '3^2', '3^2', '3^2', '3^2']

Iteration 14: Frontier 5000 (Avg Len 34.6), Expansion Pool 12
Expanding 60000 combinations...
Iter 14 Complete: Best Score 2^8 | Total Visited 275410 | Time 2.2s
Flash Words (top 5): ['bi . a . b . ai . bi . a . b . ai', 'a', 'ai', 'bi . a . b . ai . bi . a . b', 'bi . a . b . ai . bi . a . b . ai . ai'] ...
Flash Scores: ['1', '3^2', '3^2', '3^2', '3^2']

Iteration 15: Frontier 5000 (Avg Len 37.1), Expansion Pool 12
Expanding 60000 combinations...
Iter 15 Complete: Best Score 2^2 * 3^4 | Total Visited 300472 | Time 2.4s
Flash Words (top 5): ['bi . a . b . ai . bi . a . b . ai', 'a', 'ai', 'bi . a . b . ai . bi . a . b', 'bi . a . b . ai . bi . a . b . ai . ai'] ...
Flash Scores: ['1', '3^2', '3^2', '3^2', '3^2']

Iteration 16: Frontier 5000 (Avg Len 39.2), Expansion Pool 12
Expanding 60000 combinations...
Iter 16 Complete: Best Score 2^4 * 3^2 | Total Visited 325612 | Time 2.6s
Flash Words (top 5): ['bi . a . b . ai . bi . a . b . ai', 'a', 'ai', 'bi . a . b . ai . bi . a . b', 'bi . a . b . ai . bi . a . b . ai . ai'] ...
Flash Scores: ['1', '3^2', '3^2', '3^2', '3^2']

Iteration 17: Frontier 5000 (Avg Len 42.1), Expansion Pool 12
Expanding 60000 combinations...
Iter 17 Complete: Best Score 2^4 | Total Visited 350782 | Time 2.8s
Flash Words (top 5): ['bi . a . b . ai . bi . a . b . ai', 'a', 'ai', 'bi . a . b . ai . bi . a . b', 'bi . a . b . ai . bi . a . b . ai . ai'] ...
Flash Scores: ['1', '3^2', '3^2', '3^2', '3^2']

Iteration 18: Frontier 5000 (Avg Len 44.7), Expansion Pool 12
Expanding 60000 combinations...
Iter 18 Complete: Best Score 2^2 * 3^2 | Total Visited 377342 | Time 3.1s
Flash Words (top 5): ['bi . a . b . ai . bi . a . b . ai', 'a', 'ai', 'bi . a . b . ai . bi . a . b', 'bi . a . b . ai . bi . a . b . ai . ai'] ...
Flash Scores: ['1', '3^2', '3^2', '3^2', '3^2']

Iteration 19: Frontier 5000 (Avg Len 51.5), Expansion Pool 12
Expanding 60000 combinations...
Iter 19 Complete: Best Score 3^2 | Total Visited 405502 | Time 3.4s
Flash Words (top 5): ['bi . a . b . ai . bi . a . b . ai', 'a', 'ai', 'bi . a . b . ai . bi . a . b', 'bi . a . b . ai . bi . a . b . ai . ai'] ...
Flash Scores: ['1', '3^2', '3^2', '3^2', '3^2']

Iteration 20: Frontier 5000 (Avg Len 63.2), Expansion Pool 12
Expanding 60000 combinations...
Iter 20 Complete: Best Score 3^2 | Total Visited 435448 | Time 3.7s
Flash Words (top 5): ['bi . a . b . ai . bi . a . b . ai', 'a', 'ai', 'bi . a . b . ai . bi . a . b', 'bi . a . b . ai . bi . a . b . ai . ai'] ...
Flash Scores: ['1', '3^2', '3^2', '3^2', '3^2']

Iteration 21: Frontier 5000 (Avg Len 80.6), Expansion Pool 12
Expanding 60000 combinations...

DET 1 found (Length 119)

Reached MAX_SOLUTIONS (1). Stopping.

Final Results Summary:
Word length: 119 | Trace: 2003410480658523477288772920566216 | Word: bi . a . a . b . b . ai . bi . a . a . b . ai . ai . ai . bi . a . bi . ai . b . ai . bi . a . bi . ai . ai . b . ai . ai . bi . a . a . b . ai . b . a . a . bi . ai . b . ai . ai . bi . a . bi . ai . ai . b . a . a . bi . a . a . b . ai . b . a . bi . a . b . ai . b . a . a . bi . a . b . ai . ai . bi . a . bi . ai . ai . b . a . a . bi . ai . ai . b . a . bi . ai . ai . b . b . b . a . bi . a . b . ai . bi . bi . a . a . b . ai . ai . bi . ai . ai . b . b . b . a . bi . a . b . ai . bi . bi . a . a . b . ai . bi . a . a . b
