Starting FlashBeam WOW (Beam: 5000, Flash: 0 from beam + Generators)
Flash Words: ['a', 'b', 'ai', 'bi'] ...
Flash Scores: ['3^2', '2^6', '3^2', '2^6']

Iteration 0: Frontier 5 (Avg Len 1.0), Flash Size 4
Expanding 20 combinations...
Iter 0 Complete: Best Score 3^4 | Total Visited 17
Flash Words: ['a', 'b', 'ai', 'bi'] ...
Flash Scores: ['3^2', '2^6', '3^2', '2^6']

Iteration 1: Frontier 12 (Avg Len 2.0), Flash Size 4
Expanding 48 combinations...
Iter 1 Complete: Best Score 2^6 | Total Visited 53
Flash Words: ['a', 'b', 'ai', 'bi'] ...
Flash Scores: ['3^2', '2^6', '3^2', '2^6']

Iteration 2: Frontier 36 (Avg Len 3.0), Flash Size 4
Expanding 144 combinations...
Iter 2 Complete: Best Score 2^4 | Total Visited 161
Flash Words: ['a', 'b', 'ai', 'bi'] ...
Flash Scores: ['3^2', '2^6', '3^2', '2^6']

Iteration 3: Frontier 108 (Avg Len 4.0), Flash Size 4
Expanding 432 combinations...
Iter 3 Complete: Best Score 2^2 * 3^2 | Total Visited 485
Flash Words: ['a', 'b', 'ai', 'bi'] ...
Flash Scores: ['3^2', '2^6', '3^2', '2^6']

Iteration 4: Frontier 324 (Avg Len 5.0), Flash Size 4
Expanding 1296 combinations...
Iter 4 Complete: Best Score 2^2 * 3^4 | Total Visited 1457
Flash Words: ['a', 'b', 'ai', 'bi'] ...
Flash Scores: ['3^2', '2^6', '3^2', '2^6']

Iteration 5: Frontier 972 (Avg Len 6.0), Flash Size 4
Expanding 3888 combinations...
Iter 5 Complete: Best Score 3^2 | Total Visited 4345
Flash Words: ['a', 'b', 'ai', 'bi'] ...
Flash Scores: ['3^2', '2^6', '3^2', '2^6']

Iteration 6: Frontier 2888 (Avg Len 7.0), Flash Size 4
Expanding 11552 combinations...
  ... 1000/2888 frontier nodes expanded
  ... 2000/2888 frontier nodes expanded
Iter 6 Complete: Best Score 1 | Total Visited 12874
Flash Words: ['a', 'b', 'ai', 'bi'] ...
Flash Scores: ['3^2', '2^6', '3^2', '2^6']

Iteration 7: Frontier 5000 (Avg Len 8.0), Flash Size 4
Expanding 20000 combinations...
  ... 1000/5000 frontier nodes expanded
  ... 2000/5000 frontier nodes expanded
  ... 3000/5000 frontier nodes expanded
  ... 4000/5000 frontier nodes expanded
Iter 7 Complete: Best Score 3^6 | Total Visited 27427
Flash Words: ['a', 'b', 'ai', 'bi'] ...
Flash Scores: ['3^2', '2^6', '3^2', '2^6']

Iteration 8: Frontier 5000 (Avg Len 9.0), Flash Size 4
Expanding 20000 combinations...
  ... 1000/5000 frontier nodes expanded
  ... 2000/5000 frontier nodes expanded
  ... 3000/5000 frontier nodes expanded
  ... 4000/5000 frontier nodes expanded
Iter 8 Complete: Best Score 2^6 * 3^2 | Total Visited 41630
Flash Words: ['a', 'b', 'ai', 'bi'] ...
Flash Scores: ['3^2', '2^6', '3^2', '2^6']

Iteration 9: Frontier 5000 (Avg Len 10.0), Flash Size 4
Expanding 20000 combinations...
  ... 1000/5000 frontier nodes expanded
  ... 2000/5000 frontier nodes expanded
  ... 3000/5000 frontier nodes expanded
  ... 4000/5000 frontier nodes expanded
Iter 9 Complete: Best Score 3^6 | Total Visited 55611
Flash Words: ['a', 'b', 'ai', 'bi'] ...
Flash Scores: ['3^2', '2^6', '3^2', '2^6']

Iteration 10: Frontier 5000 (Avg Len 11.0), Flash Size 4
Expanding 20000 combinations...
  ... 1000/5000 frontier nodes expanded
  ... 2000/5000 frontier nodes expanded
  ... 3000/5000 frontier nodes expanded
  ... 4000/5000 frontier nodes expanded
Iter 10 Complete: Best Score 2^6 * 3^2 | Total Visited 69567
Flash Words: ['a', 'b', 'ai', 'bi'] ...
Flash Scores: ['3^2', '2^6', '3^2', '2^6']

Iteration 11: Frontier 5000 (Avg Len 12.0), Flash Size 4
Expanding 20000 combinations...
  ... 1000/5000 frontier nodes expanded
  ... 2000/5000 frontier nodes expanded
  ... 3000/5000 frontier nodes expanded
  ... 4000/5000 frontier nodes expanded
Iter 11 Complete: Best Score 3^6 | Total Visited 83597
Flash Words: ['a', 'b', 'ai', 'bi'] ...
Flash Scores: ['3^2', '2^6', '3^2', '2^6']

Iteration 12: Frontier 5000 (Avg Len 13.0), Flash Size 4
Expanding 20000 combinations...
  ... 1000/5000 frontier nodes expanded
  ... 2000/5000 frontier nodes expanded
  ... 3000/5000 frontier nodes expanded
  ... 4000/5000 frontier nodes expanded
Iter 12 Complete: Best Score 2^2 * 3^6 | Total Visited 97705
Flash Words: ['a', 'b', 'ai', 'bi'] ...
Flash Scores: ['3^2', '2^6', '3^2', '2^6']

Iteration 13: Frontier 5000 (Avg Len 14.0), Flash Size 4
Expanding 20000 combinations...
  ... 1000/5000 frontier nodes expanded
  ... 2000/5000 frontier nodes expanded
  ... 3000/5000 frontier nodes expanded
  ... 4000/5000 frontier nodes expanded
Iter 13 Complete: Best Score 2^8 * 3^2 | Total Visited 111849
Flash Words: ['a', 'b', 'ai', 'bi'] ...
Flash Scores: ['3^2', '2^6', '3^2', '2^6']

Iteration 14: Frontier 5000 (Avg Len 15.0), Flash Size 4
Expanding 20000 combinations...
  ... 1000/5000 frontier nodes expanded
  ... 2000/5000 frontier nodes expanded
  ... 3000/5000 frontier nodes expanded
  ... 4000/5000 frontier nodes expanded
Iter 14 Complete: Best Score 2^2 * 3^6 | Total Visited 126014
Flash Words: ['a', 'b', 'ai', 'bi'] ...
Flash Scores: ['3^2', '2^6', '3^2', '2^6']

Iteration 15: Frontier 5000 (Avg Len 16.0), Flash Size 4
Expanding 20000 combinations...
  ... 1000/5000 frontier nodes expanded
  ... 2000/5000 frontier nodes expanded
  ... 3000/5000 frontier nodes expanded
  ... 4000/5000 frontier nodes expanded
Iter 15 Complete: Best Score 2^8 * 3^2 | Total Visited 140049
Flash Words: ['a', 'b', 'ai', 'bi'] ...
Flash Scores: ['3^2', '2^6', '3^2', '2^6']

Iteration 16: Frontier 5000 (Avg Len 17.0), Flash Size 4
Expanding 20000 combinations...
  ... 1000/5000 frontier nodes expanded
  ... 2000/5000 frontier nodes expanded
  ... 3000/5000 frontier nodes expanded
  ... 4000/5000 frontier nodes expanded
Iter 16 Complete: Best Score 2^12 | Total Visited 154189
Flash Words: ['a', 'b', 'ai', 'bi'] ...
Flash Scores: ['3^2', '2^6', '3^2', '2^6']

Iteration 17: Frontier 5000 (Avg Len 18.0), Flash Size 4
Expanding 20000 combinations...
  ... 1000/5000 frontier nodes expanded
  ... 2000/5000 frontier nodes expanded
  ... 3000/5000 frontier nodes expanded
  ... 4000/5000 frontier nodes expanded
Iter 17 Complete: Best Score 2^8 * 3^2 | Total Visited 168325
Flash Words: ['a', 'b', 'ai', 'bi'] ...
Flash Scores: ['3^2', '2^6', '3^2', '2^6']

Iteration 18: Frontier 5000 (Avg Len 19.0), Flash Size 4
Expanding 20000 combinations...
  ... 1000/5000 frontier nodes expanded
  ... 2000/5000 frontier nodes expanded
  ... 3000/5000 frontier nodes expanded
  ... 4000/5000 frontier nodes expanded
Iter 18 Complete: Best Score 2^8 | Total Visited 182412
Flash Words: ['a', 'b', 'ai', 'bi'] ...
Flash Scores: ['3^2', '2^6', '3^2', '2^6']

Iteration 19: Frontier 5000 (Avg Len 20.0), Flash Size 4
Expanding 20000 combinations...
  ... 1000/5000 frontier nodes expanded
  ... 2000/5000 frontier nodes expanded
  ... 3000/5000 frontier nodes expanded
  ... 4000/5000 frontier nodes expanded
Iter 19 Complete: Best Score 2^8 * 3^2 | Total Visited 196577
Flash Words: ['a', 'b', 'ai', 'bi'] ...
Flash Scores: ['3^2', '2^6', '3^2', '2^6']

Iteration 20: Frontier 5000 (Avg Len 21.0), Flash Size 4
Expanding 20000 combinations...
  ... 1000/5000 frontier nodes expanded
  ... 2000/5000 frontier nodes expanded
  ... 3000/5000 frontier nodes expanded
  ... 4000/5000 frontier nodes expanded
Iter 20 Complete: Best Score 2^10 | Total Visited 210662
Flash Words: ['a', 'b', 'ai', 'bi'] ...
Flash Scores: ['3^2', '2^6', '3^2', '2^6']

Iteration 21: Frontier 5000 (Avg Len 22.0), Flash Size 4
Expanding 20000 combinations...
  ... 1000/5000 frontier nodes expanded
  ... 2000/5000 frontier nodes expanded
  ... 3000/5000 frontier nodes expanded
  ... 4000/5000 frontier nodes expanded
Iter 21 Complete: Best Score 2^6 * 3^2 | Total Visited 224791
Flash Words: ['a', 'b', 'ai', 'bi'] ...
Flash Scores: ['3^2', '2^6', '3^2', '2^6']

Iteration 22: Frontier 5000 (Avg Len 23.0), Flash Size 4
Expanding 20000 combinations...
  ... 1000/5000 frontier nodes expanded
  ... 2000/5000 frontier nodes expanded
  ... 3000/5000 frontier nodes expanded
  ... 4000/5000 frontier nodes expanded
Iter 22 Complete: Best Score 2^6 | Total Visited 238969
Flash Words: ['a', 'b', 'ai', 'bi'] ...
Flash Scores: ['3^2', '2^6', '3^2', '2^6']

Iteration 23: Frontier 5000 (Avg Len 24.0), Flash Size 4
Expanding 20000 combinations...
  ... 1000/5000 frontier nodes expanded
  ... 2000/5000 frontier nodes expanded
  ... 3000/5000 frontier nodes expanded
  ... 4000/5000 frontier nodes expanded
Iter 23 Complete: Best Score 2^6 * 3^2 | Total Visited 253100
Flash Words: ['a', 'b', 'ai', 'bi'] ...
Flash Scores: ['3^2', '2^6', '3^2', '2^6']

Iteration 24: Frontier 5000 (Avg Len 25.0), Flash Size 4
Expanding 20000 combinations...
  ... 1000/5000 frontier nodes expanded
  ... 2000/5000 frontier nodes expanded
  ... 3000/5000 frontier nodes expanded
  ... 4000/5000 frontier nodes expanded
Iter 24 Complete: Best Score 2^4 * 3^4 | Total Visited 267155
Flash Words: ['a', 'b', 'ai', 'bi'] ...
Flash Scores: ['3^2', '2^6', '3^2', '2^6']

Iteration 25: Frontier 5000 (Avg Len 26.0), Flash Size 4
Expanding 20000 combinations...
  ... 1000/5000 frontier nodes expanded
  ... 2000/5000 frontier nodes expanded
  ... 3000/5000 frontier nodes expanded
  ... 4000/5000 frontier nodes expanded
Iter 25 Complete: Best Score 2^4 * 3^4 | Total Visited 281259
Flash Words: ['a', 'b', 'ai', 'bi'] ...
Flash Scores: ['3^2', '2^6', '3^2', '2^6']

Iteration 26: Frontier 5000 (Avg Len 27.0), Flash Size 4
Expanding 20000 combinations...
  ... 1000/5000 frontier nodes expanded
  ... 2000/5000 frontier nodes expanded
  ... 3000/5000 frontier nodes expanded
  ... 4000/5000 frontier nodes expanded
Iter 26 Complete: Best Score 2^10 | Total Visited 295415
Flash Words: ['a', 'b', 'ai', 'bi'] ...
Flash Scores: ['3^2', '2^6', '3^2', '2^6']

Iteration 27: Frontier 5000 (Avg Len 28.0), Flash Size 4
Expanding 20000 combinations...
  ... 1000/5000 frontier nodes expanded
  ... 2000/5000 frontier nodes expanded
  ... 3000/5000 frontier nodes expanded
  ... 4000/5000 frontier nodes expanded
Iter 27 Complete: Best Score 2^2 * 3^4 | Total Visited 309581
Flash Words: ['a', 'b', 'ai', 'bi'] ...
Flash Scores: ['3^2', '2^6', '3^2', '2^6']

Iteration 28: Frontier 5000 (Avg Len 29.0), Flash Size 4
Expanding 20000 combinations...
  ... 1000/5000 frontier nodes expanded
  ... 2000/5000 frontier nodes expanded
  ... 3000/5000 frontier nodes expanded
  ... 4000/5000 frontier nodes expanded
Iter 28 Complete: Best Score 3^4 | Total Visited 323726
Flash Words: ['a', 'b', 'ai', 'bi'] ...
Flash Scores: ['3^2', '2^6', '3^2', '2^6']

Iteration 29: Frontier 5000 (Avg Len 30.0), Flash Size 4
Expanding 20000 combinations...
  ... 1000/5000 frontier nodes expanded
  ... 2000/5000 frontier nodes expanded
  ... 3000/5000 frontier nodes expanded
  ... 4000/5000 frontier nodes expanded
Iter 29 Complete: Best Score 3^6 | Total Visited 337850
Flash Words: ['a', 'b', 'ai', 'bi'] ...
Flash Scores: ['3^2', '2^6', '3^2', '2^6']

Iteration 30: Frontier 5000 (Avg Len 31.0), Flash Size 4
Expanding 20000 combinations...
  ... 1000/5000 frontier nodes expanded
  ... 2000/5000 frontier nodes expanded
  ... 3000/5000 frontier nodes expanded
  ... 4000/5000 frontier nodes expanded
Iter 30 Complete: Best Score 2^6 * 3^2 | Total Visited 351925
Flash Words: ['a', 'b', 'ai', 'bi'] ...
Flash Scores: ['3^2', '2^6', '3^2', '2^6']

Iteration 31: Frontier 5000 (Avg Len 32.0), Flash Size 4
Expanding 20000 combinations...
  ... 1000/5000 frontier nodes expanded
  ... 2000/5000 frontier nodes expanded
  ... 3000/5000 frontier nodes expanded
  ... 4000/5000 frontier nodes expanded
Iter 31 Complete: Best Score 2^4 * 3^2 | Total Visited 365983
Flash Words: ['a', 'b', 'ai', 'bi'] ...
Flash Scores: ['3^2', '2^6', '3^2', '2^6']

Iteration 32: Frontier 5000 (Avg Len 33.0), Flash Size 4
Expanding 20000 combinations...
  ... 1000/5000 frontier nodes expanded
  ... 2000/5000 frontier nodes expanded
  ... 3000/5000 frontier nodes expanded
  ... 4000/5000 frontier nodes expanded
Iter 32 Complete: Best Score 2^4 * 3^2 | Total Visited 380130
Flash Words: ['a', 'b', 'ai', 'bi'] ...
Flash Scores: ['3^2', '2^6', '3^2', '2^6']

Iteration 33: Frontier 5000 (Avg Len 34.0), Flash Size 4
Expanding 20000 combinations...
  ... 1000/5000 frontier nodes expanded
  ... 2000/5000 frontier nodes expanded
  ... 3000/5000 frontier nodes expanded
  ... 4000/5000 frontier nodes expanded
Iter 33 Complete: Best Score 2^2 * 3^2 | Total Visited 394274
Flash Words: ['a', 'b', 'ai', 'bi'] ...
Flash Scores: ['3^2', '2^6', '3^2', '2^6']

Iteration 34: Frontier 5000 (Avg Len 35.0), Flash Size 4
Expanding 20000 combinations...
  ... 1000/5000 frontier nodes expanded
  ... 2000/5000 frontier nodes expanded
  ... 3000/5000 frontier nodes expanded
  ... 4000/5000 frontier nodes expanded
Iter 34 Complete: Best Score 2^2 * 3^4 | Total Visited 408376
Flash Words: ['a', 'b', 'ai', 'bi'] ...
Flash Scores: ['3^2', '2^6', '3^2', '2^6']

Iteration 35: Frontier 5000 (Avg Len 36.0), Flash Size 4
Expanding 20000 combinations...
  ... 1000/5000 frontier nodes expanded
  ... 2000/5000 frontier nodes expanded
  ... 3000/5000 frontier nodes expanded
  ... 4000/5000 frontier nodes expanded
Iter 35 Complete: Best Score 3^4 | Total Visited 422500
Flash Words: ['a', 'b', 'ai', 'bi'] ...
Flash Scores: ['3^2', '2^6', '3^2', '2^6']

Iteration 36: Frontier 5000 (Avg Len 37.0), Flash Size 4
Expanding 20000 combinations...
  ... 1000/5000 frontier nodes expanded
  ... 2000/5000 frontier nodes expanded
  ... 3000/5000 frontier nodes expanded
  ... 4000/5000 frontier nodes expanded
Iter 36 Complete: Best Score 3^2 | Total Visited 436604
Flash Words: ['a', 'b', 'ai', 'bi'] ...
Flash Scores: ['3^2', '2^6', '3^2', '2^6']

Iteration 37: Frontier 5000 (Avg Len 38.0), Flash Size 4
Expanding 20000 combinations...
  ... 1000/5000 frontier nodes expanded
  ... 2000/5000 frontier nodes expanded
  ... 3000/5000 frontier nodes expanded
  ... 4000/5000 frontier nodes expanded
Iter 37 Complete: Best Score 3^4 | Total Visited 450750
Flash Words: ['a', 'b', 'ai', 'bi'] ...
Flash Scores: ['3^2', '2^6', '3^2', '2^6']

Iteration 38: Frontier 5000 (Avg Len 39.0), Flash Size 4
Expanding 20000 combinations...
  ... 1000/5000 frontier nodes expanded
  ... 2000/5000 frontier nodes expanded
  ... 3000/5000 frontier nodes expanded
  ... 4000/5000 frontier nodes expanded
Iter 38 Complete: Best Score 2^6 | Total Visited 464876
Flash Words: ['a', 'b', 'ai', 'bi'] ...
Flash Scores: ['3^2', '2^6', '3^2', '2^6']

Iteration 39: Frontier 5000 (Avg Len 40.0), Flash Size 4
Expanding 20000 combinations...
  ... 1000/5000 frontier nodes expanded
  ... 2000/5000 frontier nodes expanded
  ... 3000/5000 frontier nodes expanded
  ... 4000/5000 frontier nodes expanded
Iter 39 Complete: Best Score 2^6 | Total Visited 478988
Flash Words: ['a', 'b', 'ai', 'bi'] ...
Flash Scores: ['3^2', '2^6', '3^2', '2^6']

Iteration 40: Frontier 5000 (Avg Len 41.0), Flash Size 4
Expanding 20000 combinations...
  ... 1000/5000 frontier nodes expanded
  ... 2000/5000 frontier nodes expanded
  ... 3000/5000 frontier nodes expanded
  ... 4000/5000 frontier nodes expanded
Iter 40 Complete: Best Score 2^4 * 3^2 | Total Visited 493094
Flash Words: ['a', 'b', 'ai', 'bi'] ...
Flash Scores: ['3^2', '2^6', '3^2', '2^6']

Iteration 41: Frontier 5000 (Avg Len 42.0), Flash Size 4
Expanding 20000 combinations...
  ... 1000/5000 frontier nodes expanded
  ... 2000/5000 frontier nodes expanded
  ... 3000/5000 frontier nodes expanded
  ... 4000/5000 frontier nodes expanded
Iter 41 Complete: Best Score 2^4 | Total Visited 507214
Flash Words: ['a', 'b', 'ai', 'bi'] ...
Flash Scores: ['3^2', '2^6', '3^2', '2^6']

Iteration 42: Frontier 5000 (Avg Len 43.0), Flash Size 4
Expanding 20000 combinations...
  ... 1000/5000 frontier nodes expanded
  ... 2000/5000 frontier nodes expanded
  ... 3000/5000 frontier nodes expanded
  ... 4000/5000 frontier nodes expanded
Iter 42 Complete: Best Score 2^4 | Total Visited 521282
Flash Words: ['a', 'b', 'ai', 'bi'] ...
Flash Scores: ['3^2', '2^6', '3^2', '2^6']

Iteration 43: Frontier 5000 (Avg Len 44.0), Flash Size 4
Expanding 20000 combinations...
  ... 1000/5000 frontier nodes expanded
  ... 2000/5000 frontier nodes expanded
  ... 3000/5000 frontier nodes expanded
  ... 4000/5000 frontier nodes expanded
Iter 43 Complete: Best Score 2^4 | Total Visited 535380
Flash Words: ['a', 'b', 'ai', 'bi'] ...
Flash Scores: ['3^2', '2^6', '3^2', '2^6']

Iteration 44: Frontier 5000 (Avg Len 45.0), Flash Size 4
Expanding 20000 combinations...
  ... 1000/5000 frontier nodes expanded
  ... 2000/5000 frontier nodes expanded
  ... 3000/5000 frontier nodes expanded
  ... 4000/5000 frontier nodes expanded
Iter 44 Complete: Best Score 2^2 * 3^2 | Total Visited 549521
Flash Words: ['a', 'b', 'ai', 'bi'] ...
Flash Scores: ['3^2', '2^6', '3^2', '2^6']

Iteration 45: Frontier 5000 (Avg Len 46.0), Flash Size 4
Expanding 20000 combinations...
  ... 1000/5000 frontier nodes expanded
  ... 2000/5000 frontier nodes expanded
  ... 3000/5000 frontier nodes expanded
  ... 4000/5000 frontier nodes expanded
Iter 45 Complete: Best Score 2^4 | Total Visited 563624
Flash Words: ['a', 'b', 'ai', 'bi'] ...
Flash Scores: ['3^2', '2^6', '3^2', '2^6']

Iteration 46: Frontier 5000 (Avg Len 47.0), Flash Size 4
Expanding 20000 combinations...
  ... 1000/5000 frontier nodes expanded
  ... 2000/5000 frontier nodes expanded
  ... 3000/5000 frontier nodes expanded
  ... 4000/5000 frontier nodes expanded
Iter 46 Complete: Best Score 2^2 | Total Visited 577776
Flash Words: ['a', 'b', 'ai', 'bi'] ...
Flash Scores: ['3^2', '2^6', '3^2', '2^6']

Iteration 47: Frontier 5000 (Avg Len 48.0), Flash Size 4
Expanding 20000 combinations...

*** TARGET LENGTH RELATION FOUND! ***
Word Length: 49
Trace: 4569327784019
Word: a . b . ai . ai . bi . ai . b . a . a . bi . ai . bi . a . a . b . ai . b . a . a . bi . ai . bi . a . a . b . ai . ai . bi . ai . ai . b . a . b . ai . bi . ai . b . a . b . ai . ai . bi . ai . ai . b . a . a . bi . ai

DET 1 found at iteration 47 (Length 49)

*** TARGET LENGTH RELATION FOUND! ***
Word Length: 49
Trace: -4569327784019
Word: a . b . ai . ai . ai . bi . a . b . a . bi . ai . bi . a . a . b . ai . b . a . a . bi . ai . bi . a . a . b . ai . ai . bi . ai . ai . b . a . b . ai . bi . ai . b . a . b . ai . ai . bi . ai . ai . b . a . a . bi . ai

DET 1 found at iteration 47 (Length 49)
  ... 1000/5000 frontier nodes expanded
  ... 2000/5000 frontier nodes expanded
  ... 3000/5000 frontier nodes expanded
  ... 4000/5000 frontier nodes expanded
Iter 47 Complete: Best Score 1 | Total Visited 591871
Flash Words: ['a', 'b', 'ai', 'bi'] ...
Flash Scores: ['3^2', '2^6', '3^2', '2^6']

Iteration 48: Frontier 5000 (Avg Len 49.0), Flash Size 4
Expanding 20000 combinations...
  ... 1000/5000 frontier nodes expanded
  ... 2000/5000 frontier nodes expanded
  ... 3000/5000 frontier nodes expanded
  ... 4000/5000 frontier nodes expanded
Iter 48 Complete: Best Score 3^2 | Total Visited 605947
Flash Words: ['a', 'b', 'ai', 'bi'] ...
Flash Scores: ['3^2', '2^6', '3^2', '2^6']

Iteration 49: Frontier 5000 (Avg Len 50.0), Flash Size 4
Expanding 20000 combinations...
  ... 1000/5000 frontier nodes expanded
  ... 2000/5000 frontier nodes expanded
  ... 3000/5000 frontier nodes expanded
  ... 4000/5000 frontier nodes expanded
Iter 49 Complete: Best Score 3^2 | Total Visited 620027
Flash Words: ['a', 'b', 'ai', 'bi'] ...
Flash Scores: ['3^2', '2^6', '3^2', '2^6']

Iteration 50: Frontier 5000 (Avg Len 51.0), Flash Size 4
Expanding 20000 combinations...
  ... 1000/5000 frontier nodes expanded
  ... 2000/5000 frontier nodes expanded
  ... 3000/5000 frontier nodes expanded
  ... 4000/5000 frontier nodes expanded
Iter 50 Complete: Best Score 2^2 | Total Visited 634119
Flash Words: ['a', 'b', 'ai', 'bi'] ...
Flash Scores: ['3^2', '2^6', '3^2', '2^6']

Iteration 51: Frontier 5000 (Avg Len 52.0), Flash Size 4
Expanding 20000 combinations...
  ... 1000/5000 frontier nodes expanded
  ... 2000/5000 frontier nodes expanded
  ... 3000/5000 frontier nodes expanded
  ... 4000/5000 frontier nodes expanded
Iter 51 Complete: Best Score 2^4 | Total Visited 648237
