Starting FlashBeam WOW (Beam: 20000, Flash: 0 from beam + Generators)
Flash Words: ['a', 'b', 'ai', 'bi'] ...
Flash Scores: ['3^2', '2^6', '3^2', '2^6']

Iteration 0: Frontier 5 (Avg Len 1.0), Flash Size 4
Expanding 20 combinations...
Iter 0 Complete: Best Score 3^4 | Total Visited 17
Flash Words: ['a', 'b', 'ai', 'bi'] ...
Flash Scores: ['3^2', '2^6', '3^2', '2^6']

Iteration 1: Frontier 12 (Avg Len 2.0), Flash Size 4
Expanding 48 combinations...
Iter 1 Complete: Best Score 2^6 | Total Visited 53
Flash Words: ['a', 'b', 'ai', 'bi'] ...
Flash Scores: ['3^2', '2^6', '3^2', '2^6']

Iteration 2: Frontier 36 (Avg Len 3.0), Flash Size 4
Expanding 144 combinations...
Iter 2 Complete: Best Score 2^4 | Total Visited 161
Flash Words: ['a', 'b', 'ai', 'bi'] ...
Flash Scores: ['3^2', '2^6', '3^2', '2^6']

Iteration 3: Frontier 108 (Avg Len 4.0), Flash Size 4
Expanding 432 combinations...
Iter 3 Complete: Best Score 2^2 * 3^2 | Total Visited 485
Flash Words: ['a', 'b', 'ai', 'bi'] ...
Flash Scores: ['3^2', '2^6', '3^2', '2^6']

Iteration 4: Frontier 324 (Avg Len 5.0), Flash Size 4
Expanding 1296 combinations...
Iter 4 Complete: Best Score 2^2 * 3^4 | Total Visited 1457
Flash Words: ['a', 'b', 'ai', 'bi'] ...
Flash Scores: ['3^2', '2^6', '3^2', '2^6']

Iteration 5: Frontier 972 (Avg Len 6.0), Flash Size 4
Expanding 3888 combinations...
Iter 5 Complete: Best Score 3^2 | Total Visited 4345
Flash Words: ['a', 'b', 'ai', 'bi'] ...
Flash Scores: ['3^2', '2^6', '3^2', '2^6']

Iteration 6: Frontier 2888 (Avg Len 7.0), Flash Size 4
Expanding 11552 combinations...

DET 1 found at iteration 6 (Length 8)
  ... 1000/2888 frontier nodes expanded
  ... 2000/2888 frontier nodes expanded
Iter 6 Complete: Best Score 1 | Total Visited 12874
Flash Words: ['a', 'b', 'ai', 'bi'] ...
Flash Scores: ['3^2', '2^6', '3^2', '2^6']

Iteration 7: Frontier 8529 (Avg Len 8.0), Flash Size 4
Expanding 34116 combinations...
  ... 1000/8529 frontier nodes expanded
  ... 2000/8529 frontier nodes expanded
  ... 3000/8529 frontier nodes expanded
  ... 4000/8529 frontier nodes expanded
  ... 5000/8529 frontier nodes expanded
  ... 6000/8529 frontier nodes expanded
  ... 7000/8529 frontier nodes expanded
  ... 8000/8529 frontier nodes expanded
Iter 7 Complete: Best Score 3^6 | Total Visited 38010
Flash Words: ['a', 'b', 'ai', 'bi'] ...
Flash Scores: ['3^2', '2^6', '3^2', '2^6']

Iteration 8: Frontier 20000 (Avg Len 9.0), Flash Size 4
Expanding 80000 combinations...
  ... 1000/20000 frontier nodes expanded
  ... 2000/20000 frontier nodes expanded
  ... 3000/20000 frontier nodes expanded
  ... 4000/20000 frontier nodes expanded
  ... 5000/20000 frontier nodes expanded
  ... 6000/20000 frontier nodes expanded
  ... 7000/20000 frontier nodes expanded
  ... 8000/20000 frontier nodes expanded
  ... 9000/20000 frontier nodes expanded
  ... 10000/20000 frontier nodes expanded
  ... 11000/20000 frontier nodes expanded
  ... 12000/20000 frontier nodes expanded
  ... 13000/20000 frontier nodes expanded
  ... 14000/20000 frontier nodes expanded
  ... 15000/20000 frontier nodes expanded
  ... 16000/20000 frontier nodes expanded
  ... 17000/20000 frontier nodes expanded
  ... 18000/20000 frontier nodes expanded
  ... 19000/20000 frontier nodes expanded
Iter 8 Complete: Best Score 2^6 * 3^2 | Total Visited 96562
Flash Words: ['a', 'b', 'ai', 'bi'] ...
Flash Scores: ['3^2', '2^6', '3^2', '2^6']

Iteration 9: Frontier 20000 (Avg Len 10.0), Flash Size 4
Expanding 80000 combinations...
  ... 1000/20000 frontier nodes expanded
  ... 2000/20000 frontier nodes expanded
  ... 3000/20000 frontier nodes expanded
  ... 4000/20000 frontier nodes expanded
  ... 5000/20000 frontier nodes expanded
  ... 6000/20000 frontier nodes expanded
  ... 7000/20000 frontier nodes expanded
  ... 8000/20000 frontier nodes expanded
  ... 9000/20000 frontier nodes expanded
  ... 10000/20000 frontier nodes expanded
  ... 11000/20000 frontier nodes expanded
  ... 12000/20000 frontier nodes expanded
  ... 13000/20000 frontier nodes expanded
  ... 14000/20000 frontier nodes expanded
  ... 15000/20000 frontier nodes expanded
  ... 16000/20000 frontier nodes expanded
  ... 17000/20000 frontier nodes expanded
  ... 18000/20000 frontier nodes expanded
  ... 19000/20000 frontier nodes expanded
Iter 9 Complete: Best Score 3^6 | Total Visited 153766
Flash Words: ['a', 'b', 'ai', 'bi'] ...
Flash Scores: ['3^2', '2^6', '3^2', '2^6']

Iteration 10: Frontier 20000 (Avg Len 11.0), Flash Size 4
Expanding 80000 combinations...
  ... 1000/20000 frontier nodes expanded
  ... 2000/20000 frontier nodes expanded
  ... 3000/20000 frontier nodes expanded
  ... 4000/20000 frontier nodes expanded
  ... 5000/20000 frontier nodes expanded
  ... 6000/20000 frontier nodes expanded
  ... 7000/20000 frontier nodes expanded
  ... 8000/20000 frontier nodes expanded
  ... 9000/20000 frontier nodes expanded
  ... 10000/20000 frontier nodes expanded
  ... 11000/20000 frontier nodes expanded
  ... 12000/20000 frontier nodes expanded
  ... 13000/20000 frontier nodes expanded
  ... 14000/20000 frontier nodes expanded
  ... 15000/20000 frontier nodes expanded
  ... 16000/20000 frontier nodes expanded
  ... 17000/20000 frontier nodes expanded
  ... 18000/20000 frontier nodes expanded
  ... 19000/20000 frontier nodes expanded
Iter 10 Complete: Best Score 2^6 * 3^2 | Total Visited 210211
Flash Words: ['a', 'b', 'ai', 'bi'] ...
Flash Scores: ['3^2', '2^6', '3^2', '2^6']

Iteration 11: Frontier 20000 (Avg Len 12.0), Flash Size 4
Expanding 80000 combinations...
  ... 1000/20000 frontier nodes expanded
  ... 2000/20000 frontier nodes expanded
  ... 3000/20000 frontier nodes expanded
  ... 4000/20000 frontier nodes expanded
  ... 5000/20000 frontier nodes expanded
  ... 6000/20000 frontier nodes expanded
  ... 7000/20000 frontier nodes expanded
  ... 8000/20000 frontier nodes expanded
  ... 9000/20000 frontier nodes expanded
  ... 10000/20000 frontier nodes expanded
  ... 11000/20000 frontier nodes expanded
  ... 12000/20000 frontier nodes expanded
  ... 13000/20000 frontier nodes expanded
  ... 14000/20000 frontier nodes expanded
  ... 15000/20000 frontier nodes expanded
  ... 16000/20000 frontier nodes expanded
  ... 17000/20000 frontier nodes expanded
  ... 18000/20000 frontier nodes expanded
  ... 19000/20000 frontier nodes expanded
Iter 11 Complete: Best Score 3^6 | Total Visited 266063
Flash Words: ['a', 'b', 'ai', 'bi'] ...
Flash Scores: ['3^2', '2^6', '3^2', '2^6']

Iteration 12: Frontier 20000 (Avg Len 13.0), Flash Size 4
Expanding 80000 combinations...
  ... 1000/20000 frontier nodes expanded
  ... 2000/20000 frontier nodes expanded
  ... 3000/20000 frontier nodes expanded
  ... 4000/20000 frontier nodes expanded
  ... 5000/20000 frontier nodes expanded
  ... 6000/20000 frontier nodes expanded
  ... 7000/20000 frontier nodes expanded
  ... 8000/20000 frontier nodes expanded
  ... 9000/20000 frontier nodes expanded
  ... 10000/20000 frontier nodes expanded
  ... 11000/20000 frontier nodes expanded
  ... 12000/20000 frontier nodes expanded
  ... 13000/20000 frontier nodes expanded
  ... 14000/20000 frontier nodes expanded
  ... 15000/20000 frontier nodes expanded
  ... 16000/20000 frontier nodes expanded
  ... 17000/20000 frontier nodes expanded
  ... 18000/20000 frontier nodes expanded
  ... 19000/20000 frontier nodes expanded
Iter 12 Complete: Best Score 2^2 * 3^6 | Total Visited 322003
Flash Words: ['a', 'b', 'ai', 'bi'] ...
Flash Scores: ['3^2', '2^6', '3^2', '2^6']

Iteration 13: Frontier 20000 (Avg Len 14.0), Flash Size 4
Expanding 80000 combinations...
  ... 1000/20000 frontier nodes expanded
  ... 2000/20000 frontier nodes expanded
  ... 3000/20000 frontier nodes expanded
  ... 4000/20000 frontier nodes expanded
  ... 5000/20000 frontier nodes expanded
  ... 6000/20000 frontier nodes expanded
  ... 7000/20000 frontier nodes expanded
  ... 8000/20000 frontier nodes expanded
  ... 9000/20000 frontier nodes expanded
  ... 10000/20000 frontier nodes expanded
  ... 11000/20000 frontier nodes expanded
  ... 12000/20000 frontier nodes expanded
  ... 13000/20000 frontier nodes expanded
  ... 14000/20000 frontier nodes expanded
  ... 15000/20000 frontier nodes expanded
  ... 16000/20000 frontier nodes expanded
  ... 17000/20000 frontier nodes expanded
  ... 18000/20000 frontier nodes expanded
  ... 19000/20000 frontier nodes expanded
Iter 13 Complete: Best Score 2^8 * 3^2 | Total Visited 378299
Flash Words: ['a', 'b', 'ai', 'bi'] ...
Flash Scores: ['3^2', '2^6', '3^2', '2^6']

Iteration 14: Frontier 20000 (Avg Len 15.0), Flash Size 4
Expanding 80000 combinations...
  ... 1000/20000 frontier nodes expanded
  ... 2000/20000 frontier nodes expanded
  ... 3000/20000 frontier nodes expanded
  ... 4000/20000 frontier nodes expanded
  ... 5000/20000 frontier nodes expanded
  ... 6000/20000 frontier nodes expanded
  ... 7000/20000 frontier nodes expanded
  ... 8000/20000 frontier nodes expanded
  ... 9000/20000 frontier nodes expanded
  ... 10000/20000 frontier nodes expanded
  ... 11000/20000 frontier nodes expanded
  ... 12000/20000 frontier nodes expanded
  ... 13000/20000 frontier nodes expanded
  ... 14000/20000 frontier nodes expanded
  ... 15000/20000 frontier nodes expanded
  ... 16000/20000 frontier nodes expanded
  ... 17000/20000 frontier nodes expanded
  ... 18000/20000 frontier nodes expanded
  ... 19000/20000 frontier nodes expanded
Iter 14 Complete: Best Score 2^2 * 3^6 | Total Visited 434701
Flash Words: ['a', 'b', 'ai', 'bi'] ...
Flash Scores: ['3^2', '2^6', '3^2', '2^6']

Iteration 15: Frontier 20000 (Avg Len 16.0), Flash Size 4
Expanding 80000 combinations...
  ... 1000/20000 frontier nodes expanded
  ... 2000/20000 frontier nodes expanded
  ... 3000/20000 frontier nodes expanded
  ... 4000/20000 frontier nodes expanded
  ... 5000/20000 frontier nodes expanded
  ... 6000/20000 frontier nodes expanded
  ... 7000/20000 frontier nodes expanded
  ... 8000/20000 frontier nodes expanded
  ... 9000/20000 frontier nodes expanded
  ... 10000/20000 frontier nodes expanded
  ... 11000/20000 frontier nodes expanded
  ... 12000/20000 frontier nodes expanded
  ... 13000/20000 frontier nodes expanded
  ... 14000/20000 frontier nodes expanded
  ... 15000/20000 frontier nodes expanded
  ... 16000/20000 frontier nodes expanded
  ... 17000/20000 frontier nodes expanded
  ... 18000/20000 frontier nodes expanded
  ... 19000/20000 frontier nodes expanded
Iter 15 Complete: Best Score 2^8 * 3^2 | Total Visited 491299
Flash Words: ['a', 'b', 'ai', 'bi'] ...
Flash Scores: ['3^2', '2^6', '3^2', '2^6']

Iteration 16: Frontier 20000 (Avg Len 17.0), Flash Size 4
Expanding 80000 combinations...
  ... 1000/20000 frontier nodes expanded
  ... 2000/20000 frontier nodes expanded
  ... 3000/20000 frontier nodes expanded
  ... 4000/20000 frontier nodes expanded
  ... 5000/20000 frontier nodes expanded
  ... 6000/20000 frontier nodes expanded
  ... 7000/20000 frontier nodes expanded
  ... 8000/20000 frontier nodes expanded
  ... 9000/20000 frontier nodes expanded
  ... 10000/20000 frontier nodes expanded
  ... 11000/20000 frontier nodes expanded
  ... 12000/20000 frontier nodes expanded
  ... 13000/20000 frontier nodes expanded
  ... 14000/20000 frontier nodes expanded
  ... 15000/20000 frontier nodes expanded
  ... 16000/20000 frontier nodes expanded
  ... 17000/20000 frontier nodes expanded
  ... 18000/20000 frontier nodes expanded
  ... 19000/20000 frontier nodes expanded
Iter 16 Complete: Best Score 2^12 | Total Visited 547654
Flash Words: ['a', 'b', 'ai', 'bi'] ...
Flash Scores: ['3^2', '2^6', '3^2', '2^6']

Iteration 17: Frontier 20000 (Avg Len 18.0), Flash Size 4
Expanding 80000 combinations...
  ... 1000/20000 frontier nodes expanded
  ... 2000/20000 frontier nodes expanded
  ... 3000/20000 frontier nodes expanded
  ... 4000/20000 frontier nodes expanded
  ... 5000/20000 frontier nodes expanded
  ... 6000/20000 frontier nodes expanded
  ... 7000/20000 frontier nodes expanded
  ... 8000/20000 frontier nodes expanded
  ... 9000/20000 frontier nodes expanded
  ... 10000/20000 frontier nodes expanded
  ... 11000/20000 frontier nodes expanded
  ... 12000/20000 frontier nodes expanded
  ... 13000/20000 frontier nodes expanded
  ... 14000/20000 frontier nodes expanded
  ... 15000/20000 frontier nodes expanded
  ... 16000/20000 frontier nodes expanded
  ... 17000/20000 frontier nodes expanded
  ... 18000/20000 frontier nodes expanded
  ... 19000/20000 frontier nodes expanded
Iter 17 Complete: Best Score 2^8 * 3^2 | Total Visited 604094
Flash Words: ['a', 'b', 'ai', 'bi'] ...
Flash Scores: ['3^2', '2^6', '3^2', '2^6']

Iteration 18: Frontier 20000 (Avg Len 19.0), Flash Size 4
Expanding 80000 combinations...
  ... 1000/20000 frontier nodes expanded
  ... 2000/20000 frontier nodes expanded
  ... 3000/20000 frontier nodes expanded
  ... 4000/20000 frontier nodes expanded
  ... 5000/20000 frontier nodes expanded
  ... 6000/20000 frontier nodes expanded
  ... 7000/20000 frontier nodes expanded
  ... 8000/20000 frontier nodes expanded
  ... 9000/20000 frontier nodes expanded
  ... 10000/20000 frontier nodes expanded
  ... 11000/20000 frontier nodes expanded
  ... 12000/20000 frontier nodes expanded
  ... 13000/20000 frontier nodes expanded
  ... 14000/20000 frontier nodes expanded
  ... 15000/20000 frontier nodes expanded
  ... 16000/20000 frontier nodes expanded
  ... 17000/20000 frontier nodes expanded
  ... 18000/20000 frontier nodes expanded
  ... 19000/20000 frontier nodes expanded
Iter 18 Complete: Best Score 2^8 | Total Visited 660516
Flash Words: ['a', 'b', 'ai', 'bi'] ...
Flash Scores: ['3^2', '2^6', '3^2', '2^6']

Iteration 19: Frontier 20000 (Avg Len 20.0), Flash Size 4
Expanding 80000 combinations...
  ... 1000/20000 frontier nodes expanded
  ... 2000/20000 frontier nodes expanded
  ... 3000/20000 frontier nodes expanded
  ... 4000/20000 frontier nodes expanded
  ... 5000/20000 frontier nodes expanded
  ... 6000/20000 frontier nodes expanded
  ... 7000/20000 frontier nodes expanded
  ... 8000/20000 frontier nodes expanded
  ... 9000/20000 frontier nodes expanded
  ... 10000/20000 frontier nodes expanded
  ... 11000/20000 frontier nodes expanded
  ... 12000/20000 frontier nodes expanded
  ... 13000/20000 frontier nodes expanded
  ... 14000/20000 frontier nodes expanded
  ... 15000/20000 frontier nodes expanded
  ... 16000/20000 frontier nodes expanded
  ... 17000/20000 frontier nodes expanded
  ... 18000/20000 frontier nodes expanded
  ... 19000/20000 frontier nodes expanded
Iter 19 Complete: Best Score 2^8 * 3^2 | Total Visited 716973
Flash Words: ['a', 'b', 'ai', 'bi'] ...
Flash Scores: ['3^2', '2^6', '3^2', '2^6']

Iteration 20: Frontier 20000 (Avg Len 21.0), Flash Size 4
Expanding 80000 combinations...
  ... 1000/20000 frontier nodes expanded
  ... 2000/20000 frontier nodes expanded
  ... 3000/20000 frontier nodes expanded
  ... 4000/20000 frontier nodes expanded
  ... 5000/20000 frontier nodes expanded
  ... 6000/20000 frontier nodes expanded
  ... 7000/20000 frontier nodes expanded
  ... 8000/20000 frontier nodes expanded
  ... 9000/20000 frontier nodes expanded
  ... 10000/20000 frontier nodes expanded
  ... 11000/20000 frontier nodes expanded
  ... 12000/20000 frontier nodes expanded
  ... 13000/20000 frontier nodes expanded
  ... 14000/20000 frontier nodes expanded
  ... 15000/20000 frontier nodes expanded
  ... 16000/20000 frontier nodes expanded
  ... 17000/20000 frontier nodes expanded
  ... 18000/20000 frontier nodes expanded
  ... 19000/20000 frontier nodes expanded
Iter 20 Complete: Best Score 2^8 | Total Visited 773372
Flash Words: ['a', 'b', 'ai', 'bi'] ...
Flash Scores: ['3^2', '2^6', '3^2', '2^6']

Iteration 21: Frontier 20000 (Avg Len 22.0), Flash Size 4
Expanding 80000 combinations...
  ... 1000/20000 frontier nodes expanded
  ... 2000/20000 frontier nodes expanded
  ... 3000/20000 frontier nodes expanded
  ... 4000/20000 frontier nodes expanded
  ... 5000/20000 frontier nodes expanded
  ... 6000/20000 frontier nodes expanded
  ... 7000/20000 frontier nodes expanded
  ... 8000/20000 frontier nodes expanded
  ... 9000/20000 frontier nodes expanded
  ... 10000/20000 frontier nodes expanded
  ... 11000/20000 frontier nodes expanded
  ... 12000/20000 frontier nodes expanded
  ... 13000/20000 frontier nodes expanded
  ... 14000/20000 frontier nodes expanded
  ... 15000/20000 frontier nodes expanded
  ... 16000/20000 frontier nodes expanded
  ... 17000/20000 frontier nodes expanded
  ... 18000/20000 frontier nodes expanded
  ... 19000/20000 frontier nodes expanded
Iter 21 Complete: Best Score 2^6 * 3^2 | Total Visited 829720
Flash Words: ['a', 'b', 'ai', 'bi'] ...
Flash Scores: ['3^2', '2^6', '3^2', '2^6']

Iteration 22: Frontier 20000 (Avg Len 23.0), Flash Size 4
Expanding 80000 combinations...
  ... 1000/20000 frontier nodes expanded
  ... 2000/20000 frontier nodes expanded
  ... 3000/20000 frontier nodes expanded
  ... 4000/20000 frontier nodes expanded
  ... 5000/20000 frontier nodes expanded
  ... 6000/20000 frontier nodes expanded
  ... 7000/20000 frontier nodes expanded
  ... 8000/20000 frontier nodes expanded
  ... 9000/20000 frontier nodes expanded
  ... 10000/20000 frontier nodes expanded
  ... 11000/20000 frontier nodes expanded
  ... 12000/20000 frontier nodes expanded
  ... 13000/20000 frontier nodes expanded
  ... 14000/20000 frontier nodes expanded
  ... 15000/20000 frontier nodes expanded
  ... 16000/20000 frontier nodes expanded
  ... 17000/20000 frontier nodes expanded
  ... 18000/20000 frontier nodes expanded
  ... 19000/20000 frontier nodes expanded
Iter 22 Complete: Best Score 2^6 | Total Visited 886163
Flash Words: ['a', 'b', 'ai', 'bi'] ...
Flash Scores: ['3^2', '2^6', '3^2', '2^6']

Iteration 23: Frontier 20000 (Avg Len 24.0), Flash Size 4
Expanding 80000 combinations...
  ... 1000/20000 frontier nodes expanded
  ... 2000/20000 frontier nodes expanded
  ... 3000/20000 frontier nodes expanded
  ... 4000/20000 frontier nodes expanded
  ... 5000/20000 frontier nodes expanded
  ... 6000/20000 frontier nodes expanded
  ... 7000/20000 frontier nodes expanded
  ... 8000/20000 frontier nodes expanded
  ... 9000/20000 frontier nodes expanded
  ... 10000/20000 frontier nodes expanded
  ... 11000/20000 frontier nodes expanded
  ... 12000/20000 frontier nodes expanded
  ... 13000/20000 frontier nodes expanded
  ... 14000/20000 frontier nodes expanded
  ... 15000/20000 frontier nodes expanded
  ... 16000/20000 frontier nodes expanded
  ... 17000/20000 frontier nodes expanded
  ... 18000/20000 frontier nodes expanded
  ... 19000/20000 frontier nodes expanded
Iter 23 Complete: Best Score 2^6 * 3^2 | Total Visited 942579
Flash Words: ['a', 'b', 'ai', 'bi'] ...
Flash Scores: ['3^2', '2^6', '3^2', '2^6']

Iteration 24: Frontier 20000 (Avg Len 25.0), Flash Size 4
Expanding 80000 combinations...
  ... 1000/20000 frontier nodes expanded
  ... 2000/20000 frontier nodes expanded
  ... 3000/20000 frontier nodes expanded
  ... 4000/20000 frontier nodes expanded
  ... 5000/20000 frontier nodes expanded
  ... 6000/20000 frontier nodes expanded
  ... 7000/20000 frontier nodes expanded
  ... 8000/20000 frontier nodes expanded
  ... 9000/20000 frontier nodes expanded
  ... 10000/20000 frontier nodes expanded
  ... 11000/20000 frontier nodes expanded
  ... 12000/20000 frontier nodes expanded
  ... 13000/20000 frontier nodes expanded
  ... 14000/20000 frontier nodes expanded
  ... 15000/20000 frontier nodes expanded
  ... 16000/20000 frontier nodes expanded
  ... 17000/20000 frontier nodes expanded
  ... 18000/20000 frontier nodes expanded
  ... 19000/20000 frontier nodes expanded
Iter 24 Complete: Best Score 2^10 | Total Visited 998932
Flash Words: ['a', 'b', 'ai', 'bi'] ...
Flash Scores: ['3^2', '2^6', '3^2', '2^6']

Iteration 25: Frontier 20000 (Avg Len 26.0), Flash Size 4
Expanding 80000 combinations...
  ... 1000/20000 frontier nodes expanded
  ... 2000/20000 frontier nodes expanded
  ... 3000/20000 frontier nodes expanded
  ... 4000/20000 frontier nodes expanded
  ... 5000/20000 frontier nodes expanded
  ... 6000/20000 frontier nodes expanded
  ... 7000/20000 frontier nodes expanded
  ... 8000/20000 frontier nodes expanded
  ... 9000/20000 frontier nodes expanded
  ... 10000/20000 frontier nodes expanded
  ... 11000/20000 frontier nodes expanded
  ... 12000/20000 frontier nodes expanded
  ... 13000/20000 frontier nodes expanded
  ... 14000/20000 frontier nodes expanded
  ... 15000/20000 frontier nodes expanded
  ... 16000/20000 frontier nodes expanded
  ... 17000/20000 frontier nodes expanded
  ... 18000/20000 frontier nodes expanded
  ... 19000/20000 frontier nodes expanded
Iter 25 Complete: Best Score 2^10 | Total Visited 1055218
Flash Words: ['a', 'b', 'ai', 'bi'] ...
Flash Scores: ['3^2', '2^6', '3^2', '2^6']

Iteration 26: Frontier 20000 (Avg Len 27.0), Flash Size 4
Expanding 80000 combinations...
  ... 1000/20000 frontier nodes expanded
  ... 2000/20000 frontier nodes expanded
  ... 3000/20000 frontier nodes expanded
  ... 4000/20000 frontier nodes expanded
  ... 5000/20000 frontier nodes expanded
  ... 6000/20000 frontier nodes expanded
  ... 7000/20000 frontier nodes expanded
  ... 8000/20000 frontier nodes expanded
  ... 9000/20000 frontier nodes expanded
  ... 10000/20000 frontier nodes expanded
  ... 11000/20000 frontier nodes expanded
  ... 12000/20000 frontier nodes expanded
  ... 13000/20000 frontier nodes expanded
  ... 14000/20000 frontier nodes expanded
  ... 15000/20000 frontier nodes expanded
  ... 16000/20000 frontier nodes expanded
  ... 17000/20000 frontier nodes expanded
  ... 18000/20000 frontier nodes expanded
  ... 19000/20000 frontier nodes expanded
Iter 26 Complete: Best Score 2^2 * 3^4 | Total Visited 1111585
Flash Words: ['a', 'b', 'ai', 'bi'] ...
Flash Scores: ['3^2', '2^6', '3^2', '2^6']

Iteration 27: Frontier 20000 (Avg Len 28.0), Flash Size 4
Expanding 80000 combinations...
  ... 1000/20000 frontier nodes expanded
  ... 2000/20000 frontier nodes expanded
  ... 3000/20000 frontier nodes expanded
  ... 4000/20000 frontier nodes expanded
  ... 5000/20000 frontier nodes expanded
  ... 6000/20000 frontier nodes expanded
  ... 7000/20000 frontier nodes expanded
  ... 8000/20000 frontier nodes expanded
  ... 9000/20000 frontier nodes expanded
  ... 10000/20000 frontier nodes expanded
  ... 11000/20000 frontier nodes expanded
  ... 12000/20000 frontier nodes expanded
  ... 13000/20000 frontier nodes expanded
  ... 14000/20000 frontier nodes expanded
  ... 15000/20000 frontier nodes expanded
  ... 16000/20000 frontier nodes expanded
  ... 17000/20000 frontier nodes expanded
  ... 18000/20000 frontier nodes expanded
  ... 19000/20000 frontier nodes expanded
Iter 27 Complete: Best Score 2^2 * 3^4 | Total Visited 1168037
Flash Words: ['a', 'b', 'ai', 'bi'] ...
Flash Scores: ['3^2', '2^6', '3^2', '2^6']

Iteration 28: Frontier 20000 (Avg Len 29.0), Flash Size 4
Expanding 80000 combinations...
  ... 1000/20000 frontier nodes expanded
  ... 2000/20000 frontier nodes expanded
  ... 3000/20000 frontier nodes expanded
  ... 4000/20000 frontier nodes expanded
  ... 5000/20000 frontier nodes expanded
  ... 6000/20000 frontier nodes expanded
  ... 7000/20000 frontier nodes expanded
  ... 8000/20000 frontier nodes expanded
  ... 9000/20000 frontier nodes expanded
  ... 10000/20000 frontier nodes expanded
  ... 11000/20000 frontier nodes expanded
  ... 12000/20000 frontier nodes expanded
  ... 13000/20000 frontier nodes expanded
  ... 14000/20000 frontier nodes expanded
  ... 15000/20000 frontier nodes expanded
  ... 16000/20000 frontier nodes expanded
  ... 17000/20000 frontier nodes expanded
  ... 18000/20000 frontier nodes expanded
  ... 19000/20000 frontier nodes expanded
Iter 28 Complete: Best Score 3^4 | Total Visited 1224603
Flash Words: ['a', 'b', 'ai', 'bi'] ...
Flash Scores: ['3^2', '2^6', '3^2', '2^6']

Iteration 29: Frontier 20000 (Avg Len 30.0), Flash Size 4
Expanding 80000 combinations...
  ... 1000/20000 frontier nodes expanded
  ... 2000/20000 frontier nodes expanded
  ... 3000/20000 frontier nodes expanded
  ... 4000/20000 frontier nodes expanded
  ... 5000/20000 frontier nodes expanded
  ... 6000/20000 frontier nodes expanded
  ... 7000/20000 frontier nodes expanded
  ... 8000/20000 frontier nodes expanded
  ... 9000/20000 frontier nodes expanded
  ... 10000/20000 frontier nodes expanded
  ... 11000/20000 frontier nodes expanded
  ... 12000/20000 frontier nodes expanded
  ... 13000/20000 frontier nodes expanded
  ... 14000/20000 frontier nodes expanded
  ... 15000/20000 frontier nodes expanded
  ... 16000/20000 frontier nodes expanded
  ... 17000/20000 frontier nodes expanded
  ... 18000/20000 frontier nodes expanded
  ... 19000/20000 frontier nodes expanded
Iter 29 Complete: Best Score 2^4 * 3^2 | Total Visited 1281070
Flash Words: ['a', 'b', 'ai', 'bi'] ...
Flash Scores: ['3^2', '2^6', '3^2', '2^6']

Iteration 30: Frontier 20000 (Avg Len 31.0), Flash Size 4
Expanding 80000 combinations...
  ... 1000/20000 frontier nodes expanded
  ... 2000/20000 frontier nodes expanded
  ... 3000/20000 frontier nodes expanded
  ... 4000/20000 frontier nodes expanded
  ... 5000/20000 frontier nodes expanded
  ... 6000/20000 frontier nodes expanded
  ... 7000/20000 frontier nodes expanded
  ... 8000/20000 frontier nodes expanded
  ... 9000/20000 frontier nodes expanded
  ... 10000/20000 frontier nodes expanded
  ... 11000/20000 frontier nodes expanded
  ... 12000/20000 frontier nodes expanded
  ... 13000/20000 frontier nodes expanded
  ... 14000/20000 frontier nodes expanded
  ... 15000/20000 frontier nodes expanded
  ... 16000/20000 frontier nodes expanded
  ... 17000/20000 frontier nodes expanded
  ... 18000/20000 frontier nodes expanded
  ... 19000/20000 frontier nodes expanded
Iter 30 Complete: Best Score 2^2 * 3^4 | Total Visited 1337398
Flash Words: ['a', 'b', 'ai', 'bi'] ...
Flash Scores: ['3^2', '2^6', '3^2', '2^6']

Iteration 31: Frontier 20000 (Avg Len 32.0), Flash Size 4
Expanding 80000 combinations...
  ... 1000/20000 frontier nodes expanded
  ... 2000/20000 frontier nodes expanded
  ... 3000/20000 frontier nodes expanded
  ... 4000/20000 frontier nodes expanded
  ... 5000/20000 frontier nodes expanded
  ... 6000/20000 frontier nodes expanded
  ... 7000/20000 frontier nodes expanded
  ... 8000/20000 frontier nodes expanded
  ... 9000/20000 frontier nodes expanded
  ... 10000/20000 frontier nodes expanded
  ... 11000/20000 frontier nodes expanded
  ... 12000/20000 frontier nodes expanded
  ... 13000/20000 frontier nodes expanded
  ... 14000/20000 frontier nodes expanded
  ... 15000/20000 frontier nodes expanded
  ... 16000/20000 frontier nodes expanded
  ... 17000/20000 frontier nodes expanded
  ... 18000/20000 frontier nodes expanded
  ... 19000/20000 frontier nodes expanded
Iter 31 Complete: Best Score 2^4 * 3^2 | Total Visited 1393782
Flash Words: ['a', 'b', 'ai', 'bi'] ...
Flash Scores: ['3^2', '2^6', '3^2', '2^6']

Iteration 32: Frontier 20000 (Avg Len 33.0), Flash Size 4
Expanding 80000 combinations...
  ... 1000/20000 frontier nodes expanded
  ... 2000/20000 frontier nodes expanded
  ... 3000/20000 frontier nodes expanded
  ... 4000/20000 frontier nodes expanded
  ... 5000/20000 frontier nodes expanded
  ... 6000/20000 frontier nodes expanded
  ... 7000/20000 frontier nodes expanded
  ... 8000/20000 frontier nodes expanded
  ... 9000/20000 frontier nodes expanded
  ... 10000/20000 frontier nodes expanded
  ... 11000/20000 frontier nodes expanded
  ... 12000/20000 frontier nodes expanded
  ... 13000/20000 frontier nodes expanded
  ... 14000/20000 frontier nodes expanded
  ... 15000/20000 frontier nodes expanded
  ... 16000/20000 frontier nodes expanded
  ... 17000/20000 frontier nodes expanded
  ... 18000/20000 frontier nodes expanded
  ... 19000/20000 frontier nodes expanded
Iter 32 Complete: Best Score 2^4 * 3^2 | Total Visited 1450206
Flash Words: ['a', 'b', 'ai', 'bi'] ...
Flash Scores: ['3^2', '2^6', '3^2', '2^6']

Iteration 33: Frontier 20000 (Avg Len 34.0), Flash Size 4
Expanding 80000 combinations...
  ... 1000/20000 frontier nodes expanded
  ... 2000/20000 frontier nodes expanded
  ... 3000/20000 frontier nodes expanded
  ... 4000/20000 frontier nodes expanded
  ... 5000/20000 frontier nodes expanded
  ... 6000/20000 frontier nodes expanded
  ... 7000/20000 frontier nodes expanded
  ... 8000/20000 frontier nodes expanded
  ... 9000/20000 frontier nodes expanded
  ... 10000/20000 frontier nodes expanded
  ... 11000/20000 frontier nodes expanded
  ... 12000/20000 frontier nodes expanded
  ... 13000/20000 frontier nodes expanded
  ... 14000/20000 frontier nodes expanded
  ... 15000/20000 frontier nodes expanded
  ... 16000/20000 frontier nodes expanded
  ... 17000/20000 frontier nodes expanded
  ... 18000/20000 frontier nodes expanded
  ... 19000/20000 frontier nodes expanded
Iter 33 Complete: Best Score 2^2 * 3^2 | Total Visited 1506786
Flash Words: ['a', 'b', 'ai', 'bi'] ...
Flash Scores: ['3^2', '2^6', '3^2', '2^6']

Iteration 34: Frontier 20000 (Avg Len 35.0), Flash Size 4
Expanding 80000 combinations...
  ... 1000/20000 frontier nodes expanded
  ... 2000/20000 frontier nodes expanded
  ... 3000/20000 frontier nodes expanded
  ... 4000/20000 frontier nodes expanded
  ... 5000/20000 frontier nodes expanded
  ... 6000/20000 frontier nodes expanded
  ... 7000/20000 frontier nodes expanded
  ... 8000/20000 frontier nodes expanded
  ... 9000/20000 frontier nodes expanded
  ... 10000/20000 frontier nodes expanded
  ... 11000/20000 frontier nodes expanded
  ... 12000/20000 frontier nodes expanded
  ... 13000/20000 frontier nodes expanded
  ... 14000/20000 frontier nodes expanded
  ... 15000/20000 frontier nodes expanded
  ... 16000/20000 frontier nodes expanded
  ... 17000/20000 frontier nodes expanded
  ... 18000/20000 frontier nodes expanded
  ... 19000/20000 frontier nodes expanded
Iter 34 Complete: Best Score 3^2 | Total Visited 1563200
Flash Words: ['a', 'b', 'ai', 'bi'] ...
Flash Scores: ['3^2', '2^6', '3^2', '2^6']

Iteration 35: Frontier 20000 (Avg Len 36.0), Flash Size 4
Expanding 80000 combinations...
  ... 1000/20000 frontier nodes expanded
  ... 2000/20000 frontier nodes expanded
  ... 3000/20000 frontier nodes expanded
  ... 4000/20000 frontier nodes expanded
  ... 5000/20000 frontier nodes expanded
  ... 6000/20000 frontier nodes expanded
  ... 7000/20000 frontier nodes expanded
  ... 8000/20000 frontier nodes expanded
  ... 9000/20000 frontier nodes expanded
  ... 10000/20000 frontier nodes expanded
  ... 11000/20000 frontier nodes expanded
  ... 12000/20000 frontier nodes expanded
  ... 13000/20000 frontier nodes expanded
  ... 14000/20000 frontier nodes expanded
  ... 15000/20000 frontier nodes expanded
  ... 16000/20000 frontier nodes expanded
  ... 17000/20000 frontier nodes expanded
  ... 18000/20000 frontier nodes expanded
  ... 19000/20000 frontier nodes expanded
Iter 35 Complete: Best Score 3^4 | Total Visited 1619620
Flash Words: ['a', 'b', 'ai', 'bi'] ...
Flash Scores: ['3^2', '2^6', '3^2', '2^6']

Iteration 36: Frontier 20000 (Avg Len 37.0), Flash Size 4
Expanding 80000 combinations...
  ... 1000/20000 frontier nodes expanded
  ... 2000/20000 frontier nodes expanded
  ... 3000/20000 frontier nodes expanded
  ... 4000/20000 frontier nodes expanded
  ... 5000/20000 frontier nodes expanded
  ... 6000/20000 frontier nodes expanded
  ... 7000/20000 frontier nodes expanded
  ... 8000/20000 frontier nodes expanded
  ... 9000/20000 frontier nodes expanded
  ... 10000/20000 frontier nodes expanded
  ... 11000/20000 frontier nodes expanded
  ... 12000/20000 frontier nodes expanded
  ... 13000/20000 frontier nodes expanded
  ... 14000/20000 frontier nodes expanded
  ... 15000/20000 frontier nodes expanded
  ... 16000/20000 frontier nodes expanded
  ... 17000/20000 frontier nodes expanded
  ... 18000/20000 frontier nodes expanded
  ... 19000/20000 frontier nodes expanded
Iter 36 Complete: Best Score 3^2 | Total Visited 1676032
Flash Words: ['a', 'b', 'ai', 'bi'] ...
Flash Scores: ['3^2', '2^6', '3^2', '2^6']

Iteration 37: Frontier 20000 (Avg Len 38.0), Flash Size 4
Expanding 80000 combinations...
  ... 1000/20000 frontier nodes expanded
  ... 2000/20000 frontier nodes expanded
  ... 3000/20000 frontier nodes expanded
  ... 4000/20000 frontier nodes expanded
  ... 5000/20000 frontier nodes expanded
  ... 6000/20000 frontier nodes expanded
  ... 7000/20000 frontier nodes expanded
  ... 8000/20000 frontier nodes expanded
  ... 9000/20000 frontier nodes expanded
  ... 10000/20000 frontier nodes expanded
  ... 11000/20000 frontier nodes expanded
  ... 12000/20000 frontier nodes expanded
  ... 13000/20000 frontier nodes expanded
  ... 14000/20000 frontier nodes expanded
  ... 15000/20000 frontier nodes expanded
  ... 16000/20000 frontier nodes expanded
  ... 17000/20000 frontier nodes expanded
  ... 18000/20000 frontier nodes expanded
  ... 19000/20000 frontier nodes expanded
Iter 37 Complete: Best Score 2^2 * 3^2 | Total Visited 1732487
Flash Words: ['a', 'b', 'ai', 'bi'] ...
Flash Scores: ['3^2', '2^6', '3^2', '2^6']

Iteration 38: Frontier 20000 (Avg Len 39.0), Flash Size 4
Expanding 80000 combinations...
  ... 1000/20000 frontier nodes expanded
  ... 2000/20000 frontier nodes expanded
  ... 3000/20000 frontier nodes expanded
  ... 4000/20000 frontier nodes expanded
  ... 5000/20000 frontier nodes expanded
  ... 6000/20000 frontier nodes expanded
  ... 7000/20000 frontier nodes expanded
  ... 8000/20000 frontier nodes expanded
  ... 9000/20000 frontier nodes expanded
  ... 10000/20000 frontier nodes expanded
  ... 11000/20000 frontier nodes expanded
  ... 12000/20000 frontier nodes expanded
  ... 13000/20000 frontier nodes expanded
  ... 14000/20000 frontier nodes expanded
  ... 15000/20000 frontier nodes expanded
  ... 16000/20000 frontier nodes expanded
  ... 17000/20000 frontier nodes expanded
  ... 18000/20000 frontier nodes expanded
  ... 19000/20000 frontier nodes expanded
Iter 38 Complete: Best Score 2^2 * 3^2 | Total Visited 1788914
Flash Words: ['a', 'b', 'ai', 'bi'] ...
Flash Scores: ['3^2', '2^6', '3^2', '2^6']

Iteration 39: Frontier 20000 (Avg Len 40.0), Flash Size 4
Expanding 80000 combinations...
  ... 1000/20000 frontier nodes expanded
  ... 2000/20000 frontier nodes expanded
  ... 3000/20000 frontier nodes expanded
  ... 4000/20000 frontier nodes expanded
  ... 5000/20000 frontier nodes expanded
  ... 6000/20000 frontier nodes expanded
  ... 7000/20000 frontier nodes expanded
  ... 8000/20000 frontier nodes expanded
  ... 9000/20000 frontier nodes expanded
  ... 10000/20000 frontier nodes expanded
  ... 11000/20000 frontier nodes expanded
  ... 12000/20000 frontier nodes expanded
  ... 13000/20000 frontier nodes expanded
  ... 14000/20000 frontier nodes expanded
  ... 15000/20000 frontier nodes expanded
  ... 16000/20000 frontier nodes expanded
  ... 17000/20000 frontier nodes expanded
  ... 18000/20000 frontier nodes expanded
  ... 19000/20000 frontier nodes expanded
Iter 39 Complete: Best Score 2^2 | Total Visited 1845337
Flash Words: ['a', 'b', 'ai', 'bi'] ...
Flash Scores: ['3^2', '2^6', '3^2', '2^6']

Iteration 40: Frontier 20000 (Avg Len 41.0), Flash Size 4
Expanding 80000 combinations...
  ... 1000/20000 frontier nodes expanded
  ... 2000/20000 frontier nodes expanded
  ... 3000/20000 frontier nodes expanded
  ... 4000/20000 frontier nodes expanded
  ... 5000/20000 frontier nodes expanded
  ... 6000/20000 frontier nodes expanded
  ... 7000/20000 frontier nodes expanded
  ... 8000/20000 frontier nodes expanded
  ... 9000/20000 frontier nodes expanded
  ... 10000/20000 frontier nodes expanded
  ... 11000/20000 frontier nodes expanded
  ... 12000/20000 frontier nodes expanded
  ... 13000/20000 frontier nodes expanded
  ... 14000/20000 frontier nodes expanded
  ... 15000/20000 frontier nodes expanded
  ... 16000/20000 frontier nodes expanded
  ... 17000/20000 frontier nodes expanded
  ... 18000/20000 frontier nodes expanded
  ... 19000/20000 frontier nodes expanded
Iter 40 Complete: Best Score 2^4 | Total Visited 1901883
Flash Words: ['a', 'b', 'ai', 'bi'] ...
Flash Scores: ['3^2', '2^6', '3^2', '2^6']

Iteration 41: Frontier 20000 (Avg Len 42.0), Flash Size 4
Expanding 80000 combinations...
  ... 1000/20000 frontier nodes expanded
  ... 2000/20000 frontier nodes expanded
  ... 3000/20000 frontier nodes expanded
  ... 4000/20000 frontier nodes expanded
  ... 5000/20000 frontier nodes expanded
  ... 6000/20000 frontier nodes expanded
  ... 7000/20000 frontier nodes expanded
  ... 8000/20000 frontier nodes expanded
  ... 9000/20000 frontier nodes expanded
  ... 10000/20000 frontier nodes expanded
  ... 11000/20000 frontier nodes expanded
  ... 12000/20000 frontier nodes expanded
  ... 13000/20000 frontier nodes expanded
  ... 14000/20000 frontier nodes expanded
  ... 15000/20000 frontier nodes expanded
  ... 16000/20000 frontier nodes expanded
  ... 17000/20000 frontier nodes expanded
  ... 18000/20000 frontier nodes expanded
  ... 19000/20000 frontier nodes expanded
Iter 41 Complete: Best Score 2^4 | Total Visited 1958392
Flash Words: ['a', 'b', 'ai', 'bi'] ...
Flash Scores: ['3^2', '2^6', '3^2', '2^6']

Iteration 42: Frontier 20000 (Avg Len 43.0), Flash Size 4
Expanding 80000 combinations...
  ... 1000/20000 frontier nodes expanded
  ... 2000/20000 frontier nodes expanded
  ... 3000/20000 frontier nodes expanded
  ... 4000/20000 frontier nodes expanded
  ... 5000/20000 frontier nodes expanded
  ... 6000/20000 frontier nodes expanded
  ... 7000/20000 frontier nodes expanded
  ... 8000/20000 frontier nodes expanded
  ... 9000/20000 frontier nodes expanded
  ... 10000/20000 frontier nodes expanded
  ... 11000/20000 frontier nodes expanded
  ... 12000/20000 frontier nodes expanded
  ... 13000/20000 frontier nodes expanded
  ... 14000/20000 frontier nodes expanded
  ... 15000/20000 frontier nodes expanded
  ... 16000/20000 frontier nodes expanded
  ... 17000/20000 frontier nodes expanded
  ... 18000/20000 frontier nodes expanded
  ... 19000/20000 frontier nodes expanded
Iter 42 Complete: Best Score 3^2 | Total Visited 2014747
Flash Words: ['a', 'b', 'ai', 'bi'] ...
Flash Scores: ['3^2', '2^6', '3^2', '2^6']

Iteration 43: Frontier 20000 (Avg Len 44.0), Flash Size 4
Expanding 80000 combinations...
  ... 1000/20000 frontier nodes expanded
  ... 2000/20000 frontier nodes expanded
  ... 3000/20000 frontier nodes expanded
  ... 4000/20000 frontier nodes expanded
  ... 5000/20000 frontier nodes expanded
  ... 6000/20000 frontier nodes expanded
  ... 7000/20000 frontier nodes expanded
  ... 8000/20000 frontier nodes expanded
  ... 9000/20000 frontier nodes expanded
  ... 10000/20000 frontier nodes expanded
  ... 11000/20000 frontier nodes expanded
  ... 12000/20000 frontier nodes expanded
  ... 13000/20000 frontier nodes expanded
  ... 14000/20000 frontier nodes expanded
  ... 15000/20000 frontier nodes expanded
  ... 16000/20000 frontier nodes expanded
  ... 17000/20000 frontier nodes expanded
  ... 18000/20000 frontier nodes expanded
  ... 19000/20000 frontier nodes expanded
Iter 43 Complete: Best Score 3^2 | Total Visited 2071169
Flash Words: ['a', 'b', 'ai', 'bi'] ...
Flash Scores: ['3^2', '2^6', '3^2', '2^6']

Iteration 44: Frontier 20000 (Avg Len 45.0), Flash Size 4
Expanding 80000 combinations...

*** TARGET LENGTH RELATION FOUND! ***
Word Length: 46
Trace: -65118166535330
Word: b . ai . bi . ai . b . a . a . a . bi . ai . bi . a . a . b . ai . bi . bi . a . a . a . a . b . ai . bi . ai . ai . ai . ai . b . a . b . ai . bi . ai . b . a . b . ai . ai . ai . bi . a . b . a . bi . ai

DET 1 found at iteration 44 (Length 46)

*** TARGET LENGTH RELATION FOUND! ***
Word Length: 46
Trace: 65118166535330
Word: b . ai . ai . bi . a . b . a . a . bi . ai . bi . a . a . b . ai . bi . bi . a . a . a . a . b . ai . bi . ai . ai . ai . ai . b . a . b . ai . bi . ai . b . a . b . ai . ai . ai . bi . a . b . a . bi . ai

DET 1 found at iteration 44 (Length 46)

*** TARGET LENGTH RELATION FOUND! ***
Word Length: 46
Trace: 65118166535330
Word: a . b . ai . bi . ai . b . a . a . a . bi . ai . bi . a . a . b . ai . bi . bi . a . a . a . a . a . b . ai . bi . ai . ai . ai . b . a . b . ai . bi . ai . b . a . b . ai . ai . ai . bi . a . b . a . bi

DET 1 found at iteration 44 (Length 46)

*** TARGET LENGTH RELATION FOUND! ***
Word Length: 46
Trace: -65118166535330
Word: b . a . bi . ai . ai . b . a . a . a . bi . ai . bi . a . a . b . ai . bi . bi . a . a . a . a . a . b . ai . bi . ai . ai . ai . b . a . b . ai . bi . ai . b . a . b . ai . ai . ai . bi . a . b . a . bi

DET 1 found at iteration 44 (Length 46)
  ... 1000/20000 frontier nodes expanded
  ... 2000/20000 frontier nodes expanded
  ... 3000/20000 frontier nodes expanded
  ... 4000/20000 frontier nodes expanded
  ... 5000/20000 frontier nodes expanded
  ... 6000/20000 frontier nodes expanded
  ... 7000/20000 frontier nodes expanded
  ... 8000/20000 frontier nodes expanded
  ... 9000/20000 frontier nodes expanded
  ... 10000/20000 frontier nodes expanded
  ... 11000/20000 frontier nodes expanded
  ... 12000/20000 frontier nodes expanded
  ... 13000/20000 frontier nodes expanded
  ... 14000/20000 frontier nodes expanded
  ... 15000/20000 frontier nodes expanded
  ... 16000/20000 frontier nodes expanded
  ... 17000/20000 frontier nodes expanded
  ... 18000/20000 frontier nodes expanded
  ... 19000/20000 frontier nodes expanded
Iter 44 Complete: Best Score 1 | Total Visited 2127697
Flash Words: ['a', 'b', 'ai', 'bi'] ...
Flash Scores: ['3^2', '2^6', '3^2', '2^6']

Iteration 45: Frontier 20000 (Avg Len 46.0), Flash Size 4
Expanding 80000 combinations...
  ... 1000/20000 frontier nodes expanded
  ... 2000/20000 frontier nodes expanded
  ... 3000/20000 frontier nodes expanded
  ... 4000/20000 frontier nodes expanded
  ... 5000/20000 frontier nodes expanded
  ... 6000/20000 frontier nodes expanded
  ... 7000/20000 frontier nodes expanded
  ... 8000/20000 frontier nodes expanded
  ... 9000/20000 frontier nodes expanded
  ... 10000/20000 frontier nodes expanded
  ... 11000/20000 frontier nodes expanded
  ... 12000/20000 frontier nodes expanded
  ... 13000/20000 frontier nodes expanded
  ... 14000/20000 frontier nodes expanded
  ... 15000/20000 frontier nodes expanded
  ... 16000/20000 frontier nodes expanded
  ... 17000/20000 frontier nodes expanded
  ... 18000/20000 frontier nodes expanded
  ... 19000/20000 frontier nodes expanded
Iter 45 Complete: Best Score 3^2 | Total Visited 2184064
Flash Words: ['a', 'b', 'ai', 'bi'] ...
Flash Scores: ['3^2', '2^6', '3^2', '2^6']

Iteration 46: Frontier 20000 (Avg Len 47.0), Flash Size 4
Expanding 80000 combinations...
  ... 1000/20000 frontier nodes expanded
  ... 2000/20000 frontier nodes expanded
  ... 3000/20000 frontier nodes expanded
  ... 4000/20000 frontier nodes expanded
  ... 5000/20000 frontier nodes expanded
  ... 6000/20000 frontier nodes expanded
  ... 7000/20000 frontier nodes expanded
  ... 8000/20000 frontier nodes expanded
  ... 9000/20000 frontier nodes expanded
  ... 10000/20000 frontier nodes expanded
  ... 11000/20000 frontier nodes expanded
  ... 12000/20000 frontier nodes expanded
  ... 13000/20000 frontier nodes expanded
  ... 14000/20000 frontier nodes expanded
  ... 15000/20000 frontier nodes expanded
  ... 16000/20000 frontier nodes expanded
  ... 17000/20000 frontier nodes expanded
  ... 18000/20000 frontier nodes expanded
  ... 19000/20000 frontier nodes expanded
Iter 46 Complete: Best Score 2^2 | Total Visited 2240582
Flash Words: ['a', 'b', 'ai', 'bi'] ...
Flash Scores: ['3^2', '2^6', '3^2', '2^6']

Iteration 47: Frontier 20000 (Avg Len 48.0), Flash Size 4
Expanding 80000 combinations...

*** TARGET LENGTH RELATION FOUND! ***
Word Length: 49
Trace: -4569327784019
Word: a . b . ai . ai . bi . a . a . b . a . a . bi . ai . bi . a . a . b . ai . bi . bi . a . a . b . a . a . bi . ai . ai . b . a . b . ai . ai . bi . a . bi . ai . ai . b . a . b . ai . ai . bi . a . b . a . a . bi . ai

DET 1 found at iteration 47 (Length 49)

*** TARGET LENGTH RELATION FOUND! ***
Word Length: 49
Trace: 4569327784019
Word: a . b . ai . ai . bi . a . a . b . a . a . bi . ai . bi . a . b . a . bi . ai . bi . a . a . b . a . a . bi . ai . ai . b . a . b . ai . ai . bi . a . bi . ai . ai . b . a . b . ai . ai . bi . a . b . a . a . bi . ai

DET 1 found at iteration 47 (Length 49)

*** TARGET LENGTH RELATION FOUND! ***
Word Length: 49
Trace: 4569327784019
Word: a . b . ai . ai . bi . ai . b . a . a . bi . ai . bi . a . a . b . ai . b . a . a . bi . ai . bi . a . a . b . ai . ai . bi . ai . ai . b . a . b . ai . bi . ai . b . a . b . ai . ai . bi . ai . ai . b . a . a . bi . ai

DET 1 found at iteration 47 (Length 49)

*** TARGET LENGTH RELATION FOUND! ***
Word Length: 49
Trace: -4569327784019
Word: a . b . ai . ai . ai . bi . a . b . a . bi . ai . bi . a . a . b . ai . b . a . a . bi . ai . bi . a . a . b . ai . ai . bi . ai . ai . b . a . b . ai . bi . ai . b . a . b . ai . ai . bi . ai . ai . b . a . a . bi . ai

DET 1 found at iteration 47 (Length 49)
  ... 1000/20000 frontier nodes expanded
  ... 2000/20000 frontier nodes expanded
  ... 3000/20000 frontier nodes expanded
  ... 4000/20000 frontier nodes expanded
  ... 5000/20000 frontier nodes expanded
  ... 6000/20000 frontier nodes expanded
  ... 7000/20000 frontier nodes expanded
  ... 8000/20000 frontier nodes expanded
  ... 9000/20000 frontier nodes expanded
  ... 10000/20000 frontier nodes expanded
  ... 11000/20000 frontier nodes expanded
  ... 12000/20000 frontier nodes expanded
  ... 13000/20000 frontier nodes expanded
  ... 14000/20000 frontier nodes expanded
  ... 15000/20000 frontier nodes expanded
  ... 16000/20000 frontier nodes expanded
  ... 17000/20000 frontier nodes expanded
  ... 18000/20000 frontier nodes expanded
  ... 19000/20000 frontier nodes expanded
Iter 47 Complete: Best Score 1 | Total Visited 2297050
Flash Words: ['a', 'b', 'ai', 'bi'] ...
Flash Scores: ['3^2', '2^6', '3^2', '2^6']

Iteration 48: Frontier 20000 (Avg Len 49.0), Flash Size 4
Expanding 80000 combinations...
  ... 1000/20000 frontier nodes expanded
  ... 2000/20000 frontier nodes expanded
  ... 3000/20000 frontier nodes expanded
  ... 4000/20000 frontier nodes expanded
  ... 5000/20000 frontier nodes expanded
  ... 6000/20000 frontier nodes expanded
  ... 7000/20000 frontier nodes expanded
  ... 8000/20000 frontier nodes expanded
  ... 9000/20000 frontier nodes expanded
  ... 10000/20000 frontier nodes expanded
  ... 11000/20000 frontier nodes expanded
  ... 12000/20000 frontier nodes expanded
  ... 13000/20000 frontier nodes expanded
  ... 14000/20000 frontier nodes expanded
  ... 15000/20000 frontier nodes expanded
  ... 16000/20000 frontier nodes expanded
  ... 17000/20000 frontier nodes expanded
  ... 18000/20000 frontier nodes expanded
  ... 19000/20000 frontier nodes expanded
Iter 48 Complete: Best Score 3^2 | Total Visited 2353365
Flash Words: ['a', 'b', 'ai', 'bi'] ...
Flash Scores: ['3^2', '2^6', '3^2', '2^6']

Iteration 49: Frontier 20000 (Avg Len 50.0), Flash Size 4
Expanding 80000 combinations...
  ... 1000/20000 frontier nodes expanded
  ... 2000/20000 frontier nodes expanded
  ... 3000/20000 frontier nodes expanded
  ... 4000/20000 frontier nodes expanded
  ... 5000/20000 frontier nodes expanded
  ... 6000/20000 frontier nodes expanded
  ... 7000/20000 frontier nodes expanded
  ... 8000/20000 frontier nodes expanded
  ... 9000/20000 frontier nodes expanded
  ... 10000/20000 frontier nodes expanded
  ... 11000/20000 frontier nodes expanded
  ... 12000/20000 frontier nodes expanded
  ... 13000/20000 frontier nodes expanded
  ... 14000/20000 frontier nodes expanded
  ... 15000/20000 frontier nodes expanded
  ... 16000/20000 frontier nodes expanded
  ... 17000/20000 frontier nodes expanded
  ... 18000/20000 frontier nodes expanded
  ... 19000/20000 frontier nodes expanded
Iter 49 Complete: Best Score 2^2 | Total Visited 2409672
Flash Words: ['a', 'b', 'ai', 'bi'] ...
Flash Scores: ['3^2', '2^6', '3^2', '2^6']

Iteration 50: Frontier 20000 (Avg Len 51.0), Flash Size 4
Expanding 80000 combinations...

*** TARGET LENGTH RELATION FOUND! ***
Word Length: 52
Trace: 1964379027426334
Word: b . a . a . bi . ai . b . ai . ai . bi . a . bi . ai . ai . b . a . b . ai . ai . bi . a . bi . ai . b . ai . bi . ai . b . a . b . ai . ai . bi . ai . b . a . a . bi . bi . ai . b . a . a . bi . ai . bi . a . b . a . bi . a . b . ai

DET 1 found at iteration 50 (Length 52)

*** TARGET LENGTH RELATION FOUND! ***
Word Length: 52
Trace: -1964379027426334
Word: b . a . bi . a . b . ai . ai . ai . bi . a . bi . ai . ai . b . a . b . ai . ai . bi . a . bi . ai . b . ai . bi . ai . b . a . b . ai . ai . bi . ai . b . a . a . bi . bi . ai . b . a . a . bi . ai . bi . a . b . a . bi . a . b . ai

DET 1 found at iteration 50 (Length 52)

*** TARGET LENGTH RELATION FOUND! ***
Word Length: 52
Trace: -1964379027426334
Word: a . bi . ai . b . ai . bi . ai . b . a . b . ai . bi . ai . b . a . b . ai . ai . bi . a . b . a . a . bi . bi . ai . b . a . a . bi . a . b . ai . b . a . a . bi . ai . bi . a . a . b . ai . b . a . a . a . bi . ai . b . ai . bi

DET 1 found at iteration 50 (Length 52)

*** TARGET LENGTH RELATION FOUND! ***
Word Length: 52
Trace: 1964379027426334
Word: bi . a . b . ai . ai . bi . ai . b . a . b . ai . bi . ai . b . a . b . ai . ai . bi . a . b . a . a . bi . bi . ai . b . a . a . bi . a . b . ai . b . a . a . bi . ai . bi . a . a . b . ai . b . a . a . a . bi . ai . b . ai . bi

DET 1 found at iteration 50 (Length 52)
  ... 1000/20000 frontier nodes expanded
  ... 2000/20000 frontier nodes expanded
  ... 3000/20000 frontier nodes expanded
  ... 4000/20000 frontier nodes expanded
  ... 5000/20000 frontier nodes expanded
  ... 6000/20000 frontier nodes expanded
  ... 7000/20000 frontier nodes expanded
  ... 8000/20000 frontier nodes expanded
  ... 9000/20000 frontier nodes expanded
  ... 10000/20000 frontier nodes expanded
  ... 11000/20000 frontier nodes expanded
  ... 12000/20000 frontier nodes expanded
  ... 13000/20000 frontier nodes expanded
  ... 14000/20000 frontier nodes expanded
  ... 15000/20000 frontier nodes expanded
  ... 16000/20000 frontier nodes expanded
  ... 17000/20000 frontier nodes expanded
  ... 18000/20000 frontier nodes expanded
  ... 19000/20000 frontier nodes expanded
Iter 50 Complete: Best Score 1 | Total Visited 2466101
Flash Words: ['a', 'b', 'ai', 'bi'] ...
Flash Scores: ['3^2', '2^6', '3^2', '2^6']

Iteration 51: Frontier 20000 (Avg Len 52.0), Flash Size 4
Expanding 80000 combinations...
  ... 1000/20000 frontier nodes expanded
  ... 2000/20000 frontier nodes expanded
  ... 3000/20000 frontier nodes expanded
  ... 4000/20000 frontier nodes expanded
  ... 5000/20000 frontier nodes expanded
  ... 6000/20000 frontier nodes expanded
  ... 7000/20000 frontier nodes expanded
  ... 8000/20000 frontier nodes expanded
  ... 9000/20000 frontier nodes expanded
  ... 10000/20000 frontier nodes expanded
  ... 11000/20000 frontier nodes expanded
  ... 12000/20000 frontier nodes expanded
  ... 13000/20000 frontier nodes expanded
  ... 14000/20000 frontier nodes expanded
  ... 15000/20000 frontier nodes expanded
  ... 16000/20000 frontier nodes expanded
  ... 17000/20000 frontier nodes expanded
  ... 18000/20000 frontier nodes expanded
  ... 19000/20000 frontier nodes expanded
Iter 51 Complete: Best Score 3^2 | Total Visited 2522377
Flash Words: ['a', 'b', 'ai', 'bi'] ...
Flash Scores: ['3^2', '2^6', '3^2', '2^6']

Iteration 52: Frontier 20000 (Avg Len 53.0), Flash Size 4
Expanding 80000 combinations...

*** TARGET LENGTH RELATION FOUND! ***
Word Length: 54
Trace: -63702379688502920
Word: a . a . b . ai . bi . bi . a . a . b . ai . ai . bi . ai . ai . b . a . b . ai . ai . bi . a . bi . ai . ai . b . a . b . ai . bi . ai . b . ai . bi . a . bi . ai . ai . b . a . bi . a . a . b . ai . b . a . a . bi . ai . bi . a . a . b . ai

DET 1 found at iteration 52 (Length 54)

*** TARGET LENGTH RELATION FOUND! ***
Word Length: 54
Trace: 63702379688502920
Word: a . b . a . bi . ai . bi . a . a . b . ai . ai . bi . ai . ai . b . a . b . ai . ai . bi . a . bi . ai . ai . b . a . b . ai . bi . ai . b . ai . bi . a . bi . ai . ai . b . a . bi . a . a . b . ai . b . a . a . bi . ai . bi . a . a . b . ai

DET 1 found at iteration 52 (Length 54)
  ... 1000/20000 frontier nodes expanded
  ... 2000/20000 frontier nodes expanded
  ... 3000/20000 frontier nodes expanded
  ... 4000/20000 frontier nodes expanded
  ... 5000/20000 frontier nodes expanded
  ... 6000/20000 frontier nodes expanded
  ... 7000/20000 frontier nodes expanded
  ... 8000/20000 frontier nodes expanded
  ... 9000/20000 frontier nodes expanded
  ... 10000/20000 frontier nodes expanded
  ... 11000/20000 frontier nodes expanded
  ... 12000/20000 frontier nodes expanded
  ... 13000/20000 frontier nodes expanded
  ... 14000/20000 frontier nodes expanded
  ... 15000/20000 frontier nodes expanded
  ... 16000/20000 frontier nodes expanded
  ... 17000/20000 frontier nodes expanded
  ... 18000/20000 frontier nodes expanded
  ... 19000/20000 frontier nodes expanded
Iter 52 Complete: Best Score 1 | Total Visited 2578767
Flash Words: ['a', 'b', 'ai', 'bi'] ...
Flash Scores: ['3^2', '2^6', '3^2', '2^6']

Iteration 53: Frontier 20000 (Avg Len 54.0), Flash Size 4
Expanding 80000 combinations...
  ... 1000/20000 frontier nodes expanded
  ... 2000/20000 frontier nodes expanded
  ... 3000/20000 frontier nodes expanded
  ... 4000/20000 frontier nodes expanded
  ... 5000/20000 frontier nodes expanded
  ... 6000/20000 frontier nodes expanded
  ... 7000/20000 frontier nodes expanded
  ... 8000/20000 frontier nodes expanded
  ... 9000/20000 frontier nodes expanded
  ... 10000/20000 frontier nodes expanded
  ... 11000/20000 frontier nodes expanded
  ... 12000/20000 frontier nodes expanded
  ... 13000/20000 frontier nodes expanded
  ... 14000/20000 frontier nodes expanded
  ... 15000/20000 frontier nodes expanded
  ... 16000/20000 frontier nodes expanded
  ... 17000/20000 frontier nodes expanded
  ... 18000/20000 frontier nodes expanded
  ... 19000/20000 frontier nodes expanded
Iter 53 Complete: Best Score 2^2 | Total Visited 2635269
Flash Words: ['a', 'b', 'ai', 'bi'] ...
Flash Scores: ['3^2', '2^6', '3^2', '2^6']

Iteration 54: Frontier 20000 (Avg Len 55.0), Flash Size 4
Expanding 80000 combinations...
  ... 1000/20000 frontier nodes expanded
  ... 2000/20000 frontier nodes expanded
  ... 3000/20000 frontier nodes expanded
  ... 4000/20000 frontier nodes expanded
  ... 5000/20000 frontier nodes expanded
  ... 6000/20000 frontier nodes expanded
  ... 7000/20000 frontier nodes expanded
  ... 8000/20000 frontier nodes expanded
  ... 9000/20000 frontier nodes expanded
  ... 10000/20000 frontier nodes expanded
  ... 11000/20000 frontier nodes expanded
  ... 12000/20000 frontier nodes expanded
  ... 13000/20000 frontier nodes expanded
  ... 14000/20000 frontier nodes expanded
  ... 15000/20000 frontier nodes expanded
  ... 16000/20000 frontier nodes expanded
  ... 17000/20000 frontier nodes expanded
  ... 18000/20000 frontier nodes expanded
  ... 19000/20000 frontier nodes expanded
Iter 54 Complete: Best Score 3^2 | Total Visited 2691760
Flash Words: ['a', 'b', 'ai', 'bi'] ...
Flash Scores: ['3^2', '2^6', '3^2', '2^6']

Iteration 55: Frontier 20000 (Avg Len 56.0), Flash Size 4
Expanding 80000 combinations...
  ... 1000/20000 frontier nodes expanded
  ... 2000/20000 frontier nodes expanded
  ... 3000/20000 frontier nodes expanded
  ... 4000/20000 frontier nodes expanded
  ... 5000/20000 frontier nodes expanded
  ... 6000/20000 frontier nodes expanded
  ... 7000/20000 frontier nodes expanded
  ... 8000/20000 frontier nodes expanded
  ... 9000/20000 frontier nodes expanded
  ... 10000/20000 frontier nodes expanded
  ... 11000/20000 frontier nodes expanded
  ... 12000/20000 frontier nodes expanded
  ... 13000/20000 frontier nodes expanded
  ... 14000/20000 frontier nodes expanded
  ... 15000/20000 frontier nodes expanded
  ... 16000/20000 frontier nodes expanded
  ... 17000/20000 frontier nodes expanded
  ... 18000/20000 frontier nodes expanded
  ... 19000/20000 frontier nodes expanded
Iter 55 Complete: Best Score 2^4 | Total Visited 2748224
Flash Words: ['a', 'b', 'ai', 'bi'] ...
Flash Scores: ['3^2', '2^6', '3^2', '2^6']

Iteration 56: Frontier 20000 (Avg Len 57.0), Flash Size 4
Expanding 80000 combinations...
  ... 1000/20000 frontier nodes expanded
  ... 2000/20000 frontier nodes expanded
  ... 3000/20000 frontier nodes expanded
  ... 4000/20000 frontier nodes expanded
  ... 5000/20000 frontier nodes expanded
  ... 6000/20000 frontier nodes expanded
  ... 7000/20000 frontier nodes expanded
  ... 8000/20000 frontier nodes expanded
  ... 9000/20000 frontier nodes expanded
  ... 10000/20000 frontier nodes expanded
  ... 11000/20000 frontier nodes expanded
  ... 12000/20000 frontier nodes expanded
  ... 13000/20000 frontier nodes expanded
  ... 14000/20000 frontier nodes expanded
  ... 15000/20000 frontier nodes expanded
  ... 16000/20000 frontier nodes expanded
  ... 17000/20000 frontier nodes expanded
  ... 18000/20000 frontier nodes expanded
  ... 19000/20000 frontier nodes expanded
Iter 56 Complete: Best Score 2^2 * 3^2 | Total Visited 2804639
Flash Words: ['a', 'b', 'ai', 'bi'] ...
Flash Scores: ['3^2', '2^6', '3^2', '2^6']

Iteration 57: Frontier 20000 (Avg Len 58.0), Flash Size 4
Expanding 80000 combinations...
  ... 1000/20000 frontier nodes expanded
  ... 2000/20000 frontier nodes expanded
  ... 3000/20000 frontier nodes expanded
  ... 4000/20000 frontier nodes expanded
  ... 5000/20000 frontier nodes expanded
  ... 6000/20000 frontier nodes expanded
  ... 7000/20000 frontier nodes expanded
  ... 8000/20000 frontier nodes expanded
  ... 9000/20000 frontier nodes expanded
  ... 10000/20000 frontier nodes expanded
  ... 11000/20000 frontier nodes expanded
  ... 12000/20000 frontier nodes expanded
  ... 13000/20000 frontier nodes expanded
  ... 14000/20000 frontier nodes expanded
  ... 15000/20000 frontier nodes expanded
  ... 16000/20000 frontier nodes expanded
  ... 17000/20000 frontier nodes expanded
  ... 18000/20000 frontier nodes expanded
  ... 19000/20000 frontier nodes expanded
Iter 57 Complete: Best Score 2^4 | Total Visited 2861109
Flash Words: ['a', 'b', 'ai', 'bi'] ...
Flash Scores: ['3^2', '2^6', '3^2', '2^6']

Iteration 58: Frontier 20000 (Avg Len 59.0), Flash Size 4
Expanding 80000 combinations...
  ... 1000/20000 frontier nodes expanded
  ... 2000/20000 frontier nodes expanded
  ... 3000/20000 frontier nodes expanded
  ... 4000/20000 frontier nodes expanded
  ... 5000/20000 frontier nodes expanded
  ... 6000/20000 frontier nodes expanded
  ... 7000/20000 frontier nodes expanded
  ... 8000/20000 frontier nodes expanded
  ... 9000/20000 frontier nodes expanded
  ... 10000/20000 frontier nodes expanded
  ... 11000/20000 frontier nodes expanded
  ... 12000/20000 frontier nodes expanded
  ... 13000/20000 frontier nodes expanded
  ... 14000/20000 frontier nodes expanded
  ... 15000/20000 frontier nodes expanded
  ... 16000/20000 frontier nodes expanded
  ... 17000/20000 frontier nodes expanded
  ... 18000/20000 frontier nodes expanded
  ... 19000/20000 frontier nodes expanded
Iter 58 Complete: Best Score 2^2 | Total Visited 2917665
Flash Words: ['a', 'b', 'ai', 'bi'] ...
Flash Scores: ['3^2', '2^6', '3^2', '2^6']

Iteration 59: Frontier 20000 (Avg Len 60.0), Flash Size 4
Expanding 80000 combinations...
  ... 1000/20000 frontier nodes expanded
  ... 2000/20000 frontier nodes expanded
  ... 3000/20000 frontier nodes expanded
  ... 4000/20000 frontier nodes expanded
  ... 5000/20000 frontier nodes expanded
  ... 6000/20000 frontier nodes expanded
  ... 7000/20000 frontier nodes expanded
  ... 8000/20000 frontier nodes expanded
  ... 9000/20000 frontier nodes expanded
  ... 10000/20000 frontier nodes expanded
  ... 11000/20000 frontier nodes expanded
  ... 12000/20000 frontier nodes expanded
  ... 13000/20000 frontier nodes expanded
  ... 14000/20000 frontier nodes expanded
  ... 15000/20000 frontier nodes expanded
  ... 16000/20000 frontier nodes expanded
  ... 17000/20000 frontier nodes expanded
  ... 18000/20000 frontier nodes expanded
  ... 19000/20000 frontier nodes expanded
Iter 59 Complete: Best Score 2^4 | Total Visited 2974001

Search complete.

Final Results Summary:
Word length: 8 | Trace: -2 | Word: bi . a . b . ai . bi . a . b . ai
Word length: 46 | Trace: -65118166535330 | Word: b . ai . bi . ai . b . a . a . a . bi . ai . bi . a . a . b . ai . bi . bi . a . a . a . a . b . ai . bi . ai . ai . ai . ai . b . a . b . ai . bi . ai . b . a . b . ai . ai . ai . bi . a . b . a . bi . ai
Word length: 46 | Trace: 65118166535330 | Word: b . ai . ai . bi . a . b . a . a . bi . ai . bi . a . a . b . ai . bi . bi . a . a . a . a . b . ai . bi . ai . ai . ai . ai . b . a . b . ai . bi . ai . b . a . b . ai . ai . ai . bi . a . b . a . bi . ai
Word length: 46 | Trace: 65118166535330 | Word: a . b . ai . bi . ai . b . a . a . a . bi . ai . bi . a . a . b . ai . bi . bi . a . a . a . a . a . b . ai . bi . ai . ai . ai . b . a . b . ai . bi . ai . b . a . b . ai . ai . ai . bi . a . b . a . bi
Word length: 46 | Trace: -65118166535330 | Word: b . a . bi . ai . ai . b . a . a . a . bi . ai . bi . a . a . b . ai . bi . bi . a . a . a . a . a . b . ai . bi . ai . ai . ai . b . a . b . ai . bi . ai . b . a . b . ai . ai . ai . bi . a . b . a . bi
Word length: 49 | Trace: -4569327784019 | Word: a . b . ai . ai . bi . a . a . b . a . a . bi . ai . bi . a . a . b . ai . bi . bi . a . a . b . a . a . bi . ai . ai . b . a . b . ai . ai . bi . a . bi . ai . ai . b . a . b . ai . ai . bi . a . b . a . a . bi . ai
Word length: 49 | Trace: 4569327784019 | Word: a . b . ai . ai . bi . a . a . b . a . a . bi . ai . bi . a . b . a . bi . ai . bi . a . a . b . a . a . bi . ai . ai . b . a . b . ai . ai . bi . a . bi . ai . ai . b . a . b . ai . ai . bi . a . b . a . a . bi . ai
Word length: 49 | Trace: 4569327784019 | Word: a . b . ai . ai . bi . ai . b . a . a . bi . ai . bi . a . a . b . ai . b . a . a . bi . ai . bi . a . a . b . ai . ai . bi . ai . ai . b . a . b . ai . bi . ai . b . a . b . ai . ai . bi . ai . ai . b . a . a . bi . ai
Word length: 49 | Trace: -4569327784019 | Word: a . b . ai . ai . ai . bi . a . b . a . bi . ai . bi . a . a . b . ai . b . a . a . bi . ai . bi . a . a . b . ai . ai . bi . ai . ai . b . a . b . ai . bi . ai . b . a . b . ai . ai . bi . ai . ai . b . a . a . bi . ai
Word length: 52 | Trace: 1964379027426334 | Word: b . a . a . bi . ai . b . ai . ai . bi . a . bi . ai . ai . b . a . b . ai . ai . bi . a . bi . ai . b . ai . bi . ai . b . a . b . ai . ai . bi . ai . b . a . a . bi . bi . ai . b . a . a . bi . ai . bi . a . b . a . bi . a . b . ai
Word length: 52 | Trace: -1964379027426334 | Word: b . a . bi . a . b . ai . ai . ai . bi . a . bi . ai . ai . b . a . b . ai . ai . bi . a . bi . ai . b . ai . bi . ai . b . a . b . ai . ai . bi . ai . b . a . a . bi . bi . ai . b . a . a . bi . ai . bi . a . b . a . bi . a . b . ai
Word length: 52 | Trace: -1964379027426334 | Word: a . bi . ai . b . ai . bi . ai . b . a . b . ai . bi . ai . b . a . b . ai . ai . bi . a . b . a . a . bi . bi . ai . b . a . a . bi . a . b . ai . b . a . a . bi . ai . bi . a . a . b . ai . b . a . a . a . bi . ai . b . ai . bi
Word length: 52 | Trace: 1964379027426334 | Word: bi . a . b . ai . ai . bi . ai . b . a . b . ai . bi . ai . b . a . b . ai . ai . bi . a . b . a . a . bi . bi . ai . b . a . a . bi . a . b . ai . b . a . a . bi . ai . bi . a . a . b . ai . b . a . a . a . bi . ai . b . ai . bi
Word length: 54 | Trace: -63702379688502920 | Word: a . a . b . ai . bi . bi . a . a . b . ai . ai . bi . ai . ai . b . a . b . ai . ai . bi . a . bi . ai . ai . b . a . b . ai . bi . ai . b . ai . bi . a . bi . ai . ai . b . a . bi . a . a . b . ai . b . a . a . bi . ai . bi . a . a . b . ai
Word length: 54 | Trace: 63702379688502920 | Word: a . b . a . bi . ai . bi . a . a . b . ai . ai . bi . ai . ai . b . a . b . ai . ai . bi . a . bi . ai . ai . b . a . b . ai . bi . ai . b . ai . bi . a . bi . ai . ai . b . a . bi . a . a . b . ai . b . a . a . bi . ai . bi . a . a . b . ai
