Starting Persistent FlashBeam (Beam: 2000, Global Flash: 10)
Flash Words (top 5): ['a', 'b', 'ai', 'bi'] ...
Flash Scores: ['3^2', '2^6', '3^2', '2^6']

Iteration 0: Frontier 5 (Avg Len 1.0), Expansion Pool 4
Expanding 20 combinations...
Iter 0 Complete: Best Score 3^4 | Total Visited 17 | Time 0.0s
Flash Words (top 5): ['a', 'ai', 'b', 'bi', 'a . a'] ...
Flash Scores: ['3^2', '3^2', '2^6', '2^6', '3^4']

Iteration 1: Frontier 12 (Avg Len 2.0), Expansion Pool 10
Expanding 120 combinations...
Iter 1 Complete: Best Score 2^4 | Total Visited 107 | Time 0.0s
Flash Words (top 5): ['a', 'ai', 'bi . a . b . ai', 'b', 'bi'] ...
Flash Scores: ['3^2', '3^2', '2^4', '2^6', '2^6']

Iteration 2: Frontier 90 (Avg Len 3.6), Expansion Pool 10
Expanding 900 combinations...
Iter 2 Complete: Best Score 1 | Total Visited 701 | Time 0.0s
Flash Words (top 5): ['bi . a . b . ai . bi . a . b . ai', 'a', 'ai', 'bi . a . b . ai . bi . a . b', 'bi . a . b . ai'] ...
Flash Scores: ['1', '3^2', '3^2', '3^2', '2^4']

Iteration 3: Frontier 594 (Avg Len 5.8), Expansion Pool 10
Expanding 5940 combinations...
Iter 3 Complete: Best Score 3^2 | Total Visited 4462 | Time 0.0s
Flash Words (top 5): ['bi . a . b . ai . bi . a . b . ai', 'a', 'ai', 'bi . a . b . ai . bi . a . b', 'bi . a . b . ai . bi . a . b . ai . ai'] ...
Flash Scores: ['1', '3^2', '3^2', '3^2', '3^2']

Iteration 4: Frontier 2000 (Avg Len 9.2), Expansion Pool 12
Expanding 24000 combinations...
  ... 1000/2000 frontier nodes expanded
Iter 4 Complete: Best Score 2^2 * 3^4 | Total Visited 15178 | Time 0.1s
Flash Words (top 5): ['bi . a . b . ai . bi . a . b . ai', 'a', 'ai', 'bi . a . b . ai . bi . a . b', 'bi . a . b . ai . bi . a . b . ai . ai'] ...
Flash Scores: ['1', '3^2', '3^2', '3^2', '3^2']

Iteration 5: Frontier 2000 (Avg Len 12.3), Expansion Pool 12
Expanding 24000 combinations...
  ... 1000/2000 frontier nodes expanded
Iter 5 Complete: Best Score 2^2 * 3^4 | Total Visited 24654 | Time 0.2s
Flash Words (top 5): ['bi . a . b . ai . bi . a . b . ai', 'a', 'ai', 'bi . a . b . ai . bi . a . b', 'bi . a . b . ai . bi . a . b . ai . ai'] ...
Flash Scores: ['1', '3^2', '3^2', '3^2', '3^2']

Iteration 6: Frontier 2000 (Avg Len 15.3), Expansion Pool 12
Expanding 24000 combinations...
  ... 1000/2000 frontier nodes expanded
Iter 6 Complete: Best Score 2^6 * 3^2 | Total Visited 34277 | Time 0.2s
Flash Words (top 5): ['bi . a . b . ai . bi . a . b . ai', 'a', 'ai', 'bi . a . b . ai . bi . a . b', 'bi . a . b . ai . bi . a . b . ai . ai'] ...
Flash Scores: ['1', '3^2', '3^2', '3^2', '3^2']

Iteration 7: Frontier 2000 (Avg Len 17.5), Expansion Pool 12
Expanding 24000 combinations...
  ... 1000/2000 frontier nodes expanded
Iter 7 Complete: Best Score 2^8 | Total Visited 44270 | Time 0.3s
Flash Words (top 5): ['bi . a . b . ai . bi . a . b . ai', 'a', 'ai', 'bi . a . b . ai . bi . a . b', 'bi . a . b . ai . bi . a . b . ai . ai'] ...
Flash Scores: ['1', '3^2', '3^2', '3^2', '3^2']

Iteration 8: Frontier 2000 (Avg Len 19.9), Expansion Pool 12
Expanding 24000 combinations...
  ... 1000/2000 frontier nodes expanded
Iter 8 Complete: Best Score 2^8 * 3^2 | Total Visited 54268 | Time 0.4s
Flash Words (top 5): ['bi . a . b . ai . bi . a . b . ai', 'a', 'ai', 'bi . a . b . ai . bi . a . b', 'bi . a . b . ai . bi . a . b . ai . ai'] ...
Flash Scores: ['1', '3^2', '3^2', '3^2', '3^2']

Iteration 9: Frontier 2000 (Avg Len 22.6), Expansion Pool 12
Expanding 24000 combinations...
  ... 1000/2000 frontier nodes expanded
Iter 9 Complete: Best Score 2^8 | Total Visited 64536 | Time 0.5s
Flash Words (top 5): ['bi . a . b . ai . bi . a . b . ai', 'a', 'ai', 'bi . a . b . ai . bi . a . b', 'bi . a . b . ai . bi . a . b . ai . ai'] ...
Flash Scores: ['1', '3^2', '3^2', '3^2', '3^2']

Iteration 10: Frontier 2000 (Avg Len 24.9), Expansion Pool 12
Expanding 24000 combinations...
  ... 1000/2000 frontier nodes expanded
Iter 10 Complete: Best Score 2^6 | Total Visited 74596 | Time 0.6s
Flash Words (top 5): ['bi . a . b . ai . bi . a . b . ai', 'a', 'ai', 'bi . a . b . ai . bi . a . b', 'bi . a . b . ai . bi . a . b . ai . ai'] ...
Flash Scores: ['1', '3^2', '3^2', '3^2', '3^2']

Iteration 11: Frontier 2000 (Avg Len 27.2), Expansion Pool 12
Expanding 24000 combinations...
  ... 1000/2000 frontier nodes expanded
Iter 11 Complete: Best Score 2^6 * 3^2 | Total Visited 84482 | Time 0.6s
Flash Words (top 5): ['bi . a . b . ai . bi . a . b . ai', 'a', 'ai', 'bi . a . b . ai . bi . a . b', 'bi . a . b . ai . bi . a . b . ai . ai'] ...
Flash Scores: ['1', '3^2', '3^2', '3^2', '3^2']

Iteration 12: Frontier 2000 (Avg Len 29.6), Expansion Pool 12
Expanding 24000 combinations...
  ... 1000/2000 frontier nodes expanded
Iter 12 Complete: Best Score 2^10 | Total Visited 94532 | Time 0.7s
Flash Words (top 5): ['bi . a . b . ai . bi . a . b . ai', 'a', 'ai', 'bi . a . b . ai . bi . a . b', 'bi . a . b . ai . bi . a . b . ai . ai'] ...
Flash Scores: ['1', '3^2', '3^2', '3^2', '3^2']

Iteration 13: Frontier 2000 (Avg Len 31.8), Expansion Pool 12
Expanding 24000 combinations...
  ... 1000/2000 frontier nodes expanded
Iter 13 Complete: Best Score 2^2 * 3^4 | Total Visited 104514 | Time 0.8s
Flash Words (top 5): ['bi . a . b . ai . bi . a . b . ai', 'a', 'ai', 'bi . a . b . ai . bi . a . b', 'bi . a . b . ai . bi . a . b . ai . ai'] ...
Flash Scores: ['1', '3^2', '3^2', '3^2', '3^2']

Iteration 14: Frontier 2000 (Avg Len 34.3), Expansion Pool 12
Expanding 24000 combinations...
  ... 1000/2000 frontier nodes expanded
Iter 14 Complete: Best Score 2^2 * 3^4 | Total Visited 114530 | Time 0.9s
Flash Words (top 5): ['bi . a . b . ai . bi . a . b . ai', 'a', 'ai', 'bi . a . b . ai . bi . a . b', 'bi . a . b . ai . bi . a . b . ai . ai'] ...
Flash Scores: ['1', '3^2', '3^2', '3^2', '3^2']

Iteration 15: Frontier 2000 (Avg Len 36.8), Expansion Pool 12
Expanding 24000 combinations...
  ... 1000/2000 frontier nodes expanded
Iter 15 Complete: Best Score 3^6 | Total Visited 124528 | Time 1.0s
Flash Words (top 5): ['bi . a . b . ai . bi . a . b . ai', 'a', 'ai', 'bi . a . b . ai . bi . a . b', 'bi . a . b . ai . bi . a . b . ai . ai'] ...
Flash Scores: ['1', '3^2', '3^2', '3^2', '3^2']

Iteration 16: Frontier 2000 (Avg Len 39.0), Expansion Pool 12
Expanding 24000 combinations...
  ... 1000/2000 frontier nodes expanded
Iter 16 Complete: Best Score 2^2 * 3^4 | Total Visited 134670 | Time 1.1s
Flash Words (top 5): ['bi . a . b . ai . bi . a . b . ai', 'a', 'ai', 'bi . a . b . ai . bi . a . b', 'bi . a . b . ai . bi . a . b . ai . ai'] ...
Flash Scores: ['1', '3^2', '3^2', '3^2', '3^2']

Iteration 17: Frontier 2000 (Avg Len 41.8), Expansion Pool 12
Expanding 24000 combinations...
  ... 1000/2000 frontier nodes expanded
Iter 17 Complete: Best Score 3^4 | Total Visited 144654 | Time 1.2s
Flash Words (top 5): ['bi . a . b . ai . bi . a . b . ai', 'a', 'ai', 'bi . a . b . ai . bi . a . b', 'bi . a . b . ai . bi . a . b . ai . ai'] ...
Flash Scores: ['1', '3^2', '3^2', '3^2', '3^2']

Iteration 18: Frontier 2000 (Avg Len 44.7), Expansion Pool 12
Expanding 24000 combinations...
  ... 1000/2000 frontier nodes expanded
Iter 18 Complete: Best Score 2^2 * 3^2 | Total Visited 154821 | Time 1.3s
Flash Words (top 5): ['bi . a . b . ai . bi . a . b . ai', 'a', 'ai', 'bi . a . b . ai . bi . a . b', 'bi . a . b . ai . bi . a . b . ai . ai'] ...
Flash Scores: ['1', '3^2', '3^2', '3^2', '3^2']

Iteration 19: Frontier 2000 (Avg Len 46.4), Expansion Pool 12
Expanding 24000 combinations...
  ... 1000/2000 frontier nodes expanded
Iter 19 Complete: Best Score 3^2 | Total Visited 164857 | Time 1.4s
Flash Words (top 5): ['bi . a . b . ai . bi . a . b . ai', 'a', 'ai', 'bi . a . b . ai . bi . a . b', 'bi . a . b . ai . bi . a . b . ai . ai'] ...
Flash Scores: ['1', '3^2', '3^2', '3^2', '3^2']

Iteration 20: Frontier 2000 (Avg Len 48.9), Expansion Pool 12
Expanding 24000 combinations...
  ... 1000/2000 frontier nodes expanded
Iter 20 Complete: Best Score 2^6 | Total Visited 175395 | Time 1.5s
Flash Words (top 5): ['bi . a . b . ai . bi . a . b . ai', 'a', 'ai', 'bi . a . b . ai . bi . a . b', 'bi . a . b . ai . bi . a . b . ai . ai'] ...
Flash Scores: ['1', '3^2', '3^2', '3^2', '3^2']

Iteration 21: Frontier 2000 (Avg Len 64.2), Expansion Pool 12
Expanding 24000 combinations...

*** TARGET LENGTH RELATION FOUND! ***
Word Length: 57
Trace: 4569327784019
Word: a . b . ai . ai . ai . bi . a . a . b . ai . bi . bi . a . a . b . ai . b . a . bi . a . b . ai . bi . bi . a . a . b . ai . ai . bi . ai . ai . b . b . a . bi . ai . ai . b . b . a . bi . ai . ai . b . a . bi . ai . ai . b . ai . bi . a . a . b . ai . bi

DET 1 found at iteration 21 (Length 57)

DET 1 found at iteration 21 (Length 61)
  ... 1000/2000 frontier nodes expanded
Iter 21 Complete: Best Score 1 | Total Visited 187099 | Time 1.7s
Flash Words (top 5): ['bi . a . b . ai . bi . a . b . ai', 'a . b . ai . ai . ai . bi . a . a . b . ai . bi . bi . a . a . b . ai . b . a . bi . a . b . ai . bi . bi . a . a . b . ai . ai . bi . ai . ai . b . b . a . bi . ai . ai . b . b . a . bi . ai . ai . b . a . bi . ai . ai . b . ai . bi . a . a . b . ai . bi', 'a . b . ai . ai . ai . bi . a . a . b . ai . bi . bi . a . a . b . ai . b . a . bi . a . b . ai . bi . bi . a . a . b . ai . ai . bi . ai . ai . b . b . a . bi . ai . ai . b . b . a . bi . ai . ai . b . a . bi . ai . b . ai . bi . a . b . ai . ai . bi . a . a . b . ai . bi', 'a . b . a . a . bi . ai . bi . a . a . b . ai . bi . bi . a . a . b . a . a . bi . ai . ai . b . a . b . ai . ai . bi . a . bi . ai . ai . b . b . a . bi . ai . ai . b . a . bi . a . b . ai . bi . a . a . b . ai . bi . a . bi . ai . ai . b . a . bi . ai . ai . b . b . b . a . bi . a . b . ai . bi . bi . a . a . b . ai . ai . bi . ai . ai . b . b . b . a . bi . a . b . ai . bi . bi . a . a . b . ai . bi . a . a . b . ai . bi . a . a . b . ai', 'a . b . a . a . bi . ai . bi . a . a . b . ai . bi . bi . a . a . b . a . a . bi . ai . ai . b . a . b . ai . ai . bi . a . bi . ai . ai . b . b . a . bi . ai . ai . b . a . bi . a . b . ai . bi . a . a . b . ai . bi . a . bi . ai . ai . b . a . bi . ai . ai . b . b . b . a . bi . a . b . ai . bi . bi . a . a . b . ai . ai . bi . ai . ai . b . b . b . a . bi . a . b . ai . bi . bi . a . a . b . ai . bi . a . b . ai . bi . a . b . ai . bi . a . a . b . ai . bi . a . a . b . ai'] ...
Flash Scores: ['1', '1', '1', '2^2', '2^2']

Iteration 22: Frontier 2000 (Avg Len 76.1), Expansion Pool 12
Expanding 24000 combinations...

DET 1 found at iteration 22 (Length 114)

DET 1 found at iteration 22 (Length 118)

DET 1 found at iteration 22 (Length 198)

DET 1 found at iteration 22 (Length 206)

DET 1 found at iteration 22 (Length 99)

DET 1 found at iteration 22 (Length 107)

*** TARGET LENGTH RELATION FOUND! ***
Word Length: 54
Trace: 65118166535330
Word: a . b . ai . ai . bi . a . a . b . ai . bi . a . a . b . ai . bi . bi . a . a . b . ai . bi . bi . a . a . a . a . b . a . bi . ai . ai . ai . ai . b . b . a . bi . ai . ai . b . b . a . bi . ai . ai . b . a . bi . ai . ai . b . a . a . bi

DET 1 found at iteration 22 (Length 54)

*** TARGET LENGTH RELATION FOUND! ***
Word Length: 58
Trace: -65118166535330
Word: a . b . ai . ai . bi . a . a . b . ai . bi . a . a . b . ai . bi . bi . a . a . b . ai . bi . bi . a . a . a . a . b . a . bi . ai . ai . ai . ai . b . b . a . bi . ai . ai . b . b . a . bi . ai . ai . b . a . bi . ai . ai . b . a . bi . a . b . ai . bi . a

DET 1 found at iteration 22 (Length 58)
  ... 1000/2000 frontier nodes expanded
Iter 22 Complete: Best Score 1 | Total Visited 199783 | Time 1.9s
Flash Words (top 5): ['bi . a . b . ai . bi . a . b . ai', 'a . b . ai . ai . ai . bi . a . a . b . ai . bi . bi . a . a . b . ai . b . a . bi . a . b . ai . bi . bi . a . a . b . ai . ai . bi . ai . ai . b . b . a . bi . ai . ai . b . b . a . bi . ai . ai . b . a . bi . ai . ai . b . ai . bi . a . a . b . ai . bi', 'a . b . ai . ai . ai . bi . a . a . b . ai . bi . bi . a . a . b . ai . b . a . bi . a . b . ai . bi . bi . a . a . b . ai . ai . bi . ai . ai . b . b . a . bi . ai . ai . b . b . a . bi . ai . ai . b . a . bi . ai . b . ai . bi . a . b . ai . ai . bi . a . a . b . ai . bi', 'a . b . ai . ai . ai . bi . a . a . b . ai . bi . bi . a . a . b . ai . b . a . bi . a . b . ai . bi . bi . a . a . b . ai . ai . bi . ai . ai . b . b . a . bi . ai . ai . b . b . a . bi . ai . ai . b . a . bi . ai . ai . b . ai . bi . a . a . b . ai . bi . a . b . ai . ai . ai . bi . a . a . b . ai . bi . bi . a . a . b . ai . b . a . bi . a . b . ai . bi . bi . a . a . b . ai . ai . bi . ai . ai . b . b . a . bi . ai . ai . b . b . a . bi . ai . ai . b . a . bi . ai . ai . b . ai . bi . a . a . b . ai . bi', 'a . b . ai . ai . ai . bi . a . a . b . ai . bi . bi . a . a . b . ai . b . a . bi . a . b . ai . bi . bi . a . a . b . ai . ai . bi . ai . ai . b . b . a . bi . ai . ai . b . b . a . bi . ai . ai . b . a . bi . ai . ai . b . ai . bi . a . a . b . ai . bi . a . b . ai . ai . ai . bi . a . a . b . ai . bi . bi . a . a . b . ai . b . a . bi . a . b . ai . bi . bi . a . a . b . ai . ai . bi . ai . ai . b . b . a . bi . ai . ai . b . b . a . bi . ai . ai . b . a . bi . ai . b . ai . bi . a . b . ai . ai . bi . a . a . b . ai . bi'] ...
Flash Scores: ['1', '1', '1', '1', '1']

Iteration 23: Frontier 2000 (Avg Len 128.4), Expansion Pool 14
Expanding 28000 combinations...

DET 1 found at iteration 23 (Length 171)

DET 1 found at iteration 23 (Length 175)

DET 1 found at iteration 23 (Length 228)

DET 1 found at iteration 23 (Length 232)

DET 1 found at iteration 23 (Length 312)

DET 1 found at iteration 23 (Length 320)

DET 1 found at iteration 23 (Length 209)

DET 1 found at iteration 23 (Length 217)

DET 1 found at iteration 23 (Length 168)

DET 1 found at iteration 23 (Length 172)

DET 1 found at iteration 23 (Length 253)

DET 1 found at iteration 23 (Length 257)

DET 1 found at iteration 23 (Length 310)

DET 1 found at iteration 23 (Length 314)

DET 1 found at iteration 23 (Length 394)

DET 1 found at iteration 23 (Length 402)

DET 1 found at iteration 23 (Length 297)

DET 1 found at iteration 23 (Length 305)

DET 1 found at iteration 23 (Length 250)

DET 1 found at iteration 23 (Length 258)

DET 1 found at iteration 23 (Length 156)

DET 1 found at iteration 23 (Length 160)

DET 1 found at iteration 23 (Length 213)

DET 1 found at iteration 23 (Length 217)

DET 1 found at iteration 23 (Length 297)

DET 1 found at iteration 23 (Length 305)

DET 1 found at iteration 23 (Length 198)

DET 1 found at iteration 23 (Length 206)

DET 1 found at iteration 23 (Length 153)

DET 1 found at iteration 23 (Length 161)

DET 1 found at iteration 23 (Length 111)

DET 1 found at iteration 23 (Length 115)

DET 1 found at iteration 23 (Length 168)

DET 1 found at iteration 23 (Length 172)

DET 1 found at iteration 23 (Length 252)

DET 1 found at iteration 23 (Length 260)

DET 1 found at iteration 23 (Length 151)

DET 1 found at iteration 23 (Length 159)

DET 1 found at iteration 23 (Length 108)

DET 1 found at iteration 23 (Length 112)

Reached MAX_SOLUTIONS (50). Stopping.

Final Results Summary:
Word length: 57 | Trace: 4569327784019 | Word: a . b . ai . ai . ai . bi . a . a . b . ai . bi . bi . a . a . b . ai . b . a . bi . a . b . ai . bi . bi . a . a . b . ai . ai . bi . ai . ai . b . b . a . bi . ai . ai . b . b . a . bi . ai . ai . b . a . bi . ai . ai . b . ai . bi . a . a . b . ai . bi
Word length: 61 | Trace: -4569327784019 | Word: a . b . ai . ai . ai . bi . a . a . b . ai . bi . bi . a . a . b . ai . b . a . bi . a . b . ai . bi . bi . a . a . b . ai . ai . bi . ai . ai . b . b . a . bi . ai . ai . b . b . a . bi . ai . ai . b . a . bi . ai . b . ai . bi . a . b . ai . ai . bi . a . a . b . ai . bi
Word length: 114 | Trace: 20878756397807985111792359 | Word: a . b . ai . ai . ai . bi . a . a . b . ai . bi . bi . a . a . b . ai . b . a . bi . a . b . ai . bi . bi . a . a . b . ai . ai . bi . ai . ai . b . b . a . bi . ai . ai . b . b . a . bi . ai . ai . b . a . bi . ai . ai . b . ai . bi . a . a . b . ai . bi . a . b . ai . ai . ai . bi . a . a . b . ai . bi . bi . a . a . b . ai . b . a . bi . a . b . ai . bi . bi . a . a . b . ai . ai . bi . ai . ai . b . b . a . bi . ai . ai . b . b . a . bi . ai . ai . b . a . bi . ai . ai . b . ai . bi . a . a . b . ai . bi
Word length: 118 | Trace: -20878756397807985111792359 | Word: a . b . ai . ai . ai . bi . a . a . b . ai . bi . bi . a . a . b . ai . b . a . bi . a . b . ai . bi . bi . a . a . b . ai . ai . bi . ai . ai . b . b . a . bi . ai . ai . b . b . a . bi . ai . ai . b . a . bi . ai . ai . b . ai . bi . a . a . b . ai . bi . a . b . ai . ai . ai . bi . a . a . b . ai . bi . bi . a . a . b . ai . b . a . bi . a . b . ai . bi . bi . a . a . b . ai . ai . bi . ai . ai . b . b . a . bi . ai . ai . b . b . a . bi . ai . ai . b . a . bi . ai . b . ai . bi . a . b . ai . ai . bi . a . a . b . ai . bi
Word length: 198 | Trace: 16996947436239701796447299688314572826079851754165953534 | Word: a . b . a . a . bi . ai . bi . a . a . b . ai . bi . bi . a . a . b . a . a . bi . ai . ai . b . a . b . ai . ai . bi . a . bi . ai . ai . b . b . a . bi . ai . ai . b . a . bi . a . b . ai . bi . a . a . b . ai . bi . a . bi . ai . ai . b . a . bi . ai . ai . b . b . b . a . bi . a . b . ai . bi . bi . a . a . b . ai . ai . bi . ai . ai . b . b . b . a . bi . a . b . ai . bi . bi . a . a . b . ai . bi . a . a . b . ai . bi . a . a . b . b . a . a . bi . ai . bi . a . a . b . ai . bi . bi . a . a . b . a . a . bi . ai . ai . b . a . b . ai . ai . bi . a . bi . ai . ai . b . b . a . bi . ai . ai . b . a . bi . a . b . ai . bi . a . a . b . ai . bi . a . bi . ai . ai . b . a . bi . ai . ai . b . b . b . a . bi . a . b . ai . bi . bi . a . a . b . ai . ai . bi . ai . ai . b . b . b . a . bi . a . b . ai . bi . bi . a . a . b . ai . bi . a . a . b . ai . bi . a . a . b . ai
Word length: 206 | Trace: -16996947436239701796447299688314572826079851754165953534 | Word: a . b . a . a . bi . ai . bi . a . a . b . ai . bi . bi . a . a . b . a . a . bi . ai . ai . b . a . b . ai . ai . bi . a . bi . ai . ai . b . b . a . bi . ai . ai . b . a . bi . a . b . ai . bi . a . a . b . ai . bi . a . bi . ai . ai . b . a . bi . ai . ai . b . b . b . a . bi . a . b . ai . bi . bi . a . a . b . ai . ai . bi . ai . ai . b . b . b . a . bi . a . b . ai . bi . bi . a . a . b . ai . bi . a . a . b . ai . bi . a . a . b . b . a . a . bi . ai . bi . a . a . b . ai . bi . bi . a . a . b . a . a . bi . ai . ai . b . a . b . ai . ai . bi . a . bi . ai . ai . b . b . a . bi . ai . ai . b . a . bi . a . b . ai . bi . a . a . b . ai . bi . a . bi . ai . ai . b . a . bi . ai . ai . b . b . b . a . bi . a . b . ai . bi . bi . a . a . b . ai . ai . bi . ai . ai . b . b . b . a . bi . a . b . ai . bi . bi . a . a . b . ai . bi . a . b . ai . bi . a . b . ai . bi . a . a . b . ai . bi . a . a . b . ai
Word length: 99 | Trace: 1098613436086386427974398723 | Word: b . a . a . bi . ai . bi . a . a . b . ai . b . a . bi . a . b . ai . bi . bi . a . a . b . ai . ai . bi . ai . ai . b . b . a . bi . ai . ai . b . b . a . bi . ai . ai . b . a . bi . ai . b . ai . bi . a . a . b . ai . bi . a . bi . ai . ai . b . a . bi . ai . ai . b . b . b . a . bi . a . b . ai . bi . bi . a . a . b . ai . ai . bi . ai . ai . b . b . b . a . bi . a . b . ai . bi . bi . a . a . b . ai . bi . a . a . b . ai . bi . a . b
Word length: 107 | Trace: -1098613436086386427974398723 | Word: b . a . a . bi . ai . bi . a . a . b . ai . b . a . bi . a . b . ai . bi . bi . a . a . b . ai . ai . bi . ai . ai . b . b . a . bi . ai . ai . b . b . a . bi . ai . ai . b . a . bi . ai . b . ai . bi . a . a . b . ai . bi . a . bi . ai . ai . b . a . bi . ai . ai . b . b . b . a . bi . a . b . ai . bi . bi . a . a . b . ai . ai . bi . ai . ai . b . b . b . a . bi . a . b . ai . bi . bi . a . a . b . ai . bi . a . a . b . ai . bi . a . b . ai . bi . a . b . ai . bi . a . b
Word length: 54 | Trace: 65118166535330 | Word: a . b . ai . ai . bi . a . a . b . ai . bi . a . a . b . ai . bi . bi . a . a . b . ai . bi . bi . a . a . a . a . b . a . bi . ai . ai . ai . ai . b . b . a . bi . ai . ai . b . b . a . bi . ai . ai . b . a . bi . ai . ai . b . a . a . bi
Word length: 58 | Trace: -65118166535330 | Word: a . b . ai . ai . bi . a . a . b . ai . bi . a . a . b . ai . bi . bi . a . a . b . ai . bi . bi . a . a . a . a . b . a . bi . ai . ai . ai . ai . b . b . a . bi . ai . ai . b . b . a . bi . ai . ai . b . a . bi . ai . ai . b . a . bi . a . b . ai . bi . a
Word length: 171 | Trace: 95401881704268479439929519165398726802 | Word: a . b . ai . ai . ai . bi . a . a . b . ai . bi . bi . a . a . b . ai . b . a . bi . a . b . ai . bi . bi . a . a . b . ai . ai . bi . ai . ai . b . b . a . bi . ai . ai . b . b . a . bi . ai . ai . b . a . bi . ai . ai . b . ai . bi . a . a . b . ai . bi . a . b . ai . ai . ai . bi . a . a . b . ai . bi . bi . a . a . b . ai . b . a . bi . a . b . ai . bi . bi . a . a . b . ai . ai . bi . ai . ai . b . b . a . bi . ai . ai . b . b . a . bi . ai . ai . b . a . bi . ai . ai . b . ai . bi . a . a . b . ai . bi . a . b . ai . ai . ai . bi . a . a . b . ai . bi . bi . a . a . b . ai . b . a . bi . a . b . ai . bi . bi . a . a . b . ai . ai . bi . ai . ai . b . b . a . bi . ai . ai . b . b . a . bi . ai . ai . b . a . bi . ai . ai . b . ai . bi . a . a . b . ai . bi
Word length: 175 | Trace: -95401881704268479439929519165398726802 | Word: a . b . ai . ai . ai . bi . a . a . b . ai . bi . bi . a . a . b . ai . b . a . bi . a . b . ai . bi . bi . a . a . b . ai . ai . bi . ai . ai . b . b . a . bi . ai . ai . b . b . a . bi . ai . ai . b . a . bi . ai . ai . b . ai . bi . a . a . b . ai . bi . a . b . ai . ai . ai . bi . a . a . b . ai . bi . bi . a . a . b . ai . b . a . bi . a . b . ai . bi . bi . a . a . b . ai . ai . bi . ai . ai . b . b . a . bi . ai . ai . b . b . a . bi . ai . ai . b . a . bi . ai . ai . b . ai . bi . a . a . b . ai . bi . a . b . ai . ai . ai . bi . a . a . b . ai . bi . bi . a . a . b . ai . b . a . bi . a . b . ai . bi . bi . a . a . b . ai . ai . bi . ai . ai . b . b . a . bi . ai . ai . b . b . a . bi . ai . ai . b . a . bi . ai . b . ai . bi . a . b . ai . ai . bi . a . a . b . ai . bi
Word length: 228 | Trace: 435922468719007870252683791154819156870761530784879 | Word: a . b . ai . ai . ai . bi . a . a . b . ai . bi . bi . a . a . b . ai . b . a . bi . a . b . ai . bi . bi . a . a . b . ai . ai . bi . ai . ai . b . b . a . bi . ai . ai . b . b . a . bi . ai . ai . b . a . bi . ai . ai . b . ai . bi . a . a . b . ai . bi . a . b . ai . ai . ai . bi . a . a . b . ai . bi . bi . a . a . b . ai . b . a . bi . a . b . ai . bi . bi . a . a . b . ai . ai . bi . ai . ai . b . b . a . bi . ai . ai . b . b . a . bi . ai . ai . b . a . bi . ai . ai . b . ai . bi . a . a . b . ai . bi . a . b . ai . ai . ai . bi . a . a . b . ai . bi . bi . a . a . b . ai . b . a . bi . a . b . ai . bi . bi . a . a . b . ai . ai . bi . ai . ai . b . b . a . bi . ai . ai . b . b . a . bi . ai . ai . b . a . bi . ai . ai . b . ai . bi . a . a . b . ai . bi . a . b . ai . ai . ai . bi . a . a . b . ai . bi . bi . a . a . b . ai . b . a . bi . a . b . ai . bi . bi . a . a . b . ai . ai . bi . ai . ai . b . b . a . bi . ai . ai . b . b . a . bi . ai . ai . b . a . bi . ai . ai . b . ai . bi . a . a . b . ai . bi
Word length: 232 | Trace: -435922468719007870252683791154819156870761530784879 | Word: a . b . ai . ai . ai . bi . a . a . b . ai . bi . bi . a . a . b . ai . b . a . bi . a . b . ai . bi . bi . a . a . b . ai . ai . bi . ai . ai . b . b . a . bi . ai . ai . b . b . a . bi . ai . ai . b . a . bi . ai . ai . b . ai . bi . a . a . b . ai . bi . a . b . ai . ai . ai . bi . a . a . b . ai . bi . bi . a . a . b . ai . b . a . bi . a . b . ai . bi . bi . a . a . b . ai . ai . bi . ai . ai . b . b . a . bi . ai . ai . b . b . a . bi . ai . ai . b . a . bi . ai . ai . b . ai . bi . a . a . b . ai . bi . a . b . ai . ai . ai . bi . a . a . b . ai . bi . bi . a . a . b . ai . b . a . bi . a . b . ai . bi . bi . a . a . b . ai . ai . bi . ai . ai . b . b . a . bi . ai . ai . b . b . a . bi . ai . ai . b . a . bi . ai . ai . b . ai . bi . a . a . b . ai . bi . a . b . ai . ai . ai . bi . a . a . b . ai . bi . bi . a . a . b . ai . b . a . bi . a . b . ai . bi . bi . a . a . b . ai . ai . bi . ai . ai . b . b . a . bi . ai . ai . b . b . a . bi . ai . ai . b . a . bi . ai . b . ai . bi . a . b . ai . ai . bi . a . a . b . ai . bi
Word length: 312 | Trace: 7168662239672943602991268289147177580678395898259862021521313530849949554938145929 | Word: a . b . ai . ai . ai . bi . a . a . b . ai . bi . bi . a . a . b . ai . b . a . bi . a . b . ai . bi . bi . a . a . b . ai . ai . bi . ai . ai . b . b . a . bi . ai . ai . b . b . a . bi . ai . ai . b . a . bi . ai . ai . b . ai . bi . a . a . b . ai . bi . a . b . ai . ai . ai . bi . a . a . b . ai . bi . bi . a . a . b . ai . b . a . bi . a . b . ai . bi . bi . a . a . b . ai . ai . bi . ai . ai . b . b . a . bi . ai . ai . b . b . a . bi . ai . ai . b . a . bi . ai . ai . b . ai . bi . a . a . b . ai . bi . a . b . a . a . bi . ai . bi . a . a . b . ai . bi . bi . a . a . b . a . a . bi . ai . ai . b . a . b . ai . ai . bi . a . bi . ai . ai . b . b . a . bi . ai . ai . b . a . bi . a . b . ai . bi . a . a . b . ai . bi . a . bi . ai . ai . b . a . bi . ai . ai . b . b . b . a . bi . a . b . ai . bi . bi . a . a . b . ai . ai . bi . ai . ai . b . b . b . a . bi . a . b . ai . bi . bi . a . a . b . ai . bi . a . a . b . ai . bi . a . a . b . b . a . a . bi . ai . bi . a . a . b . ai . bi . bi . a . a . b . a . a . bi . ai . ai . b . a . b . ai . ai . bi . a . bi . ai . ai . b . b . a . bi . ai . ai . b . a . bi . a . b . ai . bi . a . a . b . ai . bi . a . bi . ai . ai . b . a . bi . ai . ai . b . b . b . a . bi . a . b . ai . bi . bi . a . a . b . ai . ai . bi . ai . ai . b . b . b . a . bi . a . b . ai . bi . bi . a . a . b . ai . bi . a . a . b . ai . bi . a . a . b . ai
Word length: 320 | Trace: -7168662239672943602991268289147177580678395898259862021521313530849949554938145929 | Word: a . b . ai . ai . ai . bi . a . a . b . ai . bi . bi . a . a . b . ai . b . a . bi . a . b . ai . bi . bi . a . a . b . ai . ai . bi . ai . ai . b . b . a . bi . ai . ai . b . b . a . bi . ai . ai . b . a . bi . ai . ai . b . ai . bi . a . a . b . ai . bi . a . b . ai . ai . ai . bi . a . a . b . ai . bi . bi . a . a . b . ai . b . a . bi . a . b . ai . bi . bi . a . a . b . ai . ai . bi . ai . ai . b . b . a . bi . ai . ai . b . b . a . bi . ai . ai . b . a . bi . ai . ai . b . ai . bi . a . a . b . ai . bi . a . b . a . a . bi . ai . bi . a . a . b . ai . bi . bi . a . a . b . a . a . bi . ai . ai . b . a . b . ai . ai . bi . a . bi . ai . ai . b . b . a . bi . ai . ai . b . a . bi . a . b . ai . bi . a . a . b . ai . bi . a . bi . ai . ai . b . a . bi . ai . ai . b . b . b . a . bi . a . b . ai . bi . bi . a . a . b . ai . ai . bi . ai . ai . b . b . b . a . bi . a . b . ai . bi . bi . a . a . b . ai . bi . a . a . b . ai . bi . a . a . b . b . a . a . bi . ai . bi . a . a . b . ai . bi . bi . a . a . b . a . a . bi . ai . ai . b . a . b . ai . ai . bi . a . bi . ai . ai . b . b . a . bi . ai . ai . b . a . bi . a . b . ai . bi . a . a . b . ai . bi . a . bi . ai . ai . b . a . bi . ai . ai . b . b . b . a . bi . a . b . ai . bi . bi . a . a . b . ai . ai . bi . ai . ai . b . b . b . a . bi . a . b . ai . bi . bi . a . a . b . ai . bi . a . b . ai . bi . a . b . ai . bi . a . a . b . ai . bi . a . a . b . ai
Word length: 209 | Trace: -461546169963142634295120422893386363186395253324484289 | Word: a . b . ai . ai . ai . bi . a . a . b . ai . bi . bi . a . a . b . ai . b . a . bi . a . b . ai . bi . bi . a . a . b . ai . ai . bi . ai . ai . b . b . a . bi . ai . ai . b . b . a . bi . ai . ai . b . a . bi . ai . ai . b . ai . bi . a . a . b . ai . bi . a . b . ai . ai . ai . bi . a . a . b . ai . bi . bi . a . a . b . ai . b . a . bi . a . b . ai . bi . bi . a . a . b . ai . ai . bi . ai . ai . b . b . a . bi . ai . ai . b . b . a . bi . ai . ai . b . a . bi . ai . ai . b . ai . bi . a . a . b . a . bi . ai . bi . a . a . b . ai . b . a . bi . a . b . ai . bi . bi . a . a . b . ai . ai . bi . ai . ai . b . b . a . bi . ai . ai . b . b . a . bi . ai . ai . b . a . bi . ai . b . ai . bi . a . a . b . ai . bi . a . bi . ai . ai . b . a . bi . ai . ai . b . b . b . a . bi . a . b . ai . bi . bi . a . a . b . ai . ai . bi . ai . ai . b . b . b . a . bi . a . b . ai . bi . bi . a . a . b . ai . bi . a . a . b . ai . bi . a . b
Word length: 217 | Trace: 461546169963142634295120422893386363186395253324484289 | Word: a . b . ai . ai . ai . bi . a . a . b . ai . bi . bi . a . a . b . ai . b . a . bi . a . b . ai . bi . bi . a . a . b . ai . ai . bi . ai . ai . b . b . a . bi . ai . ai . b . b . a . bi . ai . ai . b . a . bi . ai . ai . b . ai . bi . a . a . b . ai . bi . a . b . ai . ai . ai . bi . a . a . b . ai . bi . bi . a . a . b . ai . b . a . bi . a . b . ai . bi . bi . a . a . b . ai . ai . bi . ai . ai . b . b . a . bi . ai . ai . b . b . a . bi . ai . ai . b . a . bi . ai . ai . b . ai . bi . a . a . b . a . bi . ai . bi . a . a . b . ai . b . a . bi . a . b . ai . bi . bi . a . a . b . ai . ai . bi . ai . ai . b . b . a . bi . ai . ai . b . b . a . bi . ai . ai . b . a . bi . ai . b . ai . bi . a . a . b . ai . bi . a . bi . ai . ai . b . a . bi . ai . ai . b . b . b . a . bi . a . b . ai . bi . bi . a . a . b . ai . ai . bi . ai . ai . b . b . b . a . bi . a . b . ai . bi . bi . a . a . b . ai . bi . a . a . b . ai . bi . a . b . ai . bi . a . b . ai . bi . a . b
Word length: 168 | Trace: -135239178959955446325324115222090286679 | Word: a . b . ai . ai . ai . bi . a . a . b . ai . bi . bi . a . a . b . ai . b . a . bi . a . b . ai . bi . bi . a . a . b . ai . ai . bi . ai . ai . b . b . a . bi . ai . ai . b . b . a . bi . ai . ai . b . a . bi . ai . ai . b . ai . bi . a . a . b . ai . bi . a . b . ai . ai . ai . bi . a . a . b . ai . bi . bi . a . a . b . ai . b . a . bi . a . b . ai . bi . bi . a . a . b . ai . ai . bi . ai . ai . b . b . a . bi . ai . ai . b . b . a . bi . ai . ai . b . a . bi . ai . ai . b . ai . bi . a . a . b . ai . bi . a . b . ai . ai . bi . a . a . b . ai . bi . a . a . b . ai . bi . bi . a . a . b . ai . bi . bi . a . a . a . a . b . a . bi . ai . ai . ai . ai . b . b . a . bi . ai . ai . b . b . a . bi . ai . ai . b . a . bi . ai . ai . b . a . a . bi
Word length: 172 | Trace: 135239178959955446325324115222090286679 | Word: a . b . ai . ai . ai . bi . a . a . b . ai . bi . bi . a . a . b . ai . b . a . bi . a . b . ai . bi . bi . a . a . b . ai . ai . bi . ai . ai . b . b . a . bi . ai . ai . b . b . a . bi . ai . ai . b . a . bi . ai . ai . b . ai . bi . a . a . b . ai . bi . a . b . ai . ai . ai . bi . a . a . b . ai . bi . bi . a . a . b . ai . b . a . bi . a . b . ai . bi . bi . a . a . b . ai . ai . bi . ai . ai . b . b . a . bi . ai . ai . b . b . a . bi . ai . ai . b . a . bi . ai . b . ai . bi . a . b . ai . ai . bi . a . a . b . ai . bi . a . b . ai . ai . bi . a . a . b . ai . bi . a . a . b . ai . bi . bi . a . a . b . ai . bi . bi . a . a . a . a . b . a . bi . ai . ai . ai . ai . b . b . a . bi . ai . ai . b . b . a . bi . ai . ai . b . a . bi . ai . ai . b . a . a . bi
Word length: 253 | Trace: 1568865832901064458230197319859807034548423930939147011990340188670077 | Word: a . b . a . a . bi . ai . bi . a . a . b . ai . bi . bi . a . a . b . a . a . bi . ai . ai . b . a . b . ai . ai . bi . a . bi . ai . ai . b . b . a . bi . ai . ai . b . a . bi . a . b . ai . bi . a . a . b . ai . bi . a . bi . ai . ai . b . a . bi . ai . ai . b . b . b . a . bi . a . b . ai . bi . bi . a . a . b . ai . ai . bi . ai . ai . b . b . b . a . bi . a . b . ai . bi . bi . a . a . b . ai . bi . a . a . b . ai . bi . a . a . b . b . a . a . bi . ai . bi . a . a . b . ai . bi . bi . a . a . b . a . a . bi . ai . ai . b . a . b . ai . ai . bi . a . bi . ai . ai . b . b . a . bi . ai . ai . b . a . bi . a . b . ai . bi . a . a . b . ai . bi . a . bi . ai . ai . b . a . bi . ai . ai . b . b . b . a . bi . a . b . ai . bi . bi . a . a . b . ai . ai . bi . ai . ai . b . b . b . a . bi . a . b . ai . bi . bi . a . a . b . ai . bi . a . a . b . ai . bi . a . a . b . b . ai . ai . ai . bi . a . a . b . ai . bi . bi . a . a . b . ai . b . a . bi . a . b . ai . bi . bi . a . a . b . ai . ai . bi . ai . ai . b . b . a . bi . ai . ai . b . b . a . bi . ai . ai . b . a . bi . ai . ai . b . ai . bi . a . a . b . ai . bi
Word length: 257 | Trace: -1568865832901064458230197319859807034548423930939147011990340188670077 | Word: a . b . a . a . bi . ai . bi . a . a . b . ai . bi . bi . a . a . b . a . a . bi . ai . ai . b . a . b . ai . ai . bi . a . bi . ai . ai . b . b . a . bi . ai . ai . b . a . bi . a . b . ai . bi . a . a . b . ai . bi . a . bi . ai . ai . b . a . bi . ai . ai . b . b . b . a . bi . a . b . ai . bi . bi . a . a . b . ai . ai . bi . ai . ai . b . b . b . a . bi . a . b . ai . bi . bi . a . a . b . ai . bi . a . a . b . ai . bi . a . a . b . b . a . a . bi . ai . bi . a . a . b . ai . bi . bi . a . a . b . a . a . bi . ai . ai . b . a . b . ai . ai . bi . a . bi . ai . ai . b . b . a . bi . ai . ai . b . a . bi . a . b . ai . bi . a . a . b . ai . bi . a . bi . ai . ai . b . a . bi . ai . ai . b . b . b . a . bi . a . b . ai . bi . bi . a . a . b . ai . ai . bi . ai . ai . b . b . b . a . bi . a . b . ai . bi . bi . a . a . b . ai . bi . a . a . b . ai . bi . a . a . b . b . ai . ai . ai . bi . a . a . b . ai . bi . bi . a . a . b . ai . b . a . bi . a . b . ai . bi . bi . a . a . b . ai . ai . bi . ai . ai . b . b . a . bi . ai . ai . b . b . a . bi . ai . ai . b . a . bi . ai . b . ai . bi . a . b . ai . ai . bi . a . a . b . ai . bi
Word length: 310 | Trace: 7168662239672943602991268289147177580678395898259862021521313530849949554938145929 | Word: a . b . a . a . bi . ai . bi . a . a . b . ai . bi . bi . a . a . b . a . a . bi . ai . ai . b . a . b . ai . ai . bi . a . bi . ai . ai . b . b . a . bi . ai . ai . b . a . bi . a . b . ai . bi . a . a . b . ai . bi . a . bi . ai . ai . b . a . bi . ai . ai . b . b . b . a . bi . a . b . ai . bi . bi . a . a . b . ai . ai . bi . ai . ai . b . b . b . a . bi . a . b . ai . bi . bi . a . a . b . ai . bi . a . a . b . ai . bi . a . a . b . b . a . a . bi . ai . bi . a . a . b . ai . bi . bi . a . a . b . a . a . bi . ai . ai . b . a . b . ai . ai . bi . a . bi . ai . ai . b . b . a . bi . ai . ai . b . a . bi . a . b . ai . bi . a . a . b . ai . bi . a . bi . ai . ai . b . a . bi . ai . ai . b . b . b . a . bi . a . b . ai . bi . bi . a . a . b . ai . ai . bi . ai . ai . b . b . b . a . bi . a . b . ai . bi . bi . a . a . b . ai . bi . a . a . b . ai . bi . a . a . b . b . ai . ai . ai . bi . a . a . b . ai . bi . bi . a . a . b . ai . b . a . bi . a . b . ai . bi . bi . a . a . b . ai . ai . bi . ai . ai . b . b . a . bi . ai . ai . b . b . a . bi . ai . ai . b . a . bi . ai . ai . b . ai . bi . a . a . b . ai . bi . a . b . ai . ai . ai . bi . a . a . b . ai . bi . bi . a . a . b . ai . b . a . bi . a . b . ai . bi . bi . a . a . b . ai . ai . bi . ai . ai . b . b . a . bi . ai . ai . b . b . a . bi . ai . ai . b . a . bi . ai . ai . b . ai . bi . a . a . b . ai . bi
Word length: 314 | Trace: -7168662239672943602991268289147177580678395898259862021521313530849949554938145929 | Word: a . b . a . a . bi . ai . bi . a . a . b . ai . bi . bi . a . a . b . a . a . bi . ai . ai . b . a . b . ai . ai . bi . a . bi . ai . ai . b . b . a . bi . ai . ai . b . a . bi . a . b . ai . bi . a . a . b . ai . bi . a . bi . ai . ai . b . a . bi . ai . ai . b . b . b . a . bi . a . b . ai . bi . bi . a . a . b . ai . ai . bi . ai . ai . b . b . b . a . bi . a . b . ai . bi . bi . a . a . b . ai . bi . a . a . b . ai . bi . a . a . b . b . a . a . bi . ai . bi . a . a . b . ai . bi . bi . a . a . b . a . a . bi . ai . ai . b . a . b . ai . ai . bi . a . bi . ai . ai . b . b . a . bi . ai . ai . b . a . bi . a . b . ai . bi . a . a . b . ai . bi . a . bi . ai . ai . b . a . bi . ai . ai . b . b . b . a . bi . a . b . ai . bi . bi . a . a . b . ai . ai . bi . ai . ai . b . b . b . a . bi . a . b . ai . bi . bi . a . a . b . ai . bi . a . a . b . ai . bi . a . a . b . b . ai . ai . ai . bi . a . a . b . ai . bi . bi . a . a . b . ai . b . a . bi . a . b . ai . bi . bi . a . a . b . ai . ai . bi . ai . ai . b . b . a . bi . ai . ai . b . b . a . bi . ai . ai . b . a . bi . ai . ai . b . ai . bi . a . a . b . ai . bi . a . b . ai . ai . ai . bi . a . a . b . ai . bi . bi . a . a . b . ai . b . a . bi . a . b . ai . bi . bi . a . a . b . ai . ai . bi . ai . ai . b . b . a . bi . ai . ai . b . b . a . bi . ai . ai . b . a . bi . ai . b . ai . bi . a . b . ai . ai . bi . a . a . b . ai . bi
Word length: 394 | Trace: 288896222150295371765116505644064018208824984058396798684224084704661926219905853638993514045572337847447089154 | Word: a . b . a . a . bi . ai . bi . a . a . b . ai . bi . bi . a . a . b . a . a . bi . ai . ai . b . a . b . ai . ai . bi . a . bi . ai . ai . b . b . a . bi . ai . ai . b . a . bi . a . b . ai . bi . a . a . b . ai . bi . a . bi . ai . ai . b . a . bi . ai . ai . b . b . b . a . bi . a . b . ai . bi . bi . a . a . b . ai . ai . bi . ai . ai . b . b . b . a . bi . a . b . ai . bi . bi . a . a . b . ai . bi . a . a . b . ai . bi . a . a . b . b . a . a . bi . ai . bi . a . a . b . ai . bi . bi . a . a . b . a . a . bi . ai . ai . b . a . b . ai . ai . bi . a . bi . ai . ai . b . b . a . bi . ai . ai . b . a . bi . a . b . ai . bi . a . a . b . ai . bi . a . bi . ai . ai . b . a . bi . ai . ai . b . b . b . a . bi . a . b . ai . bi . bi . a . a . b . ai . ai . bi . ai . ai . b . b . b . a . bi . a . b . ai . bi . bi . a . a . b . ai . bi . a . a . b . ai . bi . a . a . b . b . a . a . bi . ai . bi . a . a . b . ai . bi . bi . a . a . b . a . a . bi . ai . ai . b . a . b . ai . ai . bi . a . bi . ai . ai . b . b . a . bi . ai . ai . b . a . bi . a . b . ai . bi . a . a . b . ai . bi . a . bi . ai . ai . b . a . bi . ai . ai . b . b . b . a . bi . a . b . ai . bi . bi . a . a . b . ai . ai . bi . ai . ai . b . b . b . a . bi . a . b . ai . bi . bi . a . a . b . ai . bi . a . a . b . ai . bi . a . a . b . b . a . a . bi . ai . bi . a . a . b . ai . bi . bi . a . a . b . a . a . bi . ai . ai . b . a . b . ai . ai . bi . a . bi . ai . ai . b . b . a . bi . ai . ai . b . a . bi . a . b . ai . bi . a . a . b . ai . bi . a . bi . ai . ai . b . a . bi . ai . ai . b . b . b . a . bi . a . b . ai . bi . bi . a . a . b . ai . ai . bi . ai . ai . b . b . b . a . bi . a . b . ai . bi . bi . a . a . b . ai . bi . a . a . b . ai . bi . a . a . b . ai
Word length: 402 | Trace: -288896222150295371765116505644064018208824984058396798684224084704661926219905853638993514045572337847447089154 | Word: a . b . a . a . bi . ai . bi . a . a . b . ai . bi . bi . a . a . b . a . a . bi . ai . ai . b . a . b . ai . ai . bi . a . bi . ai . ai . b . b . a . bi . ai . ai . b . a . bi . a . b . ai . bi . a . a . b . ai . bi . a . bi . ai . ai . b . a . bi . ai . ai . b . b . b . a . bi . a . b . ai . bi . bi . a . a . b . ai . ai . bi . ai . ai . b . b . b . a . bi . a . b . ai . bi . bi . a . a . b . ai . bi . a . a . b . ai . bi . a . a . b . b . a . a . bi . ai . bi . a . a . b . ai . bi . bi . a . a . b . a . a . bi . ai . ai . b . a . b . ai . ai . bi . a . bi . ai . ai . b . b . a . bi . ai . ai . b . a . bi . a . b . ai . bi . a . a . b . ai . bi . a . bi . ai . ai . b . a . bi . ai . ai . b . b . b . a . bi . a . b . ai . bi . bi . a . a . b . ai . ai . bi . ai . ai . b . b . b . a . bi . a . b . ai . bi . bi . a . a . b . ai . bi . a . a . b . ai . bi . a . a . b . b . a . a . bi . ai . bi . a . a . b . ai . bi . bi . a . a . b . a . a . bi . ai . ai . b . a . b . ai . ai . bi . a . bi . ai . ai . b . b . a . bi . ai . ai . b . a . bi . a . b . ai . bi . a . a . b . ai . bi . a . bi . ai . ai . b . a . bi . ai . ai . b . b . b . a . bi . a . b . ai . bi . bi . a . a . b . ai . ai . bi . ai . ai . b . b . b . a . bi . a . b . ai . bi . bi . a . a . b . ai . bi . a . a . b . ai . bi . a . a . b . b . a . a . bi . ai . bi . a . a . b . ai . bi . bi . a . a . b . a . a . bi . ai . ai . b . a . b . ai . ai . bi . a . bi . ai . ai . b . b . a . bi . ai . ai . b . a . bi . a . b . ai . bi . a . a . b . ai . bi . a . bi . ai . ai . b . a . bi . ai . ai . b . b . b . a . bi . a . b . ai . bi . bi . a . a . b . ai . ai . bi . ai . ai . b . b . b . a . bi . a . b . ai . bi . bi . a . a . b . ai . bi . a . b . ai . bi . a . b . ai . bi . a . a . b . ai . bi . a . a . b . ai
Word length: 297 | Trace: 19020391693487688644110504542536779424522582383153793130032884020441350834585622861 | Word: a . b . a . a . bi . ai . bi . a . a . b . ai . bi . bi . a . a . b . a . a . bi . ai . ai . b . a . b . ai . ai . bi . a . bi . ai . ai . b . b . a . bi . ai . ai . b . a . bi . a . b . ai . bi . a . a . b . ai . bi . a . bi . ai . ai . b . a . bi . ai . ai . b . b . b . a . bi . a . b . ai . bi . bi . a . a . b . ai . ai . bi . ai . ai . b . b . b . a . bi . a . b . ai . bi . bi . a . a . b . ai . bi . a . a . b . ai . bi . a . a . b . b . a . a . bi . ai . bi . a . a . b . ai . bi . bi . a . a . b . a . a . bi . ai . ai . b . a . b . ai . ai . bi . a . bi . ai . ai . b . b . a . bi . ai . ai . b . a . bi . a . b . ai . bi . a . a . b . ai . bi . a . bi . ai . ai . b . a . bi . ai . ai . b . b . b . a . bi . a . b . ai . bi . bi . a . a . b . ai . ai . bi . ai . ai . b . b . b . a . bi . a . b . ai . bi . bi . a . a . b . ai . bi . a . a . b . ai . bi . a . a . b . ai . b . a . a . bi . ai . bi . a . a . b . ai . b . a . bi . a . b . ai . bi . bi . a . a . b . ai . ai . bi . ai . ai . b . b . a . bi . ai . ai . b . b . a . bi . ai . ai . b . a . bi . ai . b . ai . bi . a . a . b . ai . bi . a . bi . ai . ai . b . a . bi . ai . ai . b . b . b . a . bi . a . b . ai . bi . bi . a . a . b . ai . ai . bi . ai . ai . b . b . b . a . bi . a . b . ai . bi . bi . a . a . b . ai . bi . a . a . b . ai . bi . a . b
Word length: 305 | Trace: -19020391693487688644110504542536779424522582383153793130032884020441350834585622861 | Word: a . b . a . a . bi . ai . bi . a . a . b . ai . bi . bi . a . a . b . a . a . bi . ai . ai . b . a . b . ai . ai . bi . a . bi . ai . ai . b . b . a . bi . ai . ai . b . a . bi . a . b . ai . bi . a . a . b . ai . bi . a . bi . ai . ai . b . a . bi . ai . ai . b . b . b . a . bi . a . b . ai . bi . bi . a . a . b . ai . ai . bi . ai . ai . b . b . b . a . bi . a . b . ai . bi . bi . a . a . b . ai . bi . a . a . b . ai . bi . a . a . b . b . a . a . bi . ai . bi . a . a . b . ai . bi . bi . a . a . b . a . a . bi . ai . ai . b . a . b . ai . ai . bi . a . bi . ai . ai . b . b . a . bi . ai . ai . b . a . bi . a . b . ai . bi . a . a . b . ai . bi . a . bi . ai . ai . b . a . bi . ai . ai . b . b . b . a . bi . a . b . ai . bi . bi . a . a . b . ai . ai . bi . ai . ai . b . b . b . a . bi . a . b . ai . bi . bi . a . a . b . ai . bi . a . a . b . ai . bi . a . a . b . ai . b . a . a . bi . ai . bi . a . a . b . ai . b . a . bi . a . b . ai . bi . bi . a . a . b . ai . ai . bi . ai . ai . b . b . a . bi . ai . ai . b . b . a . bi . ai . ai . b . a . bi . ai . b . ai . bi . a . a . b . ai . bi . a . bi . ai . ai . b . a . bi . ai . ai . b . b . b . a . bi . a . b . ai . bi . bi . a . a . b . ai . ai . bi . ai . ai . b . b . b . a . bi . a . b . ai . bi . bi . a . a . b . ai . bi . a . a . b . ai . bi . a . b . ai . bi . a . b . ai . bi . a . b
Word length: 250 | Trace: 1228906763696264567574945670716156038220455946400868892502161378823486 | Word: a . b . a . a . bi . ai . bi . a . a . b . ai . bi . bi . a . a . b . a . a . bi . ai . ai . b . a . b . ai . ai . bi . a . bi . ai . ai . b . b . a . bi . ai . ai . b . a . bi . a . b . ai . bi . a . a . b . ai . bi . a . bi . ai . ai . b . a . bi . ai . ai . b . b . b . a . bi . a . b . ai . bi . bi . a . a . b . ai . ai . bi . ai . ai . b . b . b . a . bi . a . b . ai . bi . bi . a . a . b . ai . bi . a . a . b . ai . bi . a . a . b . b . a . a . bi . ai . bi . a . a . b . ai . bi . bi . a . a . b . a . a . bi . ai . ai . b . a . b . ai . ai . bi . a . bi . ai . ai . b . b . a . bi . ai . ai . b . a . bi . a . b . ai . bi . a . a . b . ai . bi . a . bi . ai . ai . b . a . bi . ai . ai . b . b . b . a . bi . a . b . ai . bi . bi . a . a . b . ai . ai . bi . ai . ai . b . b . b . a . bi . a . b . ai . bi . bi . a . a . b . ai . bi . a . a . b . ai . bi . a . a . b . b . ai . ai . bi . a . a . b . ai . bi . a . a . b . ai . bi . bi . a . a . b . ai . bi . bi . a . a . a . a . b . a . bi . ai . ai . ai . ai . b . b . a . bi . ai . ai . b . b . a . bi . ai . ai . b . a . bi . ai . ai . b . a . a . bi
Word length: 258 | Trace: -1228906763696264567574945670716156038220455946400868892502161378823486 | Word: a . b . a . a . bi . ai . bi . a . a . b . ai . bi . bi . a . a . b . a . a . bi . ai . ai . b . a . b . ai . ai . bi . a . bi . ai . ai . b . b . a . bi . ai . ai . b . a . bi . a . b . ai . bi . a . a . b . ai . bi . a . bi . ai . ai . b . a . bi . ai . ai . b . b . b . a . bi . a . b . ai . bi . bi . a . a . b . ai . ai . bi . ai . ai . b . b . b . a . bi . a . b . ai . bi . bi . a . a . b . ai . bi . a . a . b . ai . bi . a . a . b . b . a . a . bi . ai . bi . a . a . b . ai . bi . bi . a . a . b . a . a . bi . ai . ai . b . a . b . ai . ai . bi . a . bi . ai . ai . b . b . a . bi . ai . ai . b . a . bi . a . b . ai . bi . a . a . b . ai . bi . a . bi . ai . ai . b . a . bi . ai . ai . b . b . b . a . bi . a . b . ai . bi . bi . a . a . b . ai . ai . bi . ai . ai . b . b . b . a . bi . a . b . ai . bi . bi . a . a . b . ai . bi . a . b . ai . bi . a . b . ai . bi . a . a . b . ai . bi . a . a . b . b . ai . ai . bi . a . a . b . ai . bi . a . a . b . ai . bi . bi . a . a . b . ai . bi . bi . a . a . a . a . b . a . bi . ai . ai . ai . ai . b . b . a . bi . ai . ai . b . b . a . bi . ai . ai . b . a . bi . ai . ai . b . a . a . bi
Word length: 156 | Trace: -101009643382857702876245685735231171384714 | Word: b . a . a . bi . ai . bi . a . a . b . ai . b . a . bi . a . b . ai . bi . bi . a . a . b . ai . ai . bi . ai . ai . b . b . a . bi . ai . ai . b . b . a . bi . ai . ai . b . a . bi . ai . b . ai . bi . a . a . b . ai . bi . a . bi . ai . ai . b . a . bi . ai . ai . b . b . b . a . bi . a . b . ai . bi . bi . a . a . b . ai . ai . bi . ai . ai . b . b . b . a . bi . a . b . ai . bi . bi . a . a . b . ai . bi . a . a . b . ai . bi . a . b . a . b . ai . ai . ai . bi . a . a . b . ai . bi . bi . a . a . b . ai . b . a . bi . a . b . ai . bi . bi . a . a . b . ai . ai . bi . ai . ai . b . b . a . bi . ai . ai . b . b . a . bi . ai . ai . b . a . bi . ai . ai . b . ai . bi . a . a . b . ai . bi
Word length: 160 | Trace: 101009643382857702876245685735231171384714 | Word: b . a . a . bi . ai . bi . a . a . b . ai . b . a . bi . a . b . ai . bi . bi . a . a . b . ai . ai . bi . ai . ai . b . b . a . bi . ai . ai . b . b . a . bi . ai . ai . b . a . bi . ai . b . ai . bi . a . a . b . ai . bi . a . bi . ai . ai . b . a . bi . ai . ai . b . b . b . a . bi . a . b . ai . bi . bi . a . a . b . ai . ai . bi . ai . ai . b . b . b . a . bi . a . b . ai . bi . bi . a . a . b . ai . bi . a . a . b . ai . bi . a . b . a . b . ai . ai . ai . bi . a . a . b . ai . bi . bi . a . a . b . ai . b . a . bi . a . b . ai . bi . bi . a . a . b . ai . ai . bi . ai . ai . b . b . a . bi . ai . ai . b . b . a . bi . ai . ai . b . a . bi . ai . b . ai . bi . a . b . ai . ai . bi . a . a . b . ai . bi
Word length: 213 | Trace: -461546169963142634295120422893386363186395253324484289 | Word: b . a . a . bi . ai . bi . a . a . b . ai . b . a . bi . a . b . ai . bi . bi . a . a . b . ai . ai . bi . ai . ai . b . b . a . bi . ai . ai . b . b . a . bi . ai . ai . b . a . bi . ai . b . ai . bi . a . a . b . ai . bi . a . bi . ai . ai . b . a . bi . ai . ai . b . b . b . a . bi . a . b . ai . bi . bi . a . a . b . ai . ai . bi . ai . ai . b . b . b . a . bi . a . b . ai . bi . bi . a . a . b . ai . bi . a . a . b . ai . bi . a . b . a . b . ai . ai . ai . bi . a . a . b . ai . bi . bi . a . a . b . ai . b . a . bi . a . b . ai . bi . bi . a . a . b . ai . ai . bi . ai . ai . b . b . a . bi . ai . ai . b . b . a . bi . ai . ai . b . a . bi . ai . ai . b . ai . bi . a . a . b . ai . bi . a . b . ai . ai . ai . bi . a . a . b . ai . bi . bi . a . a . b . ai . b . a . bi . a . b . ai . bi . bi . a . a . b . ai . ai . bi . ai . ai . b . b . a . bi . ai . ai . b . b . a . bi . ai . ai . b . a . bi . ai . ai . b . ai . bi . a . a . b . ai . bi
Word length: 217 | Trace: 461546169963142634295120422893386363186395253324484289 | Word: b . a . a . bi . ai . bi . a . a . b . ai . b . a . bi . a . b . ai . bi . bi . a . a . b . ai . ai . bi . ai . ai . b . b . a . bi . ai . ai . b . b . a . bi . ai . ai . b . a . bi . ai . b . ai . bi . a . a . b . ai . bi . a . bi . ai . ai . b . a . bi . ai . ai . b . b . b . a . bi . a . b . ai . bi . bi . a . a . b . ai . ai . bi . ai . ai . b . b . b . a . bi . a . b . ai . bi . bi . a . a . b . ai . bi . a . a . b . ai . bi . a . b . a . b . ai . ai . ai . bi . a . a . b . ai . bi . bi . a . a . b . ai . b . a . bi . a . b . ai . bi . bi . a . a . b . ai . ai . bi . ai . ai . b . b . a . bi . ai . ai . b . b . a . bi . ai . ai . b . a . bi . ai . ai . b . ai . bi . a . a . b . ai . bi . a . b . ai . ai . ai . bi . a . a . b . ai . bi . bi . a . a . b . ai . b . a . bi . a . b . ai . bi . bi . a . a . b . ai . ai . bi . ai . ai . b . b . a . bi . ai . ai . b . b . a . bi . ai . ai . b . a . bi . ai . b . ai . bi . a . b . ai . ai . bi . a . a . b . ai . bi
Word length: 297 | Trace: 19020391693487688644110504542536779424522582383153793130032884020441350834585622861 | Word: b . a . a . bi . ai . bi . a . a . b . ai . b . a . bi . a . b . ai . bi . bi . a . a . b . ai . ai . bi . ai . ai . b . b . a . bi . ai . ai . b . b . a . bi . ai . ai . b . a . bi . ai . b . ai . bi . a . a . b . ai . bi . a . bi . ai . ai . b . a . bi . ai . ai . b . b . b . a . bi . a . b . ai . bi . bi . a . a . b . ai . ai . bi . ai . ai . b . b . b . a . bi . a . b . ai . bi . bi . a . a . b . ai . bi . a . a . b . ai . bi . a . b . a . b . a . a . bi . ai . bi . a . a . b . ai . bi . bi . a . a . b . a . a . bi . ai . ai . b . a . b . ai . ai . bi . a . bi . ai . ai . b . b . a . bi . ai . ai . b . a . bi . a . b . ai . bi . a . a . b . ai . bi . a . bi . ai . ai . b . a . bi . ai . ai . b . b . b . a . bi . a . b . ai . bi . bi . a . a . b . ai . ai . bi . ai . ai . b . b . b . a . bi . a . b . ai . bi . bi . a . a . b . ai . bi . a . a . b . ai . bi . a . a . b . b . a . a . bi . ai . bi . a . a . b . ai . bi . bi . a . a . b . a . a . bi . ai . ai . b . a . b . ai . ai . bi . a . bi . ai . ai . b . b . a . bi . ai . ai . b . a . bi . a . b . ai . bi . a . a . b . ai . bi . a . bi . ai . ai . b . a . bi . ai . ai . b . b . b . a . bi . a . b . ai . bi . bi . a . a . b . ai . ai . bi . ai . ai . b . b . b . a . bi . a . b . ai . bi . bi . a . a . b . ai . bi . a . a . b . ai . bi . a . a . b . ai
Word length: 305 | Trace: -19020391693487688644110504542536779424522582383153793130032884020441350834585622861 | Word: b . a . a . bi . ai . bi . a . a . b . ai . b . a . bi . a . b . ai . bi . bi . a . a . b . ai . ai . bi . ai . ai . b . b . a . bi . ai . ai . b . b . a . bi . ai . ai . b . a . bi . ai . b . ai . bi . a . a . b . ai . bi . a . bi . ai . ai . b . a . bi . ai . ai . b . b . b . a . bi . a . b . ai . bi . bi . a . a . b . ai . ai . bi . ai . ai . b . b . b . a . bi . a . b . ai . bi . bi . a . a . b . ai . bi . a . a . b . ai . bi . a . b . a . b . a . a . bi . ai . bi . a . a . b . ai . bi . bi . a . a . b . a . a . bi . ai . ai . b . a . b . ai . ai . bi . a . bi . ai . ai . b . b . a . bi . ai . ai . b . a . bi . a . b . ai . bi . a . a . b . ai . bi . a . bi . ai . ai . b . a . bi . ai . ai . b . b . b . a . bi . a . b . ai . bi . bi . a . a . b . ai . ai . bi . ai . ai . b . b . b . a . bi . a . b . ai . bi . bi . a . a . b . ai . bi . a . a . b . ai . bi . a . a . b . b . a . a . bi . ai . bi . a . a . b . ai . bi . bi . a . a . b . a . a . bi . ai . ai . b . a . b . ai . ai . bi . a . bi . ai . ai . b . b . a . bi . ai . ai . b . a . bi . a . b . ai . bi . a . a . b . ai . bi . a . bi . ai . ai . b . a . bi . ai . ai . b . b . b . a . bi . a . b . ai . bi . bi . a . a . b . ai . ai . bi . ai . ai . b . b . b . a . bi . a . b . ai . bi . bi . a . a . b . ai . bi . a . b . ai . bi . a . b . ai . bi . a . a . b . ai . bi . a . a . b . ai
Word length: 198 | Trace: 1206951481949536676928904017156260434256118313384030727 | Word: b . a . a . bi . ai . bi . a . a . b . ai . b . a . bi . a . b . ai . bi . bi . a . a . b . ai . ai . bi . ai . ai . b . b . a . bi . ai . ai . b . b . a . bi . ai . ai . b . a . bi . ai . b . ai . bi . a . a . b . ai . bi . a . bi . ai . ai . b . a . bi . ai . ai . b . b . b . a . bi . a . b . ai . bi . bi . a . a . b . ai . ai . bi . ai . ai . b . b . b . a . bi . a . b . ai . bi . bi . a . a . b . ai . bi . a . a . b . ai . bi . a . b . b . a . a . bi . ai . bi . a . a . b . ai . b . a . bi . a . b . ai . bi . bi . a . a . b . ai . ai . bi . ai . ai . b . b . a . bi . ai . ai . b . b . a . bi . ai . ai . b . a . bi . ai . b . ai . bi . a . a . b . ai . bi . a . bi . ai . ai . b . a . bi . ai . ai . b . b . b . a . bi . a . b . ai . bi . bi . a . a . b . ai . ai . bi . ai . ai . b . b . b . a . bi . a . b . ai . bi . bi . a . a . b . ai . bi . a . a . b . ai . bi . a . b
Word length: 206 | Trace: -1206951481949536676928904017156260434256118313384030727 | Word: b . a . a . bi . ai . bi . a . a . b . ai . b . a . bi . a . b . ai . bi . bi . a . a . b . ai . ai . bi . ai . ai . b . b . a . bi . ai . ai . b . b . a . bi . ai . ai . b . a . bi . ai . b . ai . bi . a . a . b . ai . bi . a . bi . ai . ai . b . a . bi . ai . ai . b . b . b . a . bi . a . b . ai . bi . bi . a . a . b . ai . ai . bi . ai . ai . b . b . b . a . bi . a . b . ai . bi . bi . a . a . b . ai . bi . a . a . b . ai . bi . a . b . b . a . a . bi . ai . bi . a . a . b . ai . b . a . bi . a . b . ai . bi . bi . a . a . b . ai . ai . bi . ai . ai . b . b . a . bi . ai . ai . b . b . a . bi . ai . ai . b . a . bi . ai . b . ai . bi . a . a . b . ai . bi . a . bi . ai . ai . b . a . bi . ai . ai . b . b . b . a . bi . a . b . ai . bi . bi . a . a . b . ai . ai . bi . ai . ai . b . b . b . a . bi . a . b . ai . bi . bi . a . a . b . ai . bi . a . a . b . ai . bi . a . b . ai . bi . a . b . ai . bi . a . b
Word length: 153 | Trace: 64417192942116199869355636624427650770525 | Word: b . a . a . bi . ai . bi . a . a . b . ai . b . a . bi . a . b . ai . bi . bi . a . a . b . ai . ai . bi . ai . ai . b . b . a . bi . ai . ai . b . b . a . bi . ai . ai . b . a . bi . ai . b . ai . bi . a . a . b . ai . bi . a . bi . ai . ai . b . a . bi . ai . ai . b . b . b . a . bi . a . b . ai . bi . bi . a . a . b . ai . ai . bi . ai . ai . b . b . b . a . bi . a . b . ai . bi . bi . a . a . b . ai . bi . a . a . b . ai . bi . a . b . a . b . ai . ai . bi . a . a . b . ai . bi . a . a . b . ai . bi . bi . a . a . b . ai . bi . bi . a . a . a . a . b . a . bi . ai . ai . ai . ai . b . b . a . bi . ai . ai . b . b . a . bi . ai . ai . b . a . bi . ai . ai . b . a . a . bi
Word length: 161 | Trace: -64417192942116199869355636624427650770525 | Word: b . a . a . bi . ai . bi . a . a . b . ai . b . a . bi . a . b . ai . bi . bi . a . a . b . ai . ai . bi . ai . ai . b . b . a . bi . ai . ai . b . b . a . bi . ai . ai . b . a . bi . ai . b . ai . bi . a . a . b . ai . bi . a . bi . ai . ai . b . a . bi . ai . ai . b . b . b . a . bi . a . b . ai . bi . bi . a . a . b . ai . ai . bi . ai . ai . b . b . b . a . bi . a . b . ai . bi . bi . a . a . b . ai . bi . a . a . b . ai . bi . a . b . ai . bi . a . b . ai . bi . a . b . a . b . ai . ai . bi . a . a . b . ai . bi . a . a . b . ai . bi . bi . a . a . b . ai . bi . bi . a . a . a . a . b . a . bi . ai . ai . ai . ai . b . b . a . bi . ai . ai . b . b . a . bi . ai . ai . b . a . bi . ai . ai . b . a . a . bi
Word length: 111 | Trace: -29597171696228020060794071 | Word: a . b . ai . ai . bi . a . a . b . ai . bi . a . a . b . ai . bi . bi . a . a . b . ai . bi . bi . a . a . a . a . b . a . bi . ai . ai . ai . ai . b . b . a . bi . ai . ai . b . b . a . bi . ai . ai . b . a . bi . ai . ai . b . a . a . bi . a . b . ai . ai . ai . bi . a . a . b . ai . bi . bi . a . a . b . ai . b . a . bi . a . b . ai . bi . bi . a . a . b . ai . ai . bi . ai . ai . b . b . a . bi . ai . ai . b . b . a . bi . ai . ai . b . a . bi . ai . ai . b . ai . bi . a . a . b . ai . bi
Word length: 115 | Trace: 29597171696228020060794071 | Word: a . b . ai . ai . bi . a . a . b . ai . bi . a . a . b . ai . bi . bi . a . a . b . ai . bi . bi . a . a . a . a . b . a . bi . ai . ai . ai . ai . b . b . a . bi . ai . ai . b . b . a . bi . ai . ai . b . a . bi . ai . ai . b . a . a . bi . a . b . ai . ai . ai . bi . a . a . b . ai . bi . bi . a . a . b . ai . b . a . bi . a . b . ai . bi . bi . a . a . b . ai . ai . bi . ai . ai . b . b . a . bi . ai . ai . b . b . a . bi . ai . ai . b . a . bi . ai . b . ai . bi . a . b . ai . ai . bi . a . a . b . ai . bi
Word length: 168 | Trace: -135239178959955446325324115222090286679 | Word: a . b . ai . ai . bi . a . a . b . ai . bi . a . a . b . ai . bi . bi . a . a . b . ai . bi . bi . a . a . a . a . b . a . bi . ai . ai . ai . ai . b . b . a . bi . ai . ai . b . b . a . bi . ai . ai . b . a . bi . ai . ai . b . a . a . bi . a . b . ai . ai . ai . bi . a . a . b . ai . bi . bi . a . a . b . ai . b . a . bi . a . b . ai . bi . bi . a . a . b . ai . ai . bi . ai . ai . b . b . a . bi . ai . ai . b . b . a . bi . ai . ai . b . a . bi . ai . ai . b . ai . bi . a . a . b . ai . bi . a . b . ai . ai . ai . bi . a . a . b . ai . bi . bi . a . a . b . ai . b . a . bi . a . b . ai . bi . bi . a . a . b . ai . ai . bi . ai . ai . b . b . a . bi . ai . ai . b . b . a . bi . ai . ai . b . a . bi . ai . ai . b . ai . bi . a . a . b . ai . bi
Word length: 172 | Trace: 135239178959955446325324115222090286679 | Word: a . b . ai . ai . bi . a . a . b . ai . bi . a . a . b . ai . bi . bi . a . a . b . ai . bi . bi . a . a . a . a . b . a . bi . ai . ai . ai . ai . b . b . a . bi . ai . ai . b . b . a . bi . ai . ai . b . a . bi . ai . ai . b . a . a . bi . a . b . ai . ai . ai . bi . a . a . b . ai . bi . bi . a . a . b . ai . b . a . bi . a . b . ai . bi . bi . a . a . b . ai . ai . bi . ai . ai . b . b . a . bi . ai . ai . b . b . a . bi . ai . ai . b . a . bi . ai . ai . b . ai . bi . a . a . b . ai . bi . a . b . ai . ai . ai . bi . a . a . b . ai . bi . bi . a . a . b . ai . b . a . bi . a . b . ai . bi . bi . a . a . b . ai . ai . bi . ai . ai . b . b . a . bi . ai . ai . b . b . a . bi . ai . ai . b . a . bi . ai . b . ai . bi . a . b . ai . ai . bi . a . a . b . ai . bi
Word length: 252 | Trace: 1228906763696264567574945670716156038220455946400868892502161378823486 | Word: a . b . ai . ai . bi . a . a . b . ai . bi . a . a . b . ai . bi . bi . a . a . b . ai . bi . bi . a . a . a . a . b . a . bi . ai . ai . ai . ai . b . b . a . bi . ai . ai . b . b . a . bi . ai . ai . b . a . bi . ai . ai . b . a . a . bi . a . b . a . a . bi . ai . bi . a . a . b . ai . bi . bi . a . a . b . a . a . bi . ai . ai . b . a . b . ai . ai . bi . a . bi . ai . ai . b . b . a . bi . ai . ai . b . a . bi . a . b . ai . bi . a . a . b . ai . bi . a . bi . ai . ai . b . a . bi . ai . ai . b . b . b . a . bi . a . b . ai . bi . bi . a . a . b . ai . ai . bi . ai . ai . b . b . b . a . bi . a . b . ai . bi . bi . a . a . b . ai . bi . a . a . b . ai . bi . a . a . b . b . a . a . bi . ai . bi . a . a . b . ai . bi . bi . a . a . b . a . a . bi . ai . ai . b . a . b . ai . ai . bi . a . bi . ai . ai . b . b . a . bi . ai . ai . b . a . bi . a . b . ai . bi . a . a . b . ai . bi . a . bi . ai . ai . b . a . bi . ai . ai . b . b . b . a . bi . a . b . ai . bi . bi . a . a . b . ai . ai . bi . ai . ai . b . b . b . a . bi . a . b . ai . bi . bi . a . a . b . ai . bi . a . a . b . ai . bi . a . a . b . ai
Word length: 260 | Trace: -1228906763696264567574945670716156038220455946400868892502161378823486 | Word: a . b . ai . ai . bi . a . a . b . ai . bi . a . a . b . ai . bi . bi . a . a . b . ai . bi . bi . a . a . a . a . b . a . bi . ai . ai . ai . ai . b . b . a . bi . ai . ai . b . b . a . bi . ai . ai . b . a . bi . ai . ai . b . a . a . bi . a . b . a . a . bi . ai . bi . a . a . b . ai . bi . bi . a . a . b . a . a . bi . ai . ai . b . a . b . ai . ai . bi . a . bi . ai . ai . b . b . a . bi . ai . ai . b . a . bi . a . b . ai . bi . a . a . b . ai . bi . a . bi . ai . ai . b . a . bi . ai . ai . b . b . b . a . bi . a . b . ai . bi . bi . a . a . b . ai . ai . bi . ai . ai . b . b . b . a . bi . a . b . ai . bi . bi . a . a . b . ai . bi . a . a . b . ai . bi . a . a . b . b . a . a . bi . ai . bi . a . a . b . ai . bi . bi . a . a . b . a . a . bi . ai . ai . b . a . b . ai . ai . bi . a . bi . ai . ai . b . b . a . bi . ai . ai . b . a . bi . a . b . ai . bi . a . a . b . ai . bi . a . bi . ai . ai . b . a . bi . ai . ai . b . b . b . a . bi . a . b . ai . bi . bi . a . a . b . ai . ai . bi . ai . ai . b . b . b . a . bi . a . b . ai . bi . bi . a . a . b . ai . bi . a . b . ai . bi . a . b . ai . bi . a . a . b . ai . bi . a . a . b . ai
Word length: 151 | Trace: 64417192942116199869355636624427650770525 | Word: a . b . ai . ai . bi . a . a . b . ai . bi . a . a . b . ai . bi . bi . a . a . b . ai . bi . bi . a . a . a . a . b . a . bi . ai . ai . ai . ai . b . b . a . bi . ai . ai . b . b . a . bi . ai . ai . b . a . bi . ai . ai . b . a . a . a . a . bi . ai . bi . a . a . b . ai . b . a . bi . a . b . ai . bi . bi . a . a . b . ai . ai . bi . ai . ai . b . b . a . bi . ai . ai . b . b . a . bi . ai . ai . b . a . bi . ai . b . ai . bi . a . a . b . ai . bi . a . bi . ai . ai . b . a . bi . ai . ai . b . b . b . a . bi . a . b . ai . bi . bi . a . a . b . ai . ai . bi . ai . ai . b . b . b . a . bi . a . b . ai . bi . bi . a . a . b . ai . bi . a . a . b . ai . bi . a . b
Word length: 159 | Trace: -64417192942116199869355636624427650770525 | Word: a . b . ai . ai . bi . a . a . b . ai . bi . a . a . b . ai . bi . bi . a . a . b . ai . bi . bi . a . a . a . a . b . a . bi . ai . ai . ai . ai . b . b . a . bi . ai . ai . b . b . a . bi . ai . ai . b . a . bi . ai . ai . b . a . a . a . a . bi . ai . bi . a . a . b . ai . b . a . bi . a . b . ai . bi . bi . a . a . b . ai . ai . bi . ai . ai . b . b . a . bi . ai . ai . b . b . a . bi . ai . ai . b . a . bi . ai . b . ai . bi . a . a . b . ai . bi . a . bi . ai . ai . b . a . bi . ai . ai . b . b . b . a . bi . a . b . ai . bi . bi . a . a . b . ai . ai . bi . ai . ai . b . b . b . a . bi . a . b . ai . bi . bi . a . a . b . ai . bi . a . a . b . ai . bi . a . b . ai . bi . a . b . ai . bi . a . b
Word length: 108 | Trace: 4240375612922971896138208898 | Word: a . b . ai . ai . bi . a . a . b . ai . bi . a . a . b . ai . bi . bi . a . a . b . ai . bi . bi . a . a . a . a . b . a . bi . ai . ai . ai . ai . b . b . a . bi . ai . ai . b . b . a . bi . ai . ai . b . a . bi . ai . ai . b . a . a . bi . a . b . ai . ai . bi . a . a . b . ai . bi . a . a . b . ai . bi . bi . a . a . b . ai . bi . bi . a . a . a . a . b . a . bi . ai . ai . ai . ai . b . b . a . bi . ai . ai . b . b . a . bi . ai . ai . b . a . bi . ai . ai . b . a . a . bi
Word length: 112 | Trace: -4240375612922971896138208898 | Word: a . b . ai . ai . bi . a . a . b . ai . bi . a . a . b . ai . bi . bi . a . a . b . ai . bi . bi . a . a . a . a . b . a . bi . ai . ai . ai . ai . b . b . a . bi . ai . ai . b . b . a . bi . ai . ai . b . a . bi . ai . ai . b . a . bi . a . b . ai . bi . a . a . b . ai . ai . bi . a . a . b . ai . bi . a . a . b . ai . bi . bi . a . a . b . ai . bi . bi . a . a . a . a . b . a . bi . ai . ai . ai . ai . b . b . a . bi . ai . ai . b . b . a . bi . ai . ai . b . a . bi . ai . ai . b . a . a . bi
