{"synthetic": false,
 "schemaVersion": "2025-09-10",
 "outputs":
 {"o": ["a095df7d1fb26151.olean"],
  "m": false,
  "i": "4b99cf1c9e763a1d.ilean",
  "c": "6a64aaf9c910ed46.c"},
 "log":
 [{"message":
   ".> LEAN_PATH=/Users/nicbrody/Dropbox/Code/nbrody.github.io/Lean/.lake/packages/Cli/.lake/build/lib/lean:/Users/nicbrody/Dropbox/Code/nbrody.github.io/Lean/.lake/packages/batteries/.lake/build/lib/lean:/Users/nicbrody/Dropbox/Code/nbrody.github.io/Lean/.lake/packages/Qq/.lake/build/lib/lean:/Users/nicbrody/Dropbox/Code/nbrody.github.io/Lean/.lake/packages/aesop/.lake/build/lib/lean:/Users/nicbrody/Dropbox/Code/nbrody.github.io/Lean/.lake/packages/proofwidgets/.lake/build/lib/lean:/Users/nicbrody/Dropbox/Code/nbrody.github.io/Lean/.lake/packages/importGraph/.lake/build/lib/lean:/Users/nicbrody/Dropbox/Code/nbrody.github.io/Lean/.lake/packages/LeanSearchClient/.lake/build/lib/lean:/Users/nicbrody/Dropbox/Code/nbrody.github.io/Lean/.lake/packages/plausible/.lake/build/lib/lean:/Users/nicbrody/Dropbox/Code/nbrody.github.io/Lean/.lake/packages/mathlib/.lake/build/lib/lean:/Users/nicbrody/Dropbox/Code/nbrody.github.io/Lean/.lake/build/lib/lean /Users/nicbrody/.elan/toolchains/leanprover--lean4---v4.30.0-rc2/bin/lean /Users/nicbrody/Dropbox/Code/nbrody.github.io/Lean/BorelHarishChandra/MainTheorem/Statement.lean -o /Users/nicbrody/Dropbox/Code/nbrody.github.io/Lean/.lake/build/lib/lean/BorelHarishChandra/MainTheorem/Statement.olean -i /Users/nicbrody/Dropbox/Code/nbrody.github.io/Lean/.lake/build/lib/lean/BorelHarishChandra/MainTheorem/Statement.ilean -c /Users/nicbrody/Dropbox/Code/nbrody.github.io/Lean/.lake/build/ir/BorelHarishChandra/MainTheorem/Statement.c --setup /Users/nicbrody/Dropbox/Code/nbrody.github.io/Lean/.lake/build/ir/BorelHarishChandra/MainTheorem/Statement.setup.json --json",
   "level": "trace"}],
 "inputs":
 [["BorelHarishChandra.MainTheorem.Statement:deps",
   [["deps",
     [["BorelHarishChandra/BorelHarishChandra:extraDep",
       [["@BorelHarishChandra:extraDep", "00000000000006bb"]]],
      ["imports",
       [["BorelHarishChandra.AlgebraicGroups.RationalCharacters transitive imports (legacy)",
         "d273fdb09e94d2ab"],
        ["BorelHarishChandra.AlgebraicGroups.RationalCharacters:importAllArts",
         "3529a183c42681b6"],
        ["BorelHarishChandra.ArithmeticSubgroups.IntegralPoints transitive imports (legacy)",
         "275cce6bc229c67b"],
        ["BorelHarishChandra.ArithmeticSubgroups.IntegralPoints:importAllArts",
         "e6ced43f16c5418c"],
        ["BorelHarishChandra.Lattices.FiniteCovolume transitive imports (legacy)",
         "cf4476483d266af2"],
        ["BorelHarishChandra.Lattices.FiniteCovolume:importAllArts",
         "950b3f06b3fefbdf"]]]]],
    ["libs",
     [["import dynlibs", "00000000000006bb"],
      ["package external libraries", "00000000000006bb"],
      ["module dynlibs", "00000000000006bb"],
      ["module plugins", "00000000000006bb"]]]]],
  ["Lean 4.30.0, commit 3dc1a088b6d2d8eafe25a7cd7ec7b58d731bd7cc",
   "2c8d2623007dfc36"],
  ["/Users/nicbrody/Dropbox/Code/nbrody.github.io/Lean/BorelHarishChandra/MainTheorem/Statement.lean",
   "39e52912c3d408c4"],
  ["options", "00000000000006bb"],
  ["isModule: false", "feefd2a0d3a1847e"],
  ["Module.name: BorelHarishChandra.MainTheorem.Statement", "42758520f04df319"],
  ["Package.id?: (some BorelHarishChandra)", "606961aab60ea16f"],
  ["Module.leanArgs: #[]", "00000000000006bb"]],
 "depHash": "a720efa83942a164"}