{"synthetic": false,
 "schemaVersion": "2025-09-10",
 "outputs":
 {"o": ["4c9a69981f8c8507.olean"],
  "m": false,
  "i": "75a437c916cd8dbf.ilean",
  "c": "ab772382d9811600.c"},
 "log":
 [{"message":
   ".> LEAN_PATH=/Users/nicbrody/Dropbox/Code/nbrody.github.io/Lean/.lake/packages/Cli/.lake/build/lib/lean:/Users/nicbrody/Dropbox/Code/nbrody.github.io/Lean/.lake/packages/batteries/.lake/build/lib/lean:/Users/nicbrody/Dropbox/Code/nbrody.github.io/Lean/.lake/packages/Qq/.lake/build/lib/lean:/Users/nicbrody/Dropbox/Code/nbrody.github.io/Lean/.lake/packages/aesop/.lake/build/lib/lean:/Users/nicbrody/Dropbox/Code/nbrody.github.io/Lean/.lake/packages/proofwidgets/.lake/build/lib/lean:/Users/nicbrody/Dropbox/Code/nbrody.github.io/Lean/.lake/packages/importGraph/.lake/build/lib/lean:/Users/nicbrody/Dropbox/Code/nbrody.github.io/Lean/.lake/packages/LeanSearchClient/.lake/build/lib/lean:/Users/nicbrody/Dropbox/Code/nbrody.github.io/Lean/.lake/packages/plausible/.lake/build/lib/lean:/Users/nicbrody/Dropbox/Code/nbrody.github.io/Lean/.lake/packages/mathlib/.lake/build/lib/lean:/Users/nicbrody/Dropbox/Code/nbrody.github.io/Lean/.lake/build/lib/lean /Users/nicbrody/.elan/toolchains/leanprover--lean4---v4.30.0-rc2/bin/lean /Users/nicbrody/Dropbox/Code/nbrody.github.io/Lean/BorelHarishChandra/Roadmap.lean -o /Users/nicbrody/Dropbox/Code/nbrody.github.io/Lean/.lake/build/lib/lean/BorelHarishChandra/Roadmap.olean -i /Users/nicbrody/Dropbox/Code/nbrody.github.io/Lean/.lake/build/lib/lean/BorelHarishChandra/Roadmap.ilean -c /Users/nicbrody/Dropbox/Code/nbrody.github.io/Lean/.lake/build/ir/BorelHarishChandra/Roadmap.c --setup /Users/nicbrody/Dropbox/Code/nbrody.github.io/Lean/.lake/build/ir/BorelHarishChandra/Roadmap.setup.json --json",
   "level": "trace"}],
 "inputs":
 [["BorelHarishChandra.Roadmap:deps",
   [["deps",
     [["BorelHarishChandra/BorelHarishChandra:extraDep",
       [["@BorelHarishChandra:extraDep", "00000000000006bb"]]],
      ["imports",
       [["BorelHarishChandra.MainTheorem.Statement transitive imports (legacy)",
         "575f0b4ecd25a197"],
        ["BorelHarishChandra.MainTheorem.Statement:importAllArts",
         "e0fb2b872acda69a"]]]]],
    ["libs",
     [["import dynlibs", "00000000000006bb"],
      ["package external libraries", "00000000000006bb"],
      ["module dynlibs", "00000000000006bb"],
      ["module plugins", "00000000000006bb"]]]]],
  ["Lean 4.30.0, commit 3dc1a088b6d2d8eafe25a7cd7ec7b58d731bd7cc",
   "2c8d2623007dfc36"],
  ["/Users/nicbrody/Dropbox/Code/nbrody.github.io/Lean/BorelHarishChandra/Roadmap.lean",
   "212ca6f120ddfcee"],
  ["options", "00000000000006bb"],
  ["isModule: false", "feefd2a0d3a1847e"],
  ["Module.name: BorelHarishChandra.Roadmap", "242a4ab9797485e0"],
  ["Package.id?: (some BorelHarishChandra)", "606961aab60ea16f"],
  ["Module.leanArgs: #[]", "00000000000006bb"]],
 "depHash": "e03b131d66de1cce"}