{"synthetic": false,
 "schemaVersion": "2025-09-10",
 "outputs":
 {"o": ["bd73b6c09d9f8da8.olean"],
  "m": false,
  "i": "d022afaa4bfac000.ilean",
  "c": "27421928d27764fd.c"},
 "log":
 [{"message":
   ".> LEAN_PATH=/Users/nicbrody/Dropbox/Code/nbrody.github.io/Lean/.lake/packages/Cli/.lake/build/lib/lean:/Users/nicbrody/Dropbox/Code/nbrody.github.io/Lean/.lake/packages/batteries/.lake/build/lib/lean:/Users/nicbrody/Dropbox/Code/nbrody.github.io/Lean/.lake/packages/Qq/.lake/build/lib/lean:/Users/nicbrody/Dropbox/Code/nbrody.github.io/Lean/.lake/packages/aesop/.lake/build/lib/lean:/Users/nicbrody/Dropbox/Code/nbrody.github.io/Lean/.lake/packages/proofwidgets/.lake/build/lib/lean:/Users/nicbrody/Dropbox/Code/nbrody.github.io/Lean/.lake/packages/importGraph/.lake/build/lib/lean:/Users/nicbrody/Dropbox/Code/nbrody.github.io/Lean/.lake/packages/LeanSearchClient/.lake/build/lib/lean:/Users/nicbrody/Dropbox/Code/nbrody.github.io/Lean/.lake/packages/plausible/.lake/build/lib/lean:/Users/nicbrody/Dropbox/Code/nbrody.github.io/Lean/.lake/packages/mathlib/.lake/build/lib/lean:/Users/nicbrody/Dropbox/Code/nbrody.github.io/Lean/.lake/build/lib/lean /Users/nicbrody/.elan/toolchains/leanprover--lean4---v4.30.0-rc2/bin/lean /Users/nicbrody/Dropbox/Code/nbrody.github.io/Lean/BorelHarishChandra/LieGroups/RealPoints.lean -o /Users/nicbrody/Dropbox/Code/nbrody.github.io/Lean/.lake/build/lib/lean/BorelHarishChandra/LieGroups/RealPoints.olean -i /Users/nicbrody/Dropbox/Code/nbrody.github.io/Lean/.lake/build/lib/lean/BorelHarishChandra/LieGroups/RealPoints.ilean -c /Users/nicbrody/Dropbox/Code/nbrody.github.io/Lean/.lake/build/ir/BorelHarishChandra/LieGroups/RealPoints.c --setup /Users/nicbrody/Dropbox/Code/nbrody.github.io/Lean/.lake/build/ir/BorelHarishChandra/LieGroups/RealPoints.setup.json --json",
   "level": "trace"}],
 "inputs":
 [["BorelHarishChandra.LieGroups.RealPoints:deps",
   [["deps",
     [["BorelHarishChandra/BorelHarishChandra:extraDep",
       [["@BorelHarishChandra:extraDep", "00000000000006bb"]]],
      ["imports",
       [["BorelHarishChandra.AlgebraicGroups.LinearAlgebraicGroups transitive imports (legacy)",
         "11c0caab18c4aea9"],
        ["BorelHarishChandra.AlgebraicGroups.LinearAlgebraicGroups:importAllArts",
         "d73d7513b07df8b1"],
        ["BorelHarishChandra.Prerequisites.TopologyMeasure transitive imports (legacy)",
         "adbacdc64f7bf2db"],
        ["BorelHarishChandra.Prerequisites.TopologyMeasure:importAllArts",
         "c9fc676c8f15fbf9"]]]]],
    ["libs",
     [["import dynlibs", "00000000000006bb"],
      ["package external libraries", "00000000000006bb"],
      ["module dynlibs", "00000000000006bb"],
      ["module plugins", "00000000000006bb"]]]]],
  ["Lean 4.30.0, commit 3dc1a088b6d2d8eafe25a7cd7ec7b58d731bd7cc",
   "2c8d2623007dfc36"],
  ["/Users/nicbrody/Dropbox/Code/nbrody.github.io/Lean/BorelHarishChandra/LieGroups/RealPoints.lean",
   "4752c18d6ff3c90c"],
  ["options", "00000000000006bb"],
  ["isModule: false", "feefd2a0d3a1847e"],
  ["Module.name: BorelHarishChandra.LieGroups.RealPoints", "1acef9720cea8c74"],
  ["Package.id?: (some BorelHarishChandra)", "606961aab60ea16f"],
  ["Module.leanArgs: #[]", "00000000000006bb"]],
 "depHash": "224ab3da6387d36d"}