{"synthetic": false,
 "schemaVersion": "2025-09-10",
 "outputs":
 {"o": ["7ba8d84779506472.olean"],
  "m": false,
  "i": "6f8b4b3ce5bd854e.ilean",
  "c": "1e15a79d28db541f.c"},
 "log":
 [{"message":
   ".> LEAN_PATH=/Users/nicbrody/Dropbox/Code/nbrody.github.io/Lean/.lake/packages/Cli/.lake/build/lib/lean:/Users/nicbrody/Dropbox/Code/nbrody.github.io/Lean/.lake/packages/batteries/.lake/build/lib/lean:/Users/nicbrody/Dropbox/Code/nbrody.github.io/Lean/.lake/packages/Qq/.lake/build/lib/lean:/Users/nicbrody/Dropbox/Code/nbrody.github.io/Lean/.lake/packages/aesop/.lake/build/lib/lean:/Users/nicbrody/Dropbox/Code/nbrody.github.io/Lean/.lake/packages/proofwidgets/.lake/build/lib/lean:/Users/nicbrody/Dropbox/Code/nbrody.github.io/Lean/.lake/packages/importGraph/.lake/build/lib/lean:/Users/nicbrody/Dropbox/Code/nbrody.github.io/Lean/.lake/packages/LeanSearchClient/.lake/build/lib/lean:/Users/nicbrody/Dropbox/Code/nbrody.github.io/Lean/.lake/packages/plausible/.lake/build/lib/lean:/Users/nicbrody/Dropbox/Code/nbrody.github.io/Lean/.lake/packages/mathlib/.lake/build/lib/lean:/Users/nicbrody/Dropbox/Code/nbrody.github.io/Lean/.lake/build/lib/lean /Users/nicbrody/.elan/toolchains/leanprover--lean4---v4.30.0-rc2/bin/lean /Users/nicbrody/Dropbox/Code/nbrody.github.io/Lean/BorelHarishChandra/Prerequisites/TopologyMeasure.lean -o /Users/nicbrody/Dropbox/Code/nbrody.github.io/Lean/.lake/build/lib/lean/BorelHarishChandra/Prerequisites/TopologyMeasure.olean -i /Users/nicbrody/Dropbox/Code/nbrody.github.io/Lean/.lake/build/lib/lean/BorelHarishChandra/Prerequisites/TopologyMeasure.ilean -c /Users/nicbrody/Dropbox/Code/nbrody.github.io/Lean/.lake/build/ir/BorelHarishChandra/Prerequisites/TopologyMeasure.c --setup /Users/nicbrody/Dropbox/Code/nbrody.github.io/Lean/.lake/build/ir/BorelHarishChandra/Prerequisites/TopologyMeasure.setup.json --json",
   "level": "trace"}],
 "inputs":
 [["BorelHarishChandra.Prerequisites.TopologyMeasure:deps",
   [["deps",
     [["BorelHarishChandra/BorelHarishChandra:extraDep",
       [["@BorelHarishChandra:extraDep", "00000000000006bb"]]],
      ["imports",
       [["BorelHarishChandra.Basic transitive imports (legacy)",
         "501b176b2a3a1dcc"],
        ["BorelHarishChandra.Basic:importAllArts", "ef3488f3562f9d45"]]]]],
    ["libs",
     [["import dynlibs", "00000000000006bb"],
      ["package external libraries", "00000000000006bb"],
      ["module dynlibs", "00000000000006bb"],
      ["module plugins", "00000000000006bb"]]]]],
  ["Lean 4.30.0, commit 3dc1a088b6d2d8eafe25a7cd7ec7b58d731bd7cc",
   "2c8d2623007dfc36"],
  ["/Users/nicbrody/Dropbox/Code/nbrody.github.io/Lean/BorelHarishChandra/Prerequisites/TopologyMeasure.lean",
   "86e6e6890c5c11ea"],
  ["options", "00000000000006bb"],
  ["isModule: false", "feefd2a0d3a1847e"],
  ["Module.name: BorelHarishChandra.Prerequisites.TopologyMeasure",
   "f44f0960f00932e4"],
  ["Package.id?: (some BorelHarishChandra)", "606961aab60ea16f"],
  ["Module.leanArgs: #[]", "00000000000006bb"]],
 "depHash": "7bcddebb70d97a2c"}